000.000 =============================================================
000.000                     Station B                               
000.000 -------------------------------------------------------------
000.000 Protocol.lib, version 4.0, jiangyanjun0718@bupt.edu.cn
000.000 Channel: 8000 bps, 270 ms propagation delay, bit error rate 1.0E-004
000.000 Log file "datalink-B.log", TCP port 59144, debug mask 0x00
000.000 Station B is connecting station A (TCP port 59144) ... Done.
000.895 New epoch: Tue May 04 14:13:15 2021
000.896 =================================================================
000.897 
000.898 Designed by wjj, build: May  4 2021  11:51:48
003.299 .... 8 packets received, 7652 bps, 95.66%, Err 2 (1.1e-004)
006.481 .... 12 packets received, 4617 bps, 57.71%, Err 4 (9.0e-005)
008.595 .... 24 packets received, 6609 bps, 82.61%, Err 5 (8.1e-005)
013.889 .... 28 packets received, 4504 bps, 56.30%, Err 11 (1.1e-004)
017.847 .... 32 packets received, 3927 bps, 49.09%, Err 14 (1.0e-004)
019.990 .... 48 packets received, 5220 bps, 65.25%, Err 15 (9.8e-005)
023.190 .... 52 packets received, 4834 bps, 60.42%, Err 19 (1.1e-004)
027.138 .... 58 packets received, 4572 bps, 57.15%, Err 22 (1.0e-004)
029.780 .... 60 packets received, 4293 bps, 53.67%, Err 24 (1.0e-004)
033.230 .... 76 packets received, 4853 bps, 60.66%, Err 25 (9.7e-005)
036.165 .... 85 packets received, 4973 bps, 62.16%, Err 30 (1.1e-004)
039.598 .... 87 packets received, 4635 bps, 57.94%, Err 34 (1.1e-004)
042.759 .... 93 packets received, 4578 bps, 57.23%, Err 38 (1.1e-004)
044.883 .... 106 packets received, 4965 bps, 62.06%, Err 39 (1.1e-004)
047.019 .... 113 packets received, 5046 bps, 63.08%, Err 39 (1.1e-004)
049.401 .... 117 packets received, 4967 bps, 62.09%, Err 41 (1.1e-004)
052.295 .... 127 packets received, 5086 bps, 63.58%, Err 42 (1.0e-004)
054.422 .... 137 packets received, 5268 bps, 65.85%, Err 43 (1.0e-004)
058.667 .... 140 packets received, 4986 bps, 62.32%, Err 52 (1.1e-004)
061.826 .... 148 packets received, 4996 bps, 62.45%, Err 53 (1.1e-004)
067.390 .... 157 packets received, 4855 bps, 60.68%, Err 59 (1.1e-004)
070.820 .... 165 packets received, 4851 bps, 60.64%, Err 62 (1.1e-004)
074.277 .... 167 packets received, 4678 bps, 58.47%, Err 65 (1.1e-004)
077.435 .... 181 packets received, 4860 bps, 60.75%, Err 67 (1.1e-004)
080.888 .... 183 packets received, 4701 bps, 58.76%, Err 72 (1.1e-004)
084.104 .... 188 packets received, 4642 bps, 58.02%, Err 74 (1.1e-004)
086.205 .... 200 packets received, 4816 bps, 60.20%, Err 74 (1.1e-004)
088.309 .... 208 packets received, 4888 bps, 61.10%, Err 76 (1.1e-004)
091.765 .... 211 packets received, 4769 bps, 59.62%, Err 78 (1.1e-004)
094.423 .... 222 packets received, 4875 bps, 60.94%, Err 80 (1.1e-004)
096.545 .... 230 packets received, 4938 bps, 61.73%, Err 80 (1.0e-004)
099.178 .... 236 packets received, 4931 bps, 61.64%, Err 81 (1.0e-004)
101.297 .... 243 packets received, 4970 bps, 62.12%, Err 83 (1.0e-004)
103.931 .... 249 packets received, 4962 bps, 62.02%, Err 84 (1.0e-004)
106.877 .... 259 packets received, 5017 bps, 62.72%, Err 86 (1.0e-004)
108.983 .... 266 packets received, 5052 bps, 63.15%, Err 89 (1.0e-004)
111.118 .... 277 packets received, 5159 bps, 64.49%, Err 89 (1.0e-004)
113.224 .... 282 packets received, 5154 bps, 64.42%, Err 91 (1.0e-004)
115.629 .... 286 packets received, 5117 bps, 63.96%, Err 92 (1.0e-004)
117.738 .... 296 packets received, 5200 bps, 65.00%, Err 92 (9.8e-005)
120.644 .... 299 packets received, 5125 bps, 64.06%, Err 96 (1.0e-004)
123.832 .... 303 packets received, 5058 bps, 63.23%, Err 98 (1.0e-004)
125.928 .... 310 packets received, 5088 bps, 63.61%, Err 100 (1.0e-004)
128.597 .... 314 packets received, 5046 bps, 63.08%, Err 103 (1.0e-004)
131.759 .... 316 packets received, 4955 bps, 61.94%, Err 105 (1.0e-004)
133.895 .... 327 packets received, 5045 bps, 63.07%, Err 105 (9.9e-005)
138.931 .... 333 packets received, 4950 bps, 61.88%, Err 113 (1.0e-004)
142.115 .... 342 packets received, 4969 bps, 62.11%, Err 116 (1.0e-004)
145.045 .... 344 packets received, 4896 bps, 61.20%, Err 117 (1.0e-004)
147.702 .... 354 packets received, 4947 bps, 61.84%, Err 119 (1.0e-004)
150.865 .... 361 packets received, 4938 bps, 61.73%, Err 122 (1.0e-004)
153.805 .... 371 packets received, 4978 bps, 62.22%, Err 125 (1.0e-004)
156.730 .... 373 packets received, 4910 bps, 61.38%, Err 127 (1.0e-004)
159.341 .... 377 packets received, 4881 bps, 61.01%, Err 131 (1.0e-004)
164.438 .... 386 packets received, 4842 bps, 60.52%, Err 135 (1.0e-004)
169.952 .... 401 packets received, 4865 bps, 60.82%, Err 140 (1.0e-004)
172.586 .... 411 packets received, 4910 bps, 61.38%, Err 141 (1.0e-004)
174.711 .... 418 packets received, 4933 bps, 61.66%, Err 142 (1.0e-004)
177.114 .... 422 packets received, 4912 bps, 61.40%, Err 145 (1.0e-004)
179.757 .... 428 packets received, 4908 bps, 61.35%, Err 150 (1.0e-004)
182.651 .... 431 packets received, 4863 bps, 60.79%, Err 151 (1.0e-004)
184.784 .... 440 packets received, 4907 bps, 61.34%, Err 152 (1.0e-004)
187.728 .... 443 packets received, 4863 bps, 60.79%, Err 155 (1.0e-004)
189.835 .... 456 packets received, 4950 bps, 61.87%, Err 156 (1.0e-004)
193.010 .... 462 packets received, 4932 bps, 61.65%, Err 159 (1.0e-004)
195.664 .... 469 packets received, 4938 bps, 61.73%, Err 161 (1.0e-004)
197.787 .... 479 packets received, 4989 bps, 62.36%, Err 161 (1.0e-004)
203.358 .... 486 packets received, 4922 bps, 61.53%, Err 168 (1.0e-004)
207.313 .... 496 packets received, 4927 bps, 61.59%, Err 170 (1.0e-004)
209.445 .... 503 packets received, 4946 bps, 61.82%, Err 171 (1.0e-004)
212.363 .... 514 packets received, 4984 bps, 62.30%, Err 173 (1.0e-004)
215.004 .... 523 packets received, 5009 bps, 62.61%, Err 174 (1.0e-004)
219.773 .... 531 packets received, 4974 bps, 62.18%, Err 180 (1.0e-004)
222.693 .... 537 packets received, 4964 bps, 62.05%, Err 182 (1.0e-004)
224.827 .... 548 packets received, 5018 bps, 62.72%, Err 182 (1.0e-004)
227.983 .... 554 packets received, 5002 bps, 62.53%, Err 183 (1.0e-004)
230.087 .... 564 packets received, 5046 bps, 63.07%, Err 183 (1.0e-004)
232.988 .... 571 packets received, 5044 bps, 63.05%, Err 184 (9.9e-005)
235.108 .... 582 packets received, 5095 bps, 63.69%, Err 185 (9.9e-005)
237.811 .... 584 packets received, 5054 bps, 63.17%, Err 188 (9.9e-005)
240.951 .... 589 packets received, 5030 bps, 62.88%, Err 192 (1.0e-004)
243.091 .... 597 packets received, 5054 bps, 63.17%, Err 194 (1.0e-004)
245.197 .... 603 packets received, 5060 bps, 63.26%, Err 194 (9.9e-005)
250.223 .... 607 packets received, 4991 bps, 62.39%, Err 199 (1.0e-004)
254.473 .... 618 packets received, 4996 bps, 62.46%, Err 204 (1.0e-004)
257.360 .... 628 packets received, 5020 bps, 62.75%, Err 206 (1.0e-004)
260.822 .... 629 packets received, 4961 bps, 62.01%, Err 211 (1.0e-004)
263.476 .... 636 packets received, 4965 bps, 62.07%, Err 214 (1.0e-004)
266.658 .... 644 packets received, 4968 bps, 62.10%, Err 219 (1.0e-004)
268.748 .... 653 packets received, 4998 bps, 62.47%, Err 220 (1.0e-004)
270.876 .... 660 packets received, 5011 bps, 62.64%, Err 220 (1.0e-004)
273.021 .... 664 packets received, 5002 bps, 62.53%, Err 221 (1.0e-004)
275.664 .... 673 packets received, 5021 bps, 62.76%, Err 224 (1.0e-004)
278.303 .... 678 packets received, 5010 bps, 62.63%, Err 226 (1.0e-004)
281.204 .... 689 packets received, 5039 bps, 62.98%, Err 228 (1.0e-004)
284.396 .... 696 packets received, 5033 bps, 62.91%, Err 230 (1.0e-004)
287.341 .... 703 packets received, 5031 bps, 62.89%, Err 233 (1.0e-004)
290.209 .... 710 packets received, 5031 bps, 62.88%, Err 237 (1.0e-004)
293.147 .... 720 packets received, 5050 bps, 63.13%, Err 239 (1.0e-004)
295.253 .... 729 packets received, 5077 bps, 63.46%, Err 239 (1.0e-004)
297.372 .... 735 packets received, 5082 bps, 63.52%, Err 242 (1.0e-004)
300.552 .... 743 packets received, 5082 bps, 63.53%, Err 243 (1.0e-004)
302.676 .... 750 packets received, 5094 bps, 63.68%, Err 247 (1.0e-004)
305.852 .... 753 packets received, 5061 bps, 63.27%, Err 250 (1.0e-004)
308.532 .... 758 packets received, 5050 bps, 63.13%, Err 251 (1.0e-004)
310.635 .... 768 packets received, 5082 bps, 63.53%, Err 251 (1.0e-004)
312.739 .... 774 packets received, 5087 bps, 63.59%, Err 252 (1.0e-004)
315.931 .... 780 packets received, 5075 bps, 63.44%, Err 254 (1.0e-004)
318.056 .... 791 packets received, 5112 bps, 63.90%, Err 254 (1.0e-004)
320.181 .... 799 packets received, 5129 bps, 64.12%, Err 254 (9.9e-005)
324.159 .... 801 packets received, 5079 bps, 63.48%, Err 257 (9.9e-005)
328.129 .... 812 packets received, 5086 bps, 63.58%, Err 262 (1.0e-004)
331.317 .... 826 packets received, 5124 bps, 64.05%, Err 264 (1.0e-004)
334.006 .... 833 packets received, 5125 bps, 64.07%, Err 266 (1.0e-004)
336.091 .... 845 packets received, 5167 bps, 64.59%, Err 266 (9.9e-005)
338.757 .... 851 packets received, 5162 bps, 64.53%, Err 269 (1.0e-004)
340.895 .... 862 packets received, 5196 bps, 64.95%, Err 269 (9.9e-005)
344.320 .... 866 packets received, 5168 bps, 64.60%, Err 275 (1.0e-004)
346.948 .... 870 packets received, 5153 bps, 64.41%, Err 278 (1.0e-004)
349.622 .... 872 packets received, 5125 bps, 64.06%, Err 280 (1.0e-004)
352.806 .... 880 packets received, 5125 bps, 64.06%, Err 282 (1.0e-004)
357.029 .... 888 packets received, 5110 bps, 63.88%, Err 287 (1.0e-004)
360.524 .... 895 packets received, 5101 bps, 63.76%, Err 288 (1.0e-004)
363.151 .... 902 packets received, 5103 bps, 63.79%, Err 290 (1.0e-004)
365.272 .... 914 packets received, 5141 bps, 64.26%, Err 291 (1.0e-004)
368.418 .... 920 packets received, 5130 bps, 64.13%, Err 295 (1.0e-004)
370.547 .... 931 packets received, 5162 bps, 64.52%, Err 295 (1.0e-004)
372.664 .... 937 packets received, 5165 bps, 64.57%, Err 298 (1.0e-004)
374.765 .... 944 packets received, 5175 bps, 64.68%, Err 299 (1.0e-004)
376.899 .... 952 packets received, 5189 bps, 64.86%, Err 299 (9.9e-005)
382.206 .... 958 packets received, 5149 bps, 64.36%, Err 304 (1.0e-004)
384.592 .... 966 packets received, 5160 bps, 64.50%, Err 308 (1.0e-004)
387.213 .... 972 packets received, 5156 bps, 64.46%, Err 309 (1.0e-004)
390.124 .... 983 packets received, 5176 bps, 64.70%, Err 311 (1.0e-004)
392.302 .... 990 packets received, 5184 bps, 64.79%, Err 313 (1.0e-004)
394.387 .... 1000 packets received, 5208 bps, 65.10%, Err 315 (1.0e-004)
397.829 .... 1008 packets received, 5204 bps, 65.05%, Err 317 (1.0e-004)
401.825 .... 1014 packets received, 5183 bps, 64.79%, Err 321 (1.0e-004)
404.993 .... 1025 packets received, 5198 bps, 64.98%, Err 322 (1.0e-004)
407.098 .... 1031 packets received, 5201 bps, 65.02%, Err 325 (1.0e-004)
409.228 .... 1038 packets received, 5209 bps, 65.12%, Err 327 (1.0e-004)
412.425 .... 1048 packets received, 5219 bps, 65.23%, Err 330 (1.0e-004)
415.321 .... 1051 packets received, 5197 bps, 64.96%, Err 330 (1.0e-004)
417.450 .... 1064 packets received, 5234 bps, 65.43%, Err 330 (9.9e-005)
419.552 .... 1071 packets received, 5242 bps, 65.53%, Err 331 (9.9e-005)
421.701 .... 1078 packets received, 5250 bps, 65.62%, Err 334 (9.9e-005)
424.333 .... 1083 packets received, 5241 bps, 65.52%, Err 335 (9.9e-005)
428.551 .... 1089 packets received, 5218 bps, 65.23%, Err 339 (9.9e-005)
430.717 .... 1102 packets received, 5254 bps, 65.67%, Err 342 (9.9e-005)
432.800 .... 1105 packets received, 5243 bps, 65.54%, Err 343 (9.9e-005)
434.956 .... 1117 packets received, 5273 bps, 65.92%, Err 343 (9.9e-005)
438.125 .... 1124 packets received, 5268 bps, 65.85%, Err 347 (9.9e-005)
442.883 .... 1131 packets received, 5244 bps, 65.55%, Err 353 (1.0e-004)
445.786 .... 1144 packets received, 5269 bps, 65.87%, Err 356 (1.0e-004)
448.192 .... 1152 packets received, 5278 bps, 65.97%, Err 359 (1.0e-004)
451.605 .... 1155 packets received, 5251 bps, 65.64%, Err 362 (1.0e-004)
454.521 .... 1161 packets received, 5245 bps, 65.56%, Err 363 (1.0e-004)
456.641 .... 1172 packets received, 5270 bps, 65.87%, Err 363 (1.0e-004)
459.551 .... 1177 packets received, 5259 bps, 65.73%, Err 367 (1.0e-004)
462.211 .... 1179 packets received, 5237 bps, 65.46%, Err 370 (1.0e-004)
464.870 .... 1186 packets received, 5238 bps, 65.48%, Err 372 (1.0e-004)
467.758 .... 1189 packets received, 5219 bps, 65.23%, Err 374 (1.0e-004)
471.225 .... 1199 packets received, 5224 bps, 65.30%, Err 375 (1.0e-004)
473.364 .... 1210 packets received, 5248 bps, 65.60%, Err 378 (1.0e-004)
475.994 .... 1214 packets received, 5236 bps, 65.45%, Err 380 (1.0e-004)
478.640 .... 1216 packets received, 5216 bps, 65.20%, Err 383 (1.0e-004)
481.280 .... 1226 packets received, 5230 bps, 65.37%, Err 386 (1.0e-004)
484.731 .... 1234 packets received, 5226 bps, 65.33%, Err 389 (1.0e-004)
487.660 .... 1236 packets received, 5203 bps, 65.04%, Err 393 (1.0e-004)
490.834 .... 1244 packets received, 5203 bps, 65.04%, Err 395 (1.0e-004)
492.936 .... 1253 packets received, 5218 bps, 65.23%, Err 395 (1.0e-004)
495.852 .... 1258 packets received, 5208 bps, 65.10%, Err 399 (1.0e-004)
498.513 .... 1261 packets received, 5193 bps, 64.91%, Err 399 (1.0e-004)
500.617 .... 1272 packets received, 5216 bps, 65.20%, Err 400 (1.0e-004)
502.747 .... 1279 packets received, 5222 bps, 65.28%, Err 402 (1.0e-004)
505.391 .... 1282 packets received, 5207 bps, 65.09%, Err 405 (1.0e-004)
508.038 .... 1288 packets received, 5204 bps, 65.05%, Err 405 (1.0e-004)
510.175 .... 1300 packets received, 5230 bps, 65.38%, Err 407 (1.0e-004)
514.162 .... 1302 packets received, 5198 bps, 64.97%, Err 413 (1.0e-004)
517.315 .... 1310 packets received, 5198 bps, 64.97%, Err 415 (1.0e-004)
519.459 .... 1319 packets received, 5212 bps, 65.15%, Err 415 (1.0e-004)
521.584 .... 1327 packets received, 5222 bps, 65.28%, Err 415 (1.0e-004)
525.790 .... 1329 packets received, 5188 bps, 64.85%, Err 423 (1.0e-004)
528.993 .... 1338 packets received, 5191 bps, 64.89%, Err 424 (1.0e-004)
531.640 .... 1345 packets received, 5193 bps, 64.91%, Err 427 (1.0e-004)
533.785 .... 1356 packets received, 5214 bps, 65.17%, Err 427 (1.0e-004)
535.905 .... 1364 packets received, 5224 bps, 65.30%, Err 428 (1.0e-004)
538.819 .... 1367 packets received, 5207 bps, 65.09%, Err 433 (1.0e-004)
541.715 .... 1372 packets received, 5198 bps, 64.98%, Err 434 (1.0e-004)
544.874 .... 1384 packets received, 5213 bps, 65.16%, Err 436 (1.0e-004)
548.588 .... 1388 packets received, 5193 bps, 64.91%, Err 440 (1.0e-004)
552.022 .... 1394 packets received, 5183 bps, 64.78%, Err 442 (1.0e-004)
556.278 .... 1402 packets received, 5172 bps, 64.65%, Err 446 (1.0e-004)
559.689 .... 1410 packets received, 5170 bps, 64.63%, Err 448 (1.0e-004)
561.821 .... 1419 packets received, 5183 bps, 64.79%, Err 449 (1.0e-004)
563.953 .... 1425 packets received, 5186 bps, 64.82%, Err 450 (1.0e-004)
566.352 .... 1432 packets received, 5189 bps, 64.86%, Err 451 (1.0e-004)
571.912 .... 1438 packets received, 5160 bps, 64.50%, Err 458 (1.0e-004)
575.091 .... 1442 packets received, 5146 bps, 64.32%, Err 462 (1.0e-004)
577.229 .... 1455 packets received, 5173 bps, 64.66%, Err 462 (1.0e-004)
579.859 .... 1461 packets received, 5170 bps, 64.63%, Err 464 (1.0e-004)
582.513 .... 1467 packets received, 5168 bps, 64.60%, Err 467 (1.0e-004)
586.213 .... 1473 packets received, 5156 bps, 64.45%, Err 472 (1.0e-004)
589.129 .... 1480 packets received, 5155 bps, 64.44%, Err 474 (1.0e-004)
592.301 .... 1485 packets received, 5145 bps, 64.31%, Err 475 (1.0e-004)
594.977 .... 1498 packets received, 5166 bps, 64.58%, Err 475 (1.0e-004)
597.618 .... 1503 packets received, 5161 bps, 64.51%, Err 478 (1.0e-004)
599.736 .... 1512 packets received, 5173 bps, 64.67%, Err 480 (1.0e-004)
603.458 .... 1513 packets received, 5145 bps, 64.31%, Err 484 (1.0e-004)
606.600 .... 1524 packets received, 5155 bps, 64.44%, Err 485 (1.0e-004)
608.761 .... 1535 packets received, 5174 bps, 64.67%, Err 485 (1.0e-004)
614.025 .... 1540 packets received, 5146 bps, 64.33%, Err 493 (1.0e-004)
617.182 .... 1548 packets received, 5146 bps, 64.33%, Err 494 (1.0e-004)
620.367 .... 1557 packets received, 5150 bps, 64.37%, Err 496 (1.0e-004)
622.472 .... 1567 packets received, 5165 bps, 64.57%, Err 497 (1.0e-004)
624.859 .... 1571 packets received, 5159 bps, 64.48%, Err 498 (1.0e-004)
627.009 .... 1583 packets received, 5180 bps, 64.75%, Err 498 (9.9e-005)
629.376 .... 1587 packets received, 5174 bps, 64.67%, Err 500 (9.9e-005)
632.794 .... 1591 packets received, 5159 bps, 64.48%, Err 501 (9.9e-005)
636.526 .... 1605 packets received, 5173 bps, 64.67%, Err 505 (9.9e-005)
639.715 .... 1612 packets received, 5170 bps, 64.63%, Err 506 (9.9e-005)
641.824 .... 1619 packets received, 5175 bps, 64.69%, Err 512 (1.0e-004)
645.006 .... 1623 packets received, 5163 bps, 64.53%, Err 513 (1.0e-004)
647.114 .... 1636 packets received, 5187 bps, 64.84%, Err 514 (9.9e-005)
651.356 .... 1638 packets received, 5159 bps, 64.49%, Err 520 (1.0e-004)
654.783 .... 1645 packets received, 5154 bps, 64.43%, Err 522 (1.0e-004)
657.976 .... 1654 packets received, 5157 bps, 64.47%, Err 526 (1.0e-004)
661.178 .... 1663 packets received, 5160 bps, 64.50%, Err 528 (1.0e-004)
663.822 .... 1666 packets received, 5149 bps, 64.36%, Err 530 (1.0e-004)
667.247 .... 1675 packets received, 5150 bps, 64.38%, Err 533 (1.0e-004)
671.529 .... 1685 packets received, 5148 bps, 64.35%, Err 535 (1.0e-004)
673.899 .... 1696 packets received, 5163 bps, 64.54%, Err 536 (1.0e-004)
676.027 .... 1701 packets received, 5162 bps, 64.52%, Err 536 (9.9e-005)
678.644 .... 1705 packets received, 5154 bps, 64.43%, Err 540 (1.0e-004)
682.114 .... 1707 packets received, 5134 bps, 64.17%, Err 543 (1.0e-004)
685.284 .... 1711 packets received, 5122 bps, 64.03%, Err 544 (9.9e-005)
688.503 .... 1723 packets received, 5134 bps, 64.17%, Err 547 (9.9e-005)
691.893 .... 1732 packets received, 5135 bps, 64.19%, Err 548 (9.9e-005)
695.341 .... 1744 packets received, 5145 bps, 64.32%, Err 554 (1.0e-004)
698.544 .... 1748 packets received, 5133 bps, 64.17%, Err 559 (1.0e-004)
704.652 .... 1753 packets received, 5103 bps, 63.79%, Err 565 (1.0e-004)
708.327 .... 1766 packets received, 5114 bps, 63.93%, Err 567 (1.0e-004)
710.448 .... 1776 packets received, 5128 bps, 64.10%, Err 567 (1.0e-004)
714.719 .... 1778 packets received, 5103 bps, 63.79%, Err 573 (1.0e-004)
717.899 .... 1788 packets received, 5109 bps, 63.86%, Err 573 (1.0e-004)
720.030 .... 1798 packets received, 5122 bps, 64.03%, Err 574 (1.0e-004)
723.186 .... 1802 packets received, 5111 bps, 63.89%, Err 579 (1.0e-004)
726.126 .... 1805 packets received, 5099 bps, 63.74%, Err 581 (1.0e-004)
728.475 .... 1814 packets received, 5108 bps, 63.85%, Err 583 (1.0e-004)
730.853 .... 1818 packets received, 5102 bps, 63.78%, Err 585 (1.0e-004)
733.526 .... 1825 packets received, 5103 bps, 63.79%, Err 588 (1.0e-004)
736.712 .... 1829 packets received, 5092 bps, 63.66%, Err 590 (1.0e-004)
739.122 .... 1837 packets received, 5098 bps, 63.73%, Err 591 (1.0e-004)
741.208 .... 1843 packets received, 5100 bps, 63.75%, Err 591 (1.0e-004)
743.314 .... 1849 packets received, 5102 bps, 63.78%, Err 593 (1.0e-004)
745.952 .... 1854 packets received, 5098 bps, 63.73%, Err 596 (1.0e-004)
748.601 .... 1857 packets received, 5088 bps, 63.60%, Err 600 (1.0e-004)
751.258 .... 1861 packets received, 5081 bps, 63.51%, Err 602 (1.0e-004)
754.187 .... 1868 packets received, 5080 bps, 63.50%, Err 605 (1.0e-004)
757.086 .... 1875 packets received, 5080 bps, 63.50%, Err 606 (1.0e-004)
759.246 .... 1887 packets received, 5098 bps, 63.72%, Err 607 (1.0e-004)
761.359 .... 1895 packets received, 5105 bps, 63.81%, Err 608 (1.0e-004)
765.057 .... 1896 packets received, 5083 bps, 63.54%, Err 610 (1.0e-004)
771.166 .... 1909 packets received, 5077 bps, 63.47%, Err 615 (1.0e-004)
774.324 .... 1918 packets received, 5080 bps, 63.51%, Err 619 (1.0e-004)
776.446 .... 1926 packets received, 5088 bps, 63.60%, Err 620 (1.0e-004)
780.133 .... 1927 packets received, 5066 bps, 63.33%, Err 624 (1.0e-004)
783.319 .... 1935 packets received, 5067 bps, 63.33%, Err 626 (1.0e-004)
786.253 .... 1941 packets received, 5063 bps, 63.29%, Err 631 (1.0e-004)
788.885 .... 1945 packets received, 5057 bps, 63.21%, Err 632 (1.0e-004)
791.025 .... 1957 packets received, 5074 bps, 63.43%, Err 633 (1.0e-004)
793.636 .... 1962 packets received, 5070 bps, 63.38%, Err 636 (1.0e-004)
797.406 .... 1965 packets received, 5054 bps, 63.18%, Err 640 (1.0e-004)
800.333 .... 1976 packets received, 5064 bps, 63.30%, Err 641 (1.0e-004)
803.743 .... 1977 packets received, 5045 bps, 63.06%, Err 643 (1.0e-004)
806.642 .... 1989 packets received, 5057 bps, 63.21%, Err 644 (1.0e-004)
809.823 .... 1995 packets received, 5052 bps, 63.16%, Err 646 (1.0e-004)
812.207 .... 2004 packets received, 5060 bps, 63.25%, Err 649 (1.0e-004)
815.382 .... 2006 packets received, 5046 bps, 63.07%, Err 652 (1.0e-004)
818.276 .... 2014 packets received, 5048 bps, 63.10%, Err 655 (1.0e-004)
820.424 .... 2023 packets received, 5057 bps, 63.21%, Err 655 (1.0e-004)
822.525 .... 2030 packets received, 5062 bps, 63.27%, Err 658 (1.0e-004)
825.216 .... 2032 packets received, 5050 bps, 63.13%, Err 660 (1.0e-004)
829.152 .... 2040 packets received, 5046 bps, 63.07%, Err 663 (1.0e-004)
831.295 .... 2050 packets received, 5057 bps, 63.22%, Err 664 (1.0e-004)
833.432 .... 2057 packets received, 5062 bps, 63.27%, Err 666 (1.0e-004)
835.555 .... 2061 packets received, 5059 bps, 63.23%, Err 667 (1.0e-004)
837.652 .... 2071 packets received, 5070 bps, 63.38%, Err 669 (1.0e-004)
840.560 .... 2078 packets received, 5070 bps, 63.37%, Err 671 (1.0e-004)
843.214 .... 2083 packets received, 5066 bps, 63.33%, Err 674 (1.0e-004)
845.356 .... 2095 packets received, 5082 bps, 63.53%, Err 674 (1.0e-004)
849.851 .... 2097 packets received, 5060 bps, 63.25%, Err 679 (1.0e-004)
855.946 .... 2112 packets received, 5060 bps, 63.25%, Err 687 (1.0e-004)
858.874 .... 2119 packets received, 5060 bps, 63.25%, Err 688 (1.0e-004)
862.026 .... 2130 packets received, 5067 bps, 63.34%, Err 690 (1.0e-004)
865.461 .... 2132 packets received, 5052 bps, 63.15%, Err 695 (1.0e-004)
868.925 .... 2137 packets received, 5043 bps, 63.04%, Err 696 (1.0e-004)
871.599 .... 2141 packets received, 5037 bps, 62.97%, Err 699 (1.0e-004)
874.482 .... 2147 packets received, 5035 bps, 62.94%, Err 700 (1.0e-004)
877.129 .... 2153 packets received, 5034 bps, 62.92%, Err 702 (1.0e-004)
880.312 .... 2158 packets received, 5027 bps, 62.84%, Err 702 (1.0e-004)
882.417 .... 2168 packets received, 5038 bps, 62.98%, Err 702 (1.0e-004)
884.797 .... 2173 packets received, 5036 bps, 62.95%, Err 703 (9.9e-005)
887.439 .... 2180 packets received, 5037 bps, 62.97%, Err 706 (1.0e-004)
890.102 .... 2188 packets received, 5041 bps, 63.01%, Err 710 (1.0e-004)
892.752 .... 2196 packets received, 5044 bps, 63.05%, Err 714 (1.0e-004)
895.112 .... 2198 packets received, 5035 bps, 62.94%, Err 715 (1.0e-004)
900.943 .... 2210 packets received, 5030 bps, 62.88%, Err 720 (1.0e-004)
903.591 .... 2218 packets received, 5034 bps, 62.92%, Err 723 (1.0e-004)
906.780 .... 2222 packets received, 5025 bps, 62.81%, Err 725 (1.0e-004)
909.679 .... 2233 packets received, 5034 bps, 62.92%, Err 729 (1.0e-004)
912.326 .... 2239 packets received, 5033 bps, 62.91%, Err 731 (1.0e-004)
914.990 .... 2251 packets received, 5045 bps, 63.06%, Err 732 (1.0e-004)
917.127 .... 2257 packets received, 5046 bps, 63.08%, Err 733 (1.0e-004)
919.217 .... 2263 packets received, 5048 bps, 63.10%, Err 735 (1.0e-004)
923.194 .... 2265 packets received, 5031 bps, 62.89%, Err 738 (1.0e-004)
928.227 .... 2277 packets received, 5030 bps, 62.88%, Err 742 (1.0e-004)
931.658 .... 2290 packets received, 5040 bps, 63.00%, Err 746 (1.0e-004)
933.820 .... 2298 packets received, 5046 bps, 63.08%, Err 746 (1.0e-004)
935.932 .... 2305 packets received, 5050 bps, 63.13%, Err 747 (1.0e-004)
939.087 .... 2309 packets received, 5042 bps, 63.02%, Err 750 (1.0e-004)
941.743 .... 2318 packets received, 5047 bps, 63.09%, Err 752 (1.0e-004)
944.710 .... 2329 packets received, 5055 bps, 63.19%, Err 754 (1.0e-004)
946.818 .... 2336 packets received, 5059 bps, 63.24%, Err 757 (1.0e-004)
949.477 .... 2345 packets received, 5064 bps, 63.30%, Err 759 (1.0e-004)
952.913 .... 2356 packets received, 5070 bps, 63.37%, Err 762 (1.0e-004)
956.391 .... 2364 packets received, 5068 bps, 63.35%, Err 768 (1.0e-004)
959.300 .... 2367 packets received, 5059 bps, 63.24%, Err 768 (1.0e-004)
961.394 .... 2377 packets received, 5070 bps, 63.37%, Err 770 (1.0e-004)
964.580 .... 2382 packets received, 5064 bps, 63.29%, Err 773 (1.0e-004)
967.498 .... 2390 packets received, 5065 bps, 63.32%, Err 775 (1.0e-004)
970.421 .... 2399 packets received, 5069 bps, 63.36%, Err 776 (1.0e-004)
973.075 .... 2408 packets received, 5074 bps, 63.43%, Err 779 (1.0e-004)
976.239 .... 2413 packets received, 5068 bps, 63.35%, Err 779 (1.0e-004)
978.374 .... 2424 packets received, 5080 bps, 63.50%, Err 780 (1.0e-004)
983.147 .... 2427 packets received, 5062 bps, 63.27%, Err 784 (1.0e-004)
985.247 .... 2441 packets received, 5080 bps, 63.50%, Err 785 (1.0e-004)
987.387 .... 2448 packets received, 5084 bps, 63.54%, Err 785 (9.9e-005)
990.568 .... 2452 packets received, 5075 bps, 63.44%, Err 789 (1.0e-004)
993.199 .... 2456 packets received, 5070 bps, 63.38%, Err 791 (1.0e-004)
996.393 .... 2462 packets received, 5066 bps, 63.33%, Err 797 (1.0e-004)
998.520 .... 2473 packets received, 5078 bps, 63.48%, Err 797 (1.0e-004)
1000.644 .... 2479 packets received, 5080 bps, 63.50%, Err 799 (1.0e-004)
1002.774 .... 2485 packets received, 5081 bps, 63.51%, Err 801 (1.0e-004)
1005.152 .... 2490 packets received, 5079 bps, 63.49%, Err 802 (1.0e-004)
1008.070 .... 2496 packets received, 5077 bps, 63.46%, Err 806 (1.0e-004)
1011.253 .... 2508 packets received, 5085 bps, 63.56%, Err 809 (1.0e-004)
1014.137 .... 2511 packets received, 5077 bps, 63.46%, Err 816 (1.0e-004)
1017.059 .... 2516 packets received, 5072 bps, 63.40%, Err 818 (1.0e-004)
1019.697 .... 2521 packets received, 5069 bps, 63.36%, Err 819 (1.0e-004)
1022.884 .... 2527 packets received, 5065 bps, 63.32%, Err 825 (1.0e-004)
1027.663 .... 2532 packets received, 5052 bps, 63.15%, Err 827 (1.0e-004)
1029.812 .... 2547 packets received, 5071 bps, 63.39%, Err 828 (1.0e-004)
1034.851 .... 2551 packets received, 5054 bps, 63.18%, Err 834 (1.0e-004)
1038.279 .... 2553 packets received, 5041 bps, 63.02%, Err 837 (1.0e-004)
1040.414 .... 2569 packets received, 5063 bps, 63.28%, Err 838 (1.0e-004)
1042.507 .... 2575 packets received, 5064 bps, 63.30%, Err 839 (1.0e-004)
1044.619 .... 2581 packets received, 5066 bps, 63.32%, Err 842 (1.0e-004)
1046.783 .... 2589 packets received, 5071 bps, 63.39%, Err 842 (1.0e-004)
1049.133 .... 2594 packets received, 5069 bps, 63.37%, Err 843 (1.0e-004)
1051.249 .... 2604 packets received, 5079 bps, 63.48%, Err 844 (1.0e-004)
1053.362 .... 2612 packets received, 5084 bps, 63.55%, Err 844 (1.0e-004)
1056.821 .... 2620 packets received, 5083 bps, 63.54%, Err 846 (1.0e-004)
1059.728 .... 2629 packets received, 5086 bps, 63.58%, Err 848 (1.0e-004)
1061.850 .... 2639 packets received, 5095 bps, 63.69%, Err 848 (1.0e-004)
1064.221 .... 2646 packets received, 5098 bps, 63.72%, Err 848 (1.0e-004)
1067.144 .... 2649 packets received, 5089 bps, 63.62%, Err 853 (1.0e-004)
1069.805 .... 2657 packets received, 5092 bps, 63.65%, Err 856 (1.0e-004)
1072.186 .... 2659 packets received, 5084 bps, 63.56%, Err 858 (1.0e-004)
1074.835 .... 2666 packets received, 5085 bps, 63.57%, Err 858 (1.0e-004)
1080.133 .... 2674 packets received, 5076 bps, 63.44%, Err 865 (1.0e-004)
1083.030 .... 2682 packets received, 5077 bps, 63.46%, Err 865 (1.0e-004)
1085.425 .... 2693 packets received, 5087 bps, 63.58%, Err 867 (1.0e-004)
1087.540 .... 2699 packets received, 5088 bps, 63.60%, Err 867 (1.0e-004)
1093.379 .... 2705 packets received, 5072 bps, 63.40%, Err 874 (1.0e-004)
1097.123 .... 2707 packets received, 5058 bps, 63.23%, Err 877 (1.0e-004)
1099.184 .... 2725 packets received, 5083 bps, 63.53%, Err 877 (1.0e-004)
1101.346 .... 2731 packets received, 5084 bps, 63.55%, Err 878 (1.0e-004)
1103.447 .... 2737 packets received, 5085 bps, 63.57%, Err 879 (1.0e-004)
1105.609 .... 2741 packets received, 5083 bps, 63.53%, Err 882 (1.0e-004)
1109.055 .... 2744 packets received, 5072 bps, 63.41%, Err 884 (1.0e-004)
1111.139 .... 2758 packets received, 5089 bps, 63.61%, Err 884 (1.0e-004)
1114.318 .... 2761 packets received, 5080 bps, 63.50%, Err 891 (1.0e-004)
1116.961 .... 2766 packets received, 5077 bps, 63.46%, Err 894 (1.0e-004)
1119.887 .... 2775 packets received, 5080 bps, 63.50%, Err 897 (1.0e-004)
1122.028 .... 2785 packets received, 5089 bps, 63.61%, Err 898 (1.0e-004)
1124.415 .... 2792 packets received, 5091 bps, 63.63%, Err 899 (1.0e-004)
1127.025 .... 2797 packets received, 5088 bps, 63.60%, Err 902 (1.0e-004)
1132.084 .... 2804 packets received, 5078 bps, 63.47%, Err 905 (1.0e-004)
1134.188 .... 2818 packets received, 5094 bps, 63.67%, Err 906 (1.0e-004)
1136.347 .... 2821 packets received, 5089 bps, 63.62%, Err 908 (1.0e-004)
1139.491 .... 2831 packets received, 5093 bps, 63.67%, Err 910 (1.0e-004)
1142.125 .... 2839 packets received, 5096 bps, 63.70%, Err 913 (1.0e-004)
1146.357 .... 2842 packets received, 5082 bps, 63.53%, Err 918 (1.0e-004)
1149.027 .... 2855 packets received, 5094 bps, 63.67%, Err 921 (1.0e-004)
1151.396 .... 2860 packets received, 5092 bps, 63.65%, Err 922 (1.0e-004)
1154.596 .... 2871 packets received, 5098 bps, 63.72%, Err 923 (1.0e-004)
1156.946 .... 2878 packets received, 5100 bps, 63.75%, Err 926 (1.0e-004)
1160.424 .... 2882 packets received, 5091 bps, 63.64%, Err 928 (1.0e-004)
1162.827 .... 2891 packets received, 5097 bps, 63.71%, Err 929 (1.0e-004)
1165.179 .... 2895 packets received, 5094 bps, 63.67%, Err 932 (1.0e-004)
1167.832 .... 2899 packets received, 5089 bps, 63.61%, Err 933 (1.0e-004)
1170.225 .... 2909 packets received, 5096 bps, 63.70%, Err 935 (1.0e-004)
1172.363 .... 2919 packets received, 5104 bps, 63.80%, Err 935 (1.0e-004)
1177.914 .... 2926 packets received, 5092 bps, 63.65%, Err 942 (1.0e-004)
1180.854 .... 2934 packets received, 5094 bps, 63.67%, Err 945 (1.0e-004)
1184.042 .... 2944 packets received, 5097 bps, 63.71%, Err 947 (1.0e-004)
1186.172 .... 2951 packets received, 5100 bps, 63.75%, Err 951 (1.0e-004)
1188.793 .... 2955 packets received, 5096 bps, 63.70%, Err 953 (1.0e-004)
1190.891 .... 2968 packets received, 5109 bps, 63.86%, Err 954 (1.0e-004)
1193.032 .... 2976 packets received, 5114 bps, 63.92%, Err 954 (1.0e-004)
1195.954 .... 2983 packets received, 5113 bps, 63.91%, Err 957 (1.0e-004)
1198.043 .... 2994 packets received, 5123 bps, 64.04%, Err 957 (1.0e-004)
1201.241 .... 2999 packets received, 5118 bps, 63.97%, Err 960 (1.0e-004)
1204.683 .... 3008 packets received, 5119 bps, 63.98%, Err 965 (1.0e-004)
1207.616 .... 3014 packets received, 5116 bps, 63.95%, Err 970 (1.0e-004)
1210.264 .... 3019 packets received, 5114 bps, 63.92%, Err 970 (1.0e-004)
1212.397 .... 3020 packets received, 5106 bps, 63.83%, Err 971 (1.0e-004)
1216.608 .... 3030 packets received, 5105 bps, 63.82%, Err 977 (1.0e-004)
1218.727 .... 3044 packets received, 5120 bps, 64.00%, Err 977 (1.0e-004)
1221.648 .... 3049 packets received, 5116 bps, 63.95%, Err 982 (1.0e-004)
1223.757 .... 3057 packets received, 5121 bps, 64.01%, Err 982 (1.0e-004)
1226.944 .... 3064 packets received, 5119 bps, 63.99%, Err 984 (1.0e-004)
1229.851 .... 3072 packets received, 5120 bps, 64.01%, Err 990 (1.0e-004)
1232.768 .... 3074 packets received, 5112 bps, 63.90%, Err 991 (1.0e-004)
1235.681 .... 3078 packets received, 5106 bps, 63.83%, Err 995 (1.0e-004)
1238.320 .... 3080 packets received, 5099 bps, 63.73%, Err 997 (1.0e-004)
1240.991 .... 3086 packets received, 5098 bps, 63.72%, Err 997 (1.0e-004)
1244.692 .... 3098 packets received, 5102 bps, 63.78%, Err 998 (1.0e-004)
1247.860 .... 3109 packets received, 5107 bps, 63.84%, Err 1001 (1.0e-004)
1250.511 .... 3119 packets received, 5113 bps, 63.91%, Err 1003 (1.0e-004)
1252.891 .... 3127 packets received, 5116 bps, 63.95%, Err 1004 (1.0e-004)
1255.029 .... 3138 packets received, 5125 bps, 64.07%, Err 1004 (1.0e-004)
1257.161 .... 3141 packets received, 5122 bps, 64.02%, Err 1005 (1.0e-004)
1260.056 .... 3150 packets received, 5124 bps, 64.06%, Err 1008 (1.0e-004)
1263.257 .... 3161 packets received, 5129 bps, 64.12%, Err 1011 (1.0e-004)
1266.197 .... 3171 packets received, 5134 bps, 64.17%, Err 1014 (1.0e-004)
1268.837 .... 3175 packets received, 5129 bps, 64.12%, Err 1015 (1.0e-004)
1271.732 .... 3186 packets received, 5135 bps, 64.19%, Err 1018 (1.0e-004)
1274.672 .... 3190 packets received, 5130 bps, 64.12%, Err 1021 (1.0e-004)
1278.903 .... 3196 packets received, 5123 bps, 64.03%, Err 1026 (1.0e-004)
1282.353 .... 3206 packets received, 5125 bps, 64.06%, Err 1028 (1.0e-004)
1287.358 .... 3216 packets received, 5121 bps, 64.01%, Err 1032 (1.0e-004)
1290.268 .... 3230 packets received, 5131 bps, 64.14%, Err 1035 (1.0e-004)
1292.673 .... 3232 packets received, 5125 bps, 64.06%, Err 1037 (1.0e-004)
1295.874 .... 3243 packets received, 5130 bps, 64.12%, Err 1041 (1.0e-004)
1297.993 .... 3254 packets received, 5139 bps, 64.24%, Err 1042 (1.0e-004)
1300.623 .... 3256 packets received, 5132 bps, 64.14%, Err 1043 (1.0e-004)
1305.136 .... 3266 packets received, 5130 bps, 64.12%, Err 1048 (1.0e-004)
1308.342 .... 3273 packets received, 5128 bps, 64.10%, Err 1052 (1.0e-004)
1310.444 .... 3283 packets received, 5135 bps, 64.19%, Err 1053 (1.0e-004)
1312.832 .... 3288 packets received, 5134 bps, 64.17%, Err 1055 (1.0e-004)
1315.448 .... 3293 packets received, 5131 bps, 64.14%, Err 1056 (1.0e-004)
1318.370 .... 3305 packets received, 5139 bps, 64.23%, Err 1057 (1.0e-004)
1321.309 .... 3312 packets received, 5138 bps, 64.23%, Err 1060 (1.0e-004)
1323.969 .... 3317 packets received, 5135 bps, 64.19%, Err 1060 (1.0e-004)
1328.707 .... 3328 packets received, 5134 bps, 64.18%, Err 1064 (1.0e-004)
1331.376 .... 3341 packets received, 5144 bps, 64.30%, Err 1070 (1.0e-004)
1334.292 .... 3348 packets received, 5143 bps, 64.29%, Err 1072 (1.0e-004)
1336.937 .... 3353 packets received, 5141 bps, 64.26%, Err 1074 (1.0e-004)
1339.072 .... 3366 packets received, 5152 bps, 64.41%, Err 1075 (1.0e-004)
1341.712 .... 3370 packets received, 5148 bps, 64.36%, Err 1077 (1.0e-004)
1343.822 .... 3381 packets received, 5157 bps, 64.46%, Err 1077 (1.0e-004)
1345.940 .... 3389 packets received, 5161 bps, 64.51%, Err 1077 (1.0e-004)
1348.345 .... 3394 packets received, 5160 bps, 64.49%, Err 1079 (1.0e-004)
1350.713 .... 3400 packets received, 5160 bps, 64.50%, Err 1081 (1.0e-004)
1353.916 .... 3407 packets received, 5158 bps, 64.48%, Err 1083 (1.0e-004)
1356.841 .... 3416 packets received, 5160 bps, 64.51%, Err 1087 (1.0e-004)
1358.955 .... 3427 packets received, 5169 bps, 64.61%, Err 1087 (1.0e-004)
1361.075 .... 3431 packets received, 5167 bps, 64.59%, Err 1087 (1.0e-004)
1365.805 .... 3434 packets received, 5154 bps, 64.42%, Err 1092 (1.0e-004)
1369.284 .... 3441 packets received, 5151 bps, 64.39%, Err 1093 (1.0e-004)
1371.405 .... 3452 packets received, 5159 bps, 64.49%, Err 1093 (1.0e-004)
1373.776 .... 3458 packets received, 5159 bps, 64.49%, Err 1095 (1.0e-004)
1375.883 .... 3464 packets received, 5161 bps, 64.51%, Err 1096 (1.0e-004)
1380.379 .... 3467 packets received, 5148 bps, 64.35%, Err 1104 (1.0e-004)
1383.566 .... 3480 packets received, 5156 bps, 64.44%, Err 1106 (1.0e-004)
1386.241 .... 3485 packets received, 5153 bps, 64.41%, Err 1107 (1.0e-004)
1388.624 .... 3494 packets received, 5157 bps, 64.47%, Err 1109 (1.0e-004)
1391.258 .... 3501 packets received, 5158 bps, 64.47%, Err 1111 (1.0e-004)
1396.270 .... 3509 packets received, 5151 bps, 64.39%, Err 1117 (1.0e-004)
1399.508 .... 3516 packets received, 5149 bps, 64.37%, Err 1118 (1.0e-004)
1401.598 .... 3527 packets received, 5158 bps, 64.47%, Err 1119 (1.0e-004)
1404.242 .... 3533 packets received, 5157 bps, 64.46%, Err 1122 (1.0e-004)
1406.902 .... 3540 packets received, 5157 bps, 64.47%, Err 1123 (1.0e-004)
1408.989 .... 3552 packets received, 5167 bps, 64.59%, Err 1123 (1.0e-004)
1411.121 .... 3556 packets received, 5165 bps, 64.56%, Err 1125 (1.0e-004)
1413.781 .... 3564 packets received, 5167 bps, 64.59%, Err 1128 (1.0e-004)
1416.697 .... 3567 packets received, 5161 bps, 64.51%, Err 1129 (1.0e-004)
1418.787 .... 3578 packets received, 5169 bps, 64.61%, Err 1130 (1.0e-004)
1421.699 .... 3584 packets received, 5167 bps, 64.59%, Err 1131 (1.0e-004)
1424.622 .... 3594 packets received, 5171 bps, 64.64%, Err 1132 (9.9e-005)
1427.028 .... 3602 packets received, 5174 bps, 64.67%, Err 1134 (9.9e-005)
1430.189 .... 3607 packets received, 5169 bps, 64.62%, Err 1138 (1.0e-004)
1433.375 .... 3613 packets received, 5166 bps, 64.58%, Err 1140 (9.9e-005)
1436.539 .... 3622 packets received, 5168 bps, 64.60%, Err 1146 (1.0e-004)
1438.646 .... 3632 packets received, 5175 bps, 64.68%, Err 1148 (1.0e-004)
1440.797 .... 3640 packets received, 5178 bps, 64.73%, Err 1148 (1.0e-004)
1442.935 .... 3644 packets received, 5176 bps, 64.70%, Err 1151 (1.0e-004)
1445.823 .... 3646 packets received, 5169 bps, 64.61%, Err 1156 (1.0e-004)
1449.253 .... 3653 packets received, 5166 bps, 64.58%, Err 1162 (1.0e-004)
1453.217 .... 3656 packets received, 5156 bps, 64.46%, Err 1170 (1.0e-004)
1456.163 .... 3666 packets received, 5160 bps, 64.50%, Err 1171 (1.0e-004)
1461.463 .... 3674 packets received, 5153 bps, 64.41%, Err 1176 (1.0e-004)
1466.487 .... 3686 packets received, 5152 bps, 64.40%, Err 1184 (1.0e-004)
1469.934 .... 3695 packets received, 5152 bps, 64.40%, Err 1185 (1.0e-004)
1474.443 .... 3700 packets received, 5143 bps, 64.29%, Err 1190 (1.0e-004)
1479.746 .... 3712 packets received, 5142 bps, 64.27%, Err 1194 (1.0e-004)
1483.722 .... 3723 packets received, 5143 bps, 64.29%, Err 1197 (1.0e-004)
1486.634 .... 3733 packets received, 5147 bps, 64.33%, Err 1198 (1.0e-004)
1488.765 .... 3744 packets received, 5154 bps, 64.43%, Err 1198 (1.0e-004)
1493.528 .... 3749 packets received, 5145 bps, 64.31%, Err 1202 (1.0e-004)
1495.668 .... 3762 packets received, 5155 bps, 64.44%, Err 1203 (1.0e-004)
1497.763 .... 3769 packets received, 5158 bps, 64.47%, Err 1204 (1.0e-004)
1501.511 .... 3770 packets received, 5146 bps, 64.33%, Err 1206 (1.0e-004)
1504.386 .... 3784 packets received, 5155 bps, 64.44%, Err 1210 (1.0e-004)
1507.032 .... 3789 packets received, 5153 bps, 64.41%, Err 1211 (1.0e-004)
1512.851 .... 3802 packets received, 5151 bps, 64.39%, Err 1214 (1.0e-004)
1514.955 .... 3816 packets received, 5163 bps, 64.53%, Err 1216 (1.0e-004)
1517.098 .... 3822 packets received, 5163 bps, 64.54%, Err 1216 (1.0e-004)
1519.756 .... 3827 packets received, 5161 bps, 64.51%, Err 1219 (1.0e-004)
1524.782 .... 3834 packets received, 5154 bps, 64.42%, Err 1224 (1.0e-004)
1528.209 .... 3838 packets received, 5147 bps, 64.34%, Err 1229 (1.0e-004)
1530.853 .... 3851 packets received, 5156 bps, 64.45%, Err 1231 (1.0e-004)
1532.970 .... 3857 packets received, 5157 bps, 64.46%, Err 1234 (1.0e-004)
1535.613 .... 3863 packets received, 5156 bps, 64.45%, Err 1235 (1.0e-004)
1538.535 .... 3874 packets received, 5161 bps, 64.51%, Err 1237 (1.0e-004)
1541.440 .... 3884 packets received, 5164 bps, 64.55%, Err 1238 (1.0e-004)
1543.825 .... 3892 packets received, 5167 bps, 64.59%, Err 1239 (1.0e-004)
1548.062 .... 3897 packets received, 5159 bps, 64.49%, Err 1247 (1.0e-004)
1551.259 .... 3908 packets received, 5163 bps, 64.54%, Err 1250 (1.0e-004)
1554.430 .... 3912 packets received, 5158 bps, 64.47%, Err 1252 (1.0e-004)
1557.622 .... 3924 packets received, 5163 bps, 64.54%, Err 1253 (1.0e-004)
1560.004 .... 3931 packets received, 5165 bps, 64.56%, Err 1255 (1.0e-004)
1562.905 .... 3940 packets received, 5167 bps, 64.58%, Err 1257 (1.0e-004)
1565.035 .... 3950 packets received, 5173 bps, 64.66%, Err 1258 (1.0e-004)
1567.157 .... 3958 packets received, 5176 bps, 64.70%, Err 1258 (1.0e-004)
1572.495 .... 3964 packets received, 5166 bps, 64.58%, Err 1264 (1.0e-004)
1575.669 .... 3971 packets received, 5165 bps, 64.56%, Err 1264 (1.0e-004)
1578.044 .... 3981 packets received, 5170 bps, 64.63%, Err 1265 (1.0e-004)
1580.164 .... 3987 packets received, 5171 bps, 64.64%, Err 1265 (1.0e-004)
1583.066 .... 3993 packets received, 5169 bps, 64.62%, Err 1267 (1.0e-004)
1585.206 .... 4004 packets received, 5177 bps, 64.71%, Err 1267 (1.0e-004)
1589.691 .... 4008 packets received, 5167 bps, 64.59%, Err 1270 (1.0e-004)
1593.155 .... 4021 packets received, 5173 bps, 64.66%, Err 1273 (1.0e-004)
1596.075 .... 4027 packets received, 5171 bps, 64.64%, Err 1276 (1.0e-004)
1598.193 .... 4038 packets received, 5178 bps, 64.73%, Err 1276 (1.0e-004)
1600.310 .... 4041 packets received, 5175 bps, 64.69%, Err 1278 (1.0e-004)
1602.423 .... 4052 packets received, 5182 bps, 64.78%, Err 1278 (1.0e-004)
1605.323 .... 4056 packets received, 5178 bps, 64.73%, Err 1283 (1.0e-004)
1608.242 .... 4063 packets received, 5178 bps, 64.72%, Err 1285 (1.0e-004)
1610.891 .... 4070 packets received, 5178 bps, 64.73%, Err 1289 (1.0e-004)
1614.065 .... 4074 packets received, 5173 bps, 64.66%, Err 1291 (1.0e-004)
1616.724 .... 4082 packets received, 5175 bps, 64.68%, Err 1293 (1.0e-004)
1618.847 .... 4090 packets received, 5178 bps, 64.72%, Err 1293 (1.0e-004)
1621.754 .... 4094 packets received, 5174 bps, 64.67%, Err 1296 (1.0e-004)
1624.920 .... 4103 packets received, 5175 bps, 64.69%, Err 1299 (1.0e-004)
1627.850 .... 4111 packets received, 5176 bps, 64.70%, Err 1301 (1.0e-004)
1633.130 .... 4120 packets received, 5170 bps, 64.63%, Err 1305 (1.0e-004)
1636.321 .... 4131 packets received, 5174 bps, 64.67%, Err 1309 (1.0e-004)
1638.714 .... 4139 packets received, 5176 bps, 64.71%, Err 1310 (1.0e-004)
1640.820 .... 4145 packets received, 5177 bps, 64.72%, Err 1310 (1.0e-004)
1643.752 .... 4148 packets received, 5172 bps, 64.65%, Err 1314 (1.0e-004)
1645.863 .... 4149 packets received, 5166 bps, 64.58%, Err 1316 (1.0e-004)
1651.700 .... 4161 packets received, 5163 bps, 64.54%, Err 1323 (1.0e-004)
1654.872 .... 4170 packets received, 5164 bps, 64.55%, Err 1323 (1.0e-004)
1657.505 .... 4179 packets received, 5167 bps, 64.59%, Err 1325 (1.0e-004)
1661.511 .... 4184 packets received, 5161 bps, 64.51%, Err 1330 (1.0e-004)
1664.683 .... 4192 packets received, 5161 bps, 64.51%, Err 1331 (1.0e-004)
1667.323 .... 4200 packets received, 5163 bps, 64.53%, Err 1332 (1.0e-004)
1672.381 .... 4207 packets received, 5155 bps, 64.44%, Err 1336 (1.0e-004)
1675.564 .... 4220 packets received, 5162 bps, 64.52%, Err 1341 (1.0e-004)
1679.777 .... 4226 packets received, 5156 bps, 64.45%, Err 1346 (1.0e-004)
1683.245 .... 4236 packets received, 5157 bps, 64.47%, Err 1347 (1.0e-004)
1685.335 .... 4244 packets received, 5161 bps, 64.51%, Err 1347 (1.0e-004)
1689.302 .... 4246 packets received, 5151 bps, 64.39%, Err 1350 (1.0e-004)
1692.502 .... 4261 packets received, 5160 bps, 64.49%, Err 1352 (1.0e-004)
1697.791 .... 4267 packets received, 5151 bps, 64.38%, Err 1356 (1.0e-004)
1699.919 .... 4281 packets received, 5161 bps, 64.51%, Err 1358 (1.0e-004)
1703.372 .... 4288 packets received, 5159 bps, 64.49%, Err 1363 (1.0e-004)
1706.290 .... 4295 packets received, 5159 bps, 64.48%, Err 1364 (1.0e-004)
1708.670 .... 4306 packets received, 5165 bps, 64.56%, Err 1366 (1.0e-004)
1712.656 .... 4309 packets received, 5156 bps, 64.45%, Err 1369 (1.0e-004)
1714.778 .... 4323 packets received, 5167 bps, 64.58%, Err 1371 (1.0e-004)
1716.923 .... 4329 packets received, 5167 bps, 64.59%, Err 1371 (1.0e-004)
1719.797 .... 4334 packets received, 5165 bps, 64.56%, Err 1373 (1.0e-004)
1722.174 .... 4342 packets received, 5167 bps, 64.59%, Err 1377 (1.0e-004)
1725.096 .... 4346 packets received, 5163 bps, 64.54%, Err 1381 (1.0e-004)
1727.716 .... 4350 packets received, 5160 bps, 64.50%, Err 1382 (1.0e-004)
1729.832 .... 4359 packets received, 5164 bps, 64.55%, Err 1383 (1.0e-004)
1733.290 .... 4364 packets received, 5160 bps, 64.50%, Err 1384 (1.0e-004)
1735.402 .... 4377 packets received, 5169 bps, 64.61%, Err 1385 (1.0e-004)
1737.527 .... 4383 packets received, 5170 bps, 64.62%, Err 1387 (1.0e-004)
1741.521 .... 4384 packets received, 5159 bps, 64.49%, Err 1393 (1.0e-004)
1744.693 .... 4391 packets received, 5158 bps, 64.47%, Err 1396 (1.0e-004)
1746.823 .... 4402 packets received, 5164 bps, 64.55%, Err 1396 (1.0e-004)
1748.925 .... 4408 packets received, 5165 bps, 64.57%, Err 1399 (1.0e-004)
1752.894 .... 4409 packets received, 5155 bps, 64.43%, Err 1404 (1.0e-004)
1756.078 .... 4419 packets received, 5157 bps, 64.46%, Err 1405 (1.0e-004)
1759.013 .... 4427 packets received, 5158 bps, 64.47%, Err 1407 (1.0e-004)
1764.311 .... 4435 packets received, 5151 bps, 64.39%, Err 1411 (1.0e-004)
1767.495 .... 4444 packets received, 5153 bps, 64.41%, Err 1414 (1.0e-004)
1769.611 .... 4449 packets received, 5152 bps, 64.40%, Err 1416 (1.0e-004)
1773.040 .... 4457 packets received, 5152 bps, 64.39%, Err 1417 (1.0e-004)
1775.721 .... 4467 packets received, 5155 bps, 64.44%, Err 1418 (1.0e-004)
1780.184 .... 4475 packets received, 5152 bps, 64.39%, Err 1424 (1.0e-004)
1783.123 .... 4479 packets received, 5148 bps, 64.35%, Err 1425 (1.0e-004)
1785.741 .... 4489 packets received, 5152 bps, 64.40%, Err 1427 (1.0e-004)
1789.978 .... 4495 packets received, 5146 bps, 64.33%, Err 1430 (1.0e-004)
1793.167 .... 4507 packets received, 5151 bps, 64.39%, Err 1432 (1.0e-004)
1797.693 .... 4510 packets received, 5141 bps, 64.27%, Err 1439 (1.0e-004)
1800.600 .... 4512 packets received, 5135 bps, 64.19%, Err 1441 (1.0e-004)
1803.526 .... 4519 packets received, 5135 bps, 64.19%, Err 1442 (1.0e-004)
1805.621 .... 4534 packets received, 5146 bps, 64.32%, Err 1442 (1.0e-004)
1808.794 .... 4540 packets received, 5144 bps, 64.30%, Err 1447 (1.0e-004)
1811.711 .... 4550 packets received, 5147 bps, 64.33%, Err 1448 (1.0e-004)
1813.849 .... 4561 packets received, 5153 bps, 64.41%, Err 1448 (1.0e-004)
1818.095 .... 4564 packets received, 5144 bps, 64.31%, Err 1455 (1.0e-004)
1821.002 .... 4570 packets received, 5143 bps, 64.29%, Err 1457 (1.0e-004)
1824.189 .... 4575 packets received, 5140 bps, 64.24%, Err 1460 (1.0e-004)
1827.100 .... 4587 packets received, 5145 bps, 64.31%, Err 1461 (1.0e-004)
1831.854 .... 4592 packets received, 5137 bps, 64.21%, Err 1465 (1.0e-004)
1838.791 .... 4603 packets received, 5130 bps, 64.12%, Err 1474 (1.0e-004)
1842.226 .... 4605 packets received, 5123 bps, 64.03%, Err 1474 (1.0e-004)
1845.400 .... 4617 packets received, 5127 bps, 64.09%, Err 1475 (1.0e-004)
1847.798 .... 4630 packets received, 5135 bps, 64.19%, Err 1478 (1.0e-004)
1851.248 .... 4636 packets received, 5132 bps, 64.15%, Err 1483 (1.0e-004)
1854.394 .... 4641 packets received, 5129 bps, 64.11%, Err 1484 (1.0e-004)
1857.595 .... 4650 packets received, 5130 bps, 64.12%, Err 1486 (1.0e-004)
1862.354 .... 4657 packets received, 5124 bps, 64.06%, Err 1494 (1.0e-004)
1865.823 .... 4661 packets received, 5119 bps, 63.99%, Err 1497 (1.0e-004)
1869.287 .... 4663 packets received, 5112 bps, 63.90%, Err 1500 (1.0e-004)
1875.131 .... 4674 packets received, 5108 bps, 63.85%, Err 1504 (1.0e-004)
1878.423 .... 4677 packets received, 5102 bps, 63.78%, Err 1505 (1.0e-004)
1881.031 .... 4690 packets received, 5109 bps, 63.87%, Err 1507 (1.0e-004)
1883.167 .... 4702 packets received, 5117 bps, 63.96%, Err 1509 (1.0e-004)
1885.288 .... 4710 packets received, 5120 bps, 64.00%, Err 1509 (1.0e-004)
1887.418 .... 4718 packets received, 5123 bps, 64.03%, Err 1510 (1.0e-004)
1889.522 .... 4726 packets received, 5126 bps, 64.07%, Err 1510 (1.0e-004)
1891.642 .... 4730 packets received, 5124 bps, 64.05%, Err 1513 (1.0e-004)
1894.554 .... 4733 packets received, 5119 bps, 63.99%, Err 1515 (1.0e-004)
1899.608 .... 4740 packets received, 5113 bps, 63.92%, Err 1519 (1.0e-004)
1903.067 .... 4747 packets received, 5112 bps, 63.90%, Err 1522 (1.0e-004)
1908.071 .... 4755 packets received, 5107 bps, 63.84%, Err 1528 (1.0e-004)
1910.974 .... 4764 packets received, 5109 bps, 63.86%, Err 1528 (1.0e-004)
1913.094 .... 4771 packets received, 5111 bps, 63.88%, Err 1529 (1.0e-004)
1915.770 .... 4773 packets received, 5106 bps, 63.82%, Err 1531 (1.0e-004)
1918.428 .... 4785 packets received, 5111 bps, 63.89%, Err 1535 (1.0e-004)
1921.055 .... 4793 packets received, 5113 bps, 63.91%, Err 1538 (1.0e-004)
1923.724 .... 4796 packets received, 5109 bps, 63.86%, Err 1538 (1.0e-004)
1928.454 .... 4807 packets received, 5108 bps, 63.85%, Err 1541 (1.0e-004)
1931.656 .... 4822 packets received, 5115 bps, 63.94%, Err 1545 (1.0e-004)
1934.301 .... 4827 packets received, 5114 bps, 63.92%, Err 1547 (1.0e-004)
1937.471 .... 4839 packets received, 5118 bps, 63.98%, Err 1548 (1.0e-004)
1939.605 .... 4842 packets received, 5116 bps, 63.95%, Err 1552 (1.0e-004)
1942.223 .... 4844 packets received, 5111 bps, 63.89%, Err 1553 (1.0e-004)
1945.955 .... 4853 packets received, 5111 bps, 63.88%, Err 1556 (1.0e-004)
1949.137 .... 4866 packets received, 5116 bps, 63.95%, Err 1560 (1.0e-004)
1951.795 .... 4871 packets received, 5114 bps, 63.93%, Err 1561 (1.0e-004)
1953.902 .... 4877 packets received, 5115 bps, 63.94%, Err 1563 (1.0e-004)
1956.025 .... 4889 packets received, 5122 bps, 64.02%, Err 1564 (1.0e-004)
1958.684 .... 4892 packets received, 5118 bps, 63.98%, Err 1565 (1.0e-004)
1960.810 .... 4904 packets received, 5125 bps, 64.06%, Err 1567 (1.0e-004)
1964.804 .... 4905 packets received, 5116 bps, 63.95%, Err 1572 (1.0e-004)
1967.427 .... 4913 packets received, 5117 bps, 63.97%, Err 1575 (1.0e-004)
1971.147 .... 4918 packets received, 5113 bps, 63.91%, Err 1577 (1.0e-004)
1973.283 .... 4931 packets received, 5121 bps, 64.01%, Err 1579 (1.0e-004)
1976.196 .... 4935 packets received, 5117 bps, 63.97%, Err 1581 (1.0e-004)
1978.329 .... 4943 packets received, 5120 bps, 64.00%, Err 1582 (1.0e-004)
1980.713 .... 4947 packets received, 5118 bps, 63.98%, Err 1583 (1.0e-004)
1983.095 .... 4956 packets received, 5121 bps, 64.01%, Err 1584 (1.0e-004)
1985.179 .... 4967 packets received, 5127 bps, 64.09%, Err 1584 (1.0e-004)
1989.164 .... 4969 packets received, 5119 bps, 63.99%, Err 1592 (1.0e-004)
1992.080 .... 4974 packets received, 5117 bps, 63.96%, Err 1593 (1.0e-004)
1994.228 .... 4985 packets received, 5122 bps, 64.03%, Err 1593 (1.0e-004)
1999.510 .... 4990 packets received, 5114 bps, 63.92%, Err 1600 (1.0e-004)
2002.420 .... 5002 packets received, 5119 bps, 63.99%, Err 1600 (1.0e-004)
2004.526 .... 5008 packets received, 5120 bps, 63.99%, Err 1602 (1.0e-004)
2006.662 .... 5018 packets received, 5124 bps, 64.05%, Err 1605 (1.0e-004)
2011.934 .... 5023 packets received, 5116 bps, 63.95%, Err 1610 (1.0e-004)
2014.354 .... 5036 packets received, 5123 bps, 64.04%, Err 1613 (1.0e-004)
2017.242 .... 5043 packets received, 5123 bps, 64.04%, Err 1616 (1.0e-004)
2021.744 .... 5049 packets received, 5118 bps, 63.97%, Err 1623 (1.0e-004)
2023.894 .... 5063 packets received, 5126 bps, 64.08%, Err 1623 (1.0e-004)
2026.296 .... 5067 packets received, 5124 bps, 64.05%, Err 1626 (1.0e-004)
2029.434 .... 5072 packets received, 5121 bps, 64.02%, Err 1627 (1.0e-004)
2031.559 .... 5084 packets received, 5128 bps, 64.10%, Err 1629 (1.0e-004)
2033.698 .... 5092 packets received, 5131 bps, 64.13%, Err 1630 (1.0e-004)
2038.432 .... 5096 packets received, 5123 bps, 64.04%, Err 1635 (1.0e-004)
2041.627 .... 5098 packets received, 5117 bps, 63.96%, Err 1637 (1.0e-004)
2043.730 .... 5113 packets received, 5127 bps, 64.08%, Err 1637 (1.0e-004)
2045.832 .... 5117 packets received, 5125 bps, 64.07%, Err 1641 (1.0e-004)
2049.033 .... 5120 packets received, 5120 bps, 64.00%, Err 1642 (1.0e-004)
2051.932 .... 5130 packets received, 5123 bps, 64.04%, Err 1644 (1.0e-004)
2054.054 .... 5140 packets received, 5128 bps, 64.10%, Err 1645 (1.0e-004)
2056.170 .... 5148 packets received, 5130 bps, 64.13%, Err 1645 (1.0e-004)
2060.967 .... 5153 packets received, 5123 bps, 64.04%, Err 1648 (1.0e-004)
2063.915 .... 5166 packets received, 5129 bps, 64.11%, Err 1649 (1.0e-004)
2067.844 .... 5168 packets received, 5121 bps, 64.02%, Err 1652 (1.0e-004)
2071.279 .... 5181 packets received, 5126 bps, 64.07%, Err 1654 (1.0e-004)
2076.313 .... 5186 packets received, 5118 bps, 63.98%, Err 1658 (1.0e-004)
2079.531 .... 5195 packets received, 5119 bps, 63.99%, Err 1661 (1.0e-004)
2082.930 .... 5202 packets received, 5118 bps, 63.97%, Err 1664 (1.0e-004)
2085.057 .... 5213 packets received, 5123 bps, 64.04%, Err 1665 (1.0e-004)
2087.452 .... 5218 packets received, 5122 bps, 64.03%, Err 1667 (1.0e-004)
2090.639 .... 5226 packets received, 5122 bps, 64.03%, Err 1671 (1.0e-004)
2092.783 .... 5238 packets received, 5129 bps, 64.11%, Err 1671 (1.0e-004)
2095.654 .... 5241 packets received, 5125 bps, 64.06%, Err 1674 (1.0e-004)
2097.806 .... 5254 packets received, 5132 bps, 64.15%, Err 1675 (1.0e-004)
2101.754 .... 5256 packets received, 5124 bps, 64.05%, Err 1681 (1.0e-004)
2104.427 .... 5267 packets received, 5129 bps, 64.11%, Err 1685 (1.0e-004)
2106.814 .... 5269 packets received, 5125 bps, 64.06%, Err 1688 (1.0e-004)
2109.522 .... 5272 packets received, 5121 bps, 64.01%, Err 1689 (1.0e-004)
2112.635 .... 5276 packets received, 5117 bps, 63.97%, Err 1692 (1.0e-004)
2115.320 .... 5285 packets received, 5120 bps, 64.00%, Err 1695 (1.0e-004)
2117.953 .... 5291 packets received, 5119 bps, 63.99%, Err 1697 (1.0e-004)
2123.494 .... 5299 packets received, 5113 bps, 63.92%, Err 1700 (1.0e-004)
2125.629 .... 5313 packets received, 5122 bps, 64.02%, Err 1701 (1.0e-004)
2127.735 .... 5319 packets received, 5122 bps, 64.03%, Err 1701 (1.0e-004)
2131.982 .... 5321 packets received, 5114 bps, 63.93%, Err 1704 (1.0e-004)
2134.103 .... 5335 packets received, 5123 bps, 64.03%, Err 1705 (1.0e-004)
2138.596 .... 5339 packets received, 5116 bps, 63.94%, Err 1710 (1.0e-004)
2141.488 .... 5351 packets received, 5120 bps, 64.00%, Err 1712 (1.0e-004)
2144.689 .... 5358 packets received, 5119 bps, 63.99%, Err 1714 (1.0e-004)
2147.601 .... 5364 packets received, 5118 bps, 63.97%, Err 1717 (1.0e-004)
2149.980 .... 5375 packets received, 5123 bps, 64.04%, Err 1719 (1.0e-004)
2152.133 .... 5381 packets received, 5123 bps, 64.04%, Err 1720 (1.0e-004)
2155.298 .... 5387 packets received, 5122 bps, 64.02%, Err 1723 (1.0e-004)
2158.182 .... 5395 packets received, 5122 bps, 64.03%, Err 1728 (1.0e-004)
2162.165 .... 5402 packets received, 5120 bps, 63.99%, Err 1733 (1.0e-004)
2165.079 .... 5409 packets received, 5119 bps, 63.99%, Err 1735 (1.0e-004)
2167.227 .... 5419 packets received, 5124 bps, 64.05%, Err 1735 (1.0e-004)
2169.327 .... 5425 packets received, 5124 bps, 64.05%, Err 1736 (1.0e-004)
2173.542 .... 5427 packets received, 5116 bps, 63.95%, Err 1739 (1.0e-004)
2178.568 .... 5440 packets received, 5117 bps, 63.96%, Err 1743 (1.0e-004)
2180.693 .... 5453 packets received, 5124 bps, 64.05%, Err 1744 (1.0e-004)
2182.827 .... 5457 packets received, 5123 bps, 64.03%, Err 1745 (1.0e-004)
2185.234 .... 5462 packets received, 5122 bps, 64.02%, Err 1747 (1.0e-004)
2187.865 .... 5467 packets received, 5120 bps, 64.00%, Err 1751 (1.0e-004)
2191.050 .... 5473 packets received, 5118 bps, 63.98%, Err 1752 (1.0e-004)
2193.155 .... 5481 packets received, 5121 bps, 64.01%, Err 1754 (1.0e-004)
2195.792 .... 5484 packets received, 5118 bps, 63.97%, Err 1757 (1.0e-004)
2198.973 .... 5488 packets received, 5114 bps, 63.92%, Err 1760 (1.0e-004)
2201.647 .... 5495 packets received, 5114 bps, 63.93%, Err 1761 (1.0e-004)
2204.287 .... 5503 packets received, 5116 bps, 63.94%, Err 1764 (1.0e-004)
2207.994 .... 5506 packets received, 5110 bps, 63.87%, Err 1768 (1.0e-004)
2210.357 .... 5517 packets received, 5114 bps, 63.93%, Err 1768 (1.0e-004)
2212.506 .... 5522 packets received, 5114 bps, 63.93%, Err 1768 (1.0e-004)
2215.936 .... 5527 packets received, 5111 bps, 63.89%, Err 1770 (1.0e-004)
2219.123 .... 5536 packets received, 5112 bps, 63.90%, Err 1773 (1.0e-004)
2221.746 .... 5539 packets received, 5108 bps, 63.86%, Err 1776 (1.0e-004)
2224.926 .... 5545 packets received, 5107 bps, 63.83%, Err 1780 (1.0e-004)
2228.105 .... 5551 packets received, 5105 bps, 63.81%, Err 1784 (1.0e-004)
2231.557 .... 5554 packets received, 5100 bps, 63.75%, Err 1787 (1.0e-004)
2234.473 .... 5560 packets received, 5099 bps, 63.73%, Err 1791 (1.0e-004)
2237.920 .... 5566 packets received, 5096 bps, 63.70%, Err 1793 (1.0e-004)
2241.103 .... 5569 packets received, 5092 bps, 63.65%, Err 1797 (1.0e-004)
2244.277 .... 5579 packets received, 5094 bps, 63.67%, Err 1798 (1.0e-004)
2247.196 .... 5589 packets received, 5096 bps, 63.70%, Err 1801 (1.0e-004)
2249.307 .... 5598 packets received, 5100 bps, 63.75%, Err 1801 (1.0e-004)
2251.429 .... 5601 packets received, 5098 bps, 63.72%, Err 1803 (1.0e-004)
2254.595 .... 5608 packets received, 5097 bps, 63.71%, Err 1808 (1.0e-004)
2258.060 .... 5614 packets received, 5094 bps, 63.68%, Err 1810 (1.0e-004)
2260.191 .... 5625 packets received, 5100 bps, 63.74%, Err 1813 (1.0e-004)
2263.125 .... 5630 packets received, 5097 bps, 63.72%, Err 1816 (1.0e-004)
2266.516 .... 5632 packets received, 5092 bps, 63.65%, Err 1819 (1.0e-004)
2269.703 .... 5637 packets received, 5089 bps, 63.61%, Err 1821 (1.0e-004)
2271.828 .... 5648 packets received, 5094 bps, 63.68%, Err 1822 (1.0e-004)
2276.615 .... 5656 packets received, 5091 bps, 63.63%, Err 1825 (1.0e-004)
2278.695 .... 5670 packets received, 5099 bps, 63.73%, Err 1826 (1.0e-004)
2280.820 .... 5676 packets received, 5099 bps, 63.74%, Err 1828 (1.0e-004)
2282.941 .... 5683 packets received, 5101 bps, 63.76%, Err 1828 (1.0e-004)
2285.630 .... 5687 packets received, 5098 bps, 63.73%, Err 1830 (1.0e-004)
2287.747 .... 5697 packets received, 5103 bps, 63.78%, Err 1830 (1.0e-004)
2290.631 .... 5703 packets received, 5101 bps, 63.77%, Err 1832 (1.0e-004)
2293.273 .... 5712 packets received, 5104 bps, 63.80%, Err 1834 (1.0e-004)
2296.722 .... 5716 packets received, 5100 bps, 63.74%, Err 1836 (1.0e-004)
2300.164 .... 5729 packets received, 5104 bps, 63.79%, Err 1837 (1.0e-004)
2302.305 .... 5731 packets received, 5101 bps, 63.76%, Err 1839 (1.0e-004)
2305.214 .... 5742 packets received, 5104 bps, 63.80%, Err 1841 (1.0e-004)
2308.644 .... 5753 packets received, 5106 bps, 63.83%, Err 1842 (1.0e-004)
2310.790 .... 5760 packets received, 5108 bps, 63.84%, Err 1844 (1.0e-004)
2314.240 .... 5771 packets received, 5110 bps, 63.87%, Err 1846 (1.0e-004)
2316.373 .... 5777 packets received, 5110 bps, 63.88%, Err 1847 (1.0e-004)
2318.447 .... 5787 packets received, 5115 bps, 63.93%, Err 1849 (1.0e-004)
2321.902 .... 5791 packets received, 5110 bps, 63.88%, Err 1852 (1.0e-004)
2324.301 .... 5795 packets received, 5109 bps, 63.86%, Err 1855 (1.0e-004)
2329.591 .... 5802 packets received, 5103 bps, 63.79%, Err 1864 (1.0e-004)
2332.795 .... 5810 packets received, 5103 bps, 63.79%, Err 1868 (1.0e-004)
2335.704 .... 5817 packets received, 5103 bps, 63.79%, Err 1870 (1.0e-004)
2337.797 .... 5829 packets received, 5109 bps, 63.86%, Err 1870 (1.0e-004)
2339.949 .... 5832 packets received, 5107 bps, 63.84%, Err 1874 (1.0e-004)
2342.586 .... 5837 packets received, 5106 bps, 63.82%, Err 1875 (1.0e-004)
2346.070 .... 5849 packets received, 5108 bps, 63.86%, Err 1876 (1.0e-004)
2348.160 .... 5857 packets received, 5111 bps, 63.89%, Err 1876 (1.0e-004)
2350.305 .... 5861 packets received, 5110 bps, 63.87%, Err 1878 (1.0e-004)
2353.213 .... 5863 packets received, 5105 bps, 63.81%, Err 1881 (1.0e-004)
2356.120 .... 5868 packets received, 5103 bps, 63.79%, Err 1885 (1.0e-004)
2358.249 .... 5879 packets received, 5108 bps, 63.85%, Err 1887 (1.0e-004)
2361.172 .... 5882 packets received, 5104 bps, 63.80%, Err 1891 (1.0e-004)
2363.814 .... 5887 packets received, 5103 bps, 63.79%, Err 1892 (1.0e-004)
2366.957 .... 5895 packets received, 5103 bps, 63.79%, Err 1896 (1.0e-004)
2370.166 .... 5898 packets received, 5099 bps, 63.74%, Err 1899 (1.0e-004)
2372.805 .... 5905 packets received, 5099 bps, 63.74%, Err 1900 (1.0e-004)
2375.714 .... 5916 packets received, 5102 bps, 63.78%, Err 1904 (1.0e-004)
2378.382 .... 5921 packets received, 5101 bps, 63.76%, Err 1905 (1.0e-004)
2380.485 .... 5934 packets received, 5108 bps, 63.85%, Err 1905 (1.0e-004)
2383.658 .... 5942 packets received, 5108 bps, 63.85%, Err 1906 (1.0e-004)
2385.773 .... 5953 packets received, 5113 bps, 63.91%, Err 1907 (1.0e-004)
2387.899 .... 5960 packets received, 5114 bps, 63.93%, Err 1910 (1.0e-004)
2391.061 .... 5968 packets received, 5114 bps, 63.93%, Err 1911 (1.0e-004)
2394.534 .... 5979 packets received, 5116 bps, 63.95%, Err 1912 (1.0e-004)
2397.709 .... 5990 packets received, 5119 bps, 63.99%, Err 1916 (1.0e-004)
2402.734 .... 5998 packets received, 5115 bps, 63.94%, Err 1921 (1.0e-004)
2406.161 .... 6008 packets received, 5116 bps, 63.95%, Err 1923 (1.0e-004)
2411.466 .... 6014 packets received, 5110 bps, 63.87%, Err 1931 (1.0e-004)
2414.635 .... 6016 packets received, 5105 bps, 63.81%, Err 1933 (1.0e-004)
2418.069 .... 6024 packets received, 5105 bps, 63.81%, Err 1935 (1.0e-004)
2421.276 .... 6036 packets received, 5108 bps, 63.85%, Err 1940 (1.0e-004)
2424.476 .... 6040 packets received, 5105 bps, 63.81%, Err 1944 (1.0e-004)
2426.564 .... 6052 packets received, 5110 bps, 63.88%, Err 1944 (1.0e-004)
2431.362 .... 6056 packets received, 5104 bps, 63.79%, Err 1949 (1.0e-004)
2434.509 .... 6065 packets received, 5105 bps, 63.81%, Err 1950 (1.0e-004)
2437.704 .... 6074 packets received, 5105 bps, 63.82%, Err 1953 (1.0e-004)
2440.597 .... 6078 packets received, 5103 bps, 63.78%, Err 1955 (1.0e-004)
2442.746 .... 6090 packets received, 5108 bps, 63.85%, Err 1955 (1.0e-004)
2444.831 .... 6098 packets received, 5111 bps, 63.88%, Err 1955 (1.0e-004)
2450.425 .... 6106 packets received, 5106 bps, 63.82%, Err 1959 (1.0e-004)
2453.867 .... 6116 packets received, 5107 bps, 63.84%, Err 1963 (1.0e-004)
2456.794 .... 6124 packets received, 5107 bps, 63.84%, Err 1966 (1.0e-004)
2460.500 .... 6127 packets received, 5102 bps, 63.78%, Err 1969 (1.0e-004)
2463.951 .... 6139 packets received, 5105 bps, 63.81%, Err 1971 (1.0e-004)
2466.080 .... 6147 packets received, 5107 bps, 63.84%, Err 1973 (1.0e-004)
2468.714 .... 6150 packets received, 5104 bps, 63.80%, Err 1974 (1.0e-004)
2470.873 .... 6163 packets received, 5111 bps, 63.88%, Err 1974 (1.0e-004)
2472.965 .... 6171 packets received, 5113 bps, 63.91%, Err 1975 (1.0e-004)
2477.735 .... 6176 packets received, 5107 bps, 63.84%, Err 1980 (1.0e-004)
2481.194 .... 6180 packets received, 5103 bps, 63.79%, Err 1982 (1.0e-004)
2483.805 .... 6193 packets received, 5109 bps, 63.86%, Err 1983 (1.0e-004)
2486.708 .... 6200 packets received, 5109 bps, 63.86%, Err 1988 (1.0e-004)
2489.669 .... 6209 packets received, 5110 bps, 63.87%, Err 1992 (1.0e-004)
2491.760 .... 6219 packets received, 5114 bps, 63.92%, Err 1992 (1.0e-004)
2496.023 .... 6222 packets received, 5108 bps, 63.84%, Err 1996 (1.0e-004)
2502.368 .... 6235 packets received, 5105 bps, 63.82%, Err 2003 (1.0e-004)
2505.826 .... 6242 packets received, 5104 bps, 63.80%, Err 2005 (1.0e-004)
2509.255 .... 6246 packets received, 5100 bps, 63.75%, Err 2007 (1.0e-004)
2511.375 .... 6258 packets received, 5106 bps, 63.82%, Err 2010 (1.0e-004)
2513.510 .... 6261 packets received, 5104 bps, 63.80%, Err 2011 (1.0e-004)
2515.887 .... 6268 packets received, 5105 bps, 63.81%, Err 2013 (1.0e-004)
2518.557 .... 6277 packets received, 5107 bps, 63.83%, Err 2017 (1.0e-004)
2521.708 .... 6286 packets received, 5108 bps, 63.84%, Err 2020 (1.0e-004)
2524.635 .... 6290 packets received, 5105 bps, 63.81%, Err 2022 (1.0e-004)
2527.546 .... 6301 packets received, 5108 bps, 63.85%, Err 2024 (1.0e-004)
2529.938 .... 6305 packets received, 5106 bps, 63.83%, Err 2025 (1.0e-004)
2533.109 .... 6314 packets received, 5107 bps, 63.84%, Err 2027 (1.0e-004)
2535.483 .... 6322 packets received, 5109 bps, 63.86%, Err 2029 (1.0e-004)
2537.645 .... 6332 packets received, 5113 bps, 63.91%, Err 2030 (1.0e-004)
2540.240 .... 6337 packets received, 5111 bps, 63.89%, Err 2034 (1.0e-004)
2543.685 .... 6338 packets received, 5105 bps, 63.82%, Err 2037 (1.0e-004)
2546.375 .... 6351 packets received, 5110 bps, 63.88%, Err 2038 (1.0e-004)
2548.510 .... 6356 packets received, 5110 bps, 63.88%, Err 2039 (1.0e-004)
2553.226 .... 6358 packets received, 5102 bps, 63.78%, Err 2044 (1.0e-004)
2555.352 .... 6366 packets received, 5104 bps, 63.80%, Err 2048 (1.0e-004)
2557.471 .... 6374 packets received, 5107 bps, 63.83%, Err 2049 (1.0e-004)
2560.406 .... 6379 packets received, 5105 bps, 63.81%, Err 2050 (1.0e-004)
2562.525 .... 6389 packets received, 5108 bps, 63.86%, Err 2051 (1.0e-004)
2565.446 .... 6395 packets received, 5107 bps, 63.84%, Err 2052 (1.0e-004)
2568.604 .... 6406 packets received, 5110 bps, 63.87%, Err 2056 (1.0e-004)
2571.294 .... 6410 packets received, 5108 bps, 63.85%, Err 2059 (1.0e-004)
2574.443 .... 6415 packets received, 5106 bps, 63.82%, Err 2062 (1.0e-004)
2576.571 .... 6424 packets received, 5108 bps, 63.86%, Err 2063 (1.0e-004)
2578.691 .... 6431 packets received, 5110 bps, 63.87%, Err 2063 (1.0e-004)
2581.092 .... 6436 packets received, 5109 bps, 63.86%, Err 2065 (1.0e-004)
2583.206 .... 6447 packets received, 5114 bps, 63.92%, Err 2065 (1.0e-004)
2587.731 .... 6451 packets received, 5108 bps, 63.85%, Err 2068 (1.0e-004)
2589.816 .... 6465 packets received, 5115 bps, 63.93%, Err 2070 (1.0e-004)
2594.339 .... 6466 packets received, 5107 bps, 63.83%, Err 2079 (1.0e-004)
2597.762 .... 6471 packets received, 5104 bps, 63.80%, Err 2080 (1.0e-004)
2600.427 .... 6476 packets received, 5103 bps, 63.78%, Err 2080 (1.0e-004)
2602.561 .... 6489 packets received, 5109 bps, 63.86%, Err 2082 (1.0e-004)
2605.447 .... 6491 packets received, 5104 bps, 63.81%, Err 2085 (1.0e-004)
2608.619 .... 6495 packets received, 5101 bps, 63.77%, Err 2086 (1.0e-004)
2610.757 .... 6506 packets received, 5106 bps, 63.82%, Err 2087 (1.0e-004)
2615.504 .... 6509 packets received, 5099 bps, 63.74%, Err 2091 (1.0e-004)
2618.975 .... 6519 packets received, 5100 bps, 63.75%, Err 2093 (1.0e-004)
2622.129 .... 6534 packets received, 5106 bps, 63.82%, Err 2094 (1.0e-004)
2624.542 .... 6542 packets received, 5107 bps, 63.84%, Err 2096 (1.0e-004)
2626.646 .... 6552 packets received, 5111 bps, 63.89%, Err 2096 (1.0e-004)
2631.949 .... 6555 packets received, 5103 bps, 63.79%, Err 2106 (1.0e-004)
2635.389 .... 6561 packets received, 5101 bps, 63.76%, Err 2108 (1.0e-004)
2638.836 .... 6567 packets received, 5099 bps, 63.74%, Err 2111 (1.0e-004)
2642.009 .... 6579 packets received, 5102 bps, 63.78%, Err 2113 (1.0e-004)
2646.256 .... 6582 packets received, 5096 bps, 63.70%, Err 2117 (1.0e-004)
2649.458 .... 6588 packets received, 5095 bps, 63.68%, Err 2117 (1.0e-004)
2652.382 .... 6598 packets received, 5097 bps, 63.71%, Err 2120 (1.0e-004)
2655.301 .... 6602 packets received, 5094 bps, 63.68%, Err 2125 (1.0e-004)
2658.214 .... 6609 packets received, 5094 bps, 63.68%, Err 2127 (1.0e-004)
2661.122 .... 6613 packets received, 5092 bps, 63.64%, Err 2127 (1.0e-004)
2663.501 .... 6621 packets received, 5093 bps, 63.66%, Err 2130 (1.0e-004)
2666.146 .... 6627 packets received, 5093 bps, 63.66%, Err 2132 (1.0e-004)
2670.370 .... 6634 packets received, 5090 bps, 63.63%, Err 2136 (1.0e-004)
2672.512 .... 6646 packets received, 5095 bps, 63.69%, Err 2137 (1.0e-004)
2677.020 .... 6649 packets received, 5089 bps, 63.61%, Err 2144 (1.0e-004)
2680.725 .... 6655 packets received, 5086 bps, 63.58%, Err 2147 (1.0e-004)
2683.415 .... 6660 packets received, 5085 bps, 63.56%, Err 2147 (1.0e-004)
2689.746 .... 6672 packets received, 5082 bps, 63.53%, Err 2150 (1.0e-004)
2696.376 .... 6684 packets received, 5079 bps, 63.49%, Err 2157 (1.0e-004)
2699.809 .... 6693 packets received, 5079 bps, 63.49%, Err 2159 (1.0e-004)
2702.460 .... 6700 packets received, 5080 bps, 63.50%, Err 2161 (1.0e-004)
2705.122 .... 6709 packets received, 5081 bps, 63.52%, Err 2165 (1.0e-004)
2708.002 .... 6714 packets received, 5080 bps, 63.50%, Err 2168 (1.0e-004)
2710.150 .... 6725 packets received, 5084 bps, 63.55%, Err 2168 (1.0e-004)
2712.251 .... 6733 packets received, 5086 bps, 63.58%, Err 2168 (1.0e-004)
2715.437 .... 6738 packets received, 5084 bps, 63.55%, Err 2171 (1.0e-004)
2718.617 .... 6746 packets received, 5084 bps, 63.55%, Err 2173 (1.0e-004)
2721.029 .... 6753 packets received, 5085 bps, 63.56%, Err 2177 (1.0e-004)
2724.187 .... 6758 packets received, 5083 bps, 63.53%, Err 2178 (1.0e-004)
2729.512 .... 6767 packets received, 5080 bps, 63.49%, Err 2186 (1.0e-004)
2735.570 .... 6776 packets received, 5075 bps, 63.44%, Err 2190 (1.0e-004)
2738.503 .... 6780 packets received, 5073 bps, 63.41%, Err 2190 (1.0e-004)
2741.427 .... 6793 packets received, 5077 bps, 63.46%, Err 2195 (1.0e-004)
2745.380 .... 6797 packets received, 5073 bps, 63.41%, Err 2198 (1.0e-004)
2747.764 .... 6810 packets received, 5078 bps, 63.47%, Err 2200 (1.0e-004)
2750.441 .... 6812 packets received, 5074 bps, 63.43%, Err 2202 (1.0e-004)
2753.352 .... 6821 packets received, 5076 bps, 63.45%, Err 2206 (1.0e-004)
2755.719 .... 6824 packets received, 5074 bps, 63.42%, Err 2206 (1.0e-004)
2758.640 .... 6836 packets received, 5077 bps, 63.46%, Err 2208 (1.0e-004)
2760.770 .... 6840 packets received, 5076 bps, 63.45%, Err 2210 (1.0e-004)
2763.655 .... 6850 packets received, 5078 bps, 63.48%, Err 2211 (1.0e-004)
2769.235 .... 6861 packets received, 5076 bps, 63.45%, Err 2217 (1.0e-004)
2772.172 .... 6864 packets received, 5073 bps, 63.41%, Err 2217 (1.0e-004)
2774.297 .... 6877 packets received, 5079 bps, 63.48%, Err 2217 (1.0e-004)
2776.395 .... 6884 packets received, 5080 bps, 63.50%, Err 2219 (1.0e-004)
2780.636 .... 6887 packets received, 5075 bps, 63.43%, Err 2230 (1.0e-004)
2783.807 .... 6892 packets received, 5072 bps, 63.41%, Err 2230 (1.0e-004)
2786.464 .... 6894 packets received, 5069 bps, 63.36%, Err 2231 (1.0e-004)
2789.621 .... 6906 packets received, 5072 bps, 63.40%, Err 2232 (1.0e-004)
2792.284 .... 6915 packets received, 5074 bps, 63.42%, Err 2234 (1.0e-004)
2795.727 .... 6921 packets received, 5072 bps, 63.40%, Err 2237 (1.0e-004)
2798.104 .... 6929 packets received, 5074 bps, 63.42%, Err 2239 (1.0e-004)
2800.238 .... 6936 packets received, 5075 bps, 63.44%, Err 2241 (1.0e-004)
2805.006 .... 6944 packets received, 5072 bps, 63.40%, Err 2245 (1.0e-004)
2807.883 .... 6956 packets received, 5076 bps, 63.45%, Err 2248 (1.0e-004)
2810.019 .... 6964 packets received, 5078 bps, 63.47%, Err 2248 (1.0e-004)
2812.688 .... 6970 packets received, 5077 bps, 63.46%, Err 2251 (1.0e-004)
2815.319 .... 6973 packets received, 5075 bps, 63.43%, Err 2252 (1.0e-004)
2818.506 .... 6985 packets received, 5078 bps, 63.47%, Err 2255 (1.0e-004)
2820.630 .... 6992 packets received, 5079 bps, 63.49%, Err 2256 (1.0e-004)
2823.809 .... 7000 packets received, 5079 bps, 63.49%, Err 2258 (1.0e-004)
2826.171 .... 7008 packets received, 5080 bps, 63.51%, Err 2260 (1.0e-004)
2828.326 .... 7019 packets received, 5085 bps, 63.56%, Err 2260 (1.0e-004)
2832.541 .... 7021 packets received, 5078 bps, 63.48%, Err 2266 (1.0e-004)
2835.449 .... 7032 packets received, 5081 bps, 63.51%, Err 2267 (1.0e-004)
2837.586 .... 7041 packets received, 5084 bps, 63.55%, Err 2268 (1.0e-004)
2843.131 .... 7047 packets received, 5078 bps, 63.48%, Err 2275 (1.0e-004)
2846.057 .... 7049 packets received, 5074 bps, 63.43%, Err 2278 (1.0e-004)
2848.959 .... 7059 packets received, 5076 bps, 63.46%, Err 2279 (1.0e-004)
2851.358 .... 7072 packets received, 5082 bps, 63.52%, Err 2280 (1.0e-004)
2853.454 .... 7078 packets received, 5082 bps, 63.53%, Err 2281 (1.0e-004)
2855.585 .... 7082 packets received, 5081 bps, 63.52%, Err 2284 (1.0e-004)
2859.299 .... 7086 packets received, 5077 bps, 63.47%, Err 2286 (1.0e-004)
2863.000 .... 7100 packets received, 5081 bps, 63.51%, Err 2289 (1.0e-004)
2865.388 .... 7111 packets received, 5085 bps, 63.56%, Err 2290 (1.0e-004)
2867.777 .... 7114 packets received, 5082 bps, 63.53%, Err 2293 (1.0e-004)
2870.407 .... 7120 packets received, 5082 bps, 63.53%, Err 2296 (1.0e-004)
2873.588 .... 7130 packets received, 5084 bps, 63.54%, Err 2298 (1.0e-004)
2876.229 .... 7134 packets received, 5082 bps, 63.52%, Err 2300 (1.0e-004)
2878.334 .... 7146 packets received, 5087 bps, 63.58%, Err 2302 (1.0e-004)
2881.023 .... 7150 packets received, 5085 bps, 63.56%, Err 2304 (1.0e-004)
2883.127 .... 7161 packets received, 5089 bps, 63.61%, Err 2304 (1.0e-004)
2887.086 .... 7163 packets received, 5083 bps, 63.54%, Err 2308 (1.0e-004)
2890.273 .... 7177 packets received, 5088 bps, 63.59%, Err 2308 (1.0e-004)
2892.658 .... 7182 packets received, 5087 bps, 63.59%, Err 2310 (1.0e-004)
2895.837 .... 7190 packets received, 5087 bps, 63.59%, Err 2314 (1.0e-004)
2898.482 .... 7196 packets received, 5087 bps, 63.58%, Err 2318 (1.0e-004)
2901.409 .... 7201 packets received, 5085 bps, 63.56%, Err 2321 (1.0e-004)
2904.314 .... 7206 packets received, 5083 bps, 63.54%, Err 2321 (1.0e-004)
2908.574 .... 7210 packets received, 5079 bps, 63.48%, Err 2325 (1.0e-004)
2910.679 .... 7224 packets received, 5085 bps, 63.56%, Err 2327 (1.0e-004)
2914.917 .... 7227 packets received, 5080 bps, 63.50%, Err 2332 (1.0e-004)
2918.108 .... 7229 packets received, 5076 bps, 63.44%, Err 2335 (1.0e-004)
2921.276 .... 7246 packets received, 5082 bps, 63.52%, Err 2336 (1.0e-004)
2923.384 .... 7256 packets received, 5085 bps, 63.57%, Err 2337 (1.0e-004)
2927.392 .... 7259 packets received, 5080 bps, 63.50%, Err 2341 (1.0e-004)
2930.827 .... 7266 packets received, 5079 bps, 63.49%, Err 2342 (1.0e-004)
2936.093 .... 7276 packets received, 5077 bps, 63.46%, Err 2346 (1.0e-004)
2939.550 .... 7289 packets received, 5080 bps, 63.50%, Err 2348 (1.0e-004)
2944.839 .... 7295 packets received, 5075 bps, 63.44%, Err 2354 (1.0e-004)
2948.326 .... 7298 packets received, 5071 bps, 63.39%, Err 2357 (1.0e-004)
2951.236 .... 7301 packets received, 5068 bps, 63.36%, Err 2360 (1.0e-004)
2954.259 .... 7311 packets received, 5070 bps, 63.38%, Err 2363 (1.0e-004)
2957.685 .... 7317 packets received, 5069 bps, 63.36%, Err 2365 (1.0e-004)
2960.341 .... 7328 packets received, 5072 bps, 63.39%, Err 2366 (1.0e-004)
2962.460 .... 7334 packets received, 5072 bps, 63.40%, Err 2366 (1.0e-004)
2966.945 .... 7337 packets received, 5067 bps, 63.33%, Err 2373 (1.0e-004)
2969.887 .... 7341 packets received, 5064 bps, 63.30%, Err 2375 (1.0e-004)
2974.501 .... 7344 packets received, 5058 bps, 63.23%, Err 2378 (1.0e-004)
2977.426 .... 7350 packets received, 5058 bps, 63.22%, Err 2381 (1.0e-004)
2979.555 .... 7363 packets received, 5063 bps, 63.29%, Err 2383 (1.0e-004)
2982.180 .... 7370 packets received, 5063 bps, 63.29%, Err 2385 (1.0e-004)
2985.093 .... 7377 packets received, 5063 bps, 63.29%, Err 2387 (1.0e-004)
2989.072 .... 7385 packets received, 5062 bps, 63.27%, Err 2391 (1.0e-004)
2992.533 .... 7392 packets received, 5061 bps, 63.26%, Err 2394 (1.0e-004)
2994.633 .... 7403 packets received, 5065 bps, 63.31%, Err 2396 (1.0e-004)
2996.753 .... 7411 packets received, 5067 bps, 63.33%, Err 2396 (1.0e-004)
2999.404 .... 7416 packets received, 5066 bps, 63.32%, Err 2399 (1.0e-004)
3001.783 .... 7417 packets received, 5062 bps, 63.28%, Err 2402 (1.0e-004)
3005.214 .... 7423 packets received, 5061 bps, 63.26%, Err 2408 (1.0e-004)
3008.651 .... 7429 packets received, 5059 bps, 63.24%, Err 2409 (1.0e-004)
3011.590 .... 7440 packets received, 5061 bps, 63.27%, Err 2411 (1.0e-004)
3013.708 .... 7446 packets received, 5062 bps, 63.27%, Err 2412 (1.0e-004)
3015.824 .... 7454 packets received, 5064 bps, 63.30%, Err 2413 (1.0e-004)
3017.962 .... 7461 packets received, 5065 bps, 63.31%, Err 2414 (1.0e-004)
3021.438 .... 7462 packets received, 5060 bps, 63.25%, Err 2415 (1.0e-004)
3026.706 .... 7475 packets received, 5060 bps, 63.25%, Err 2420 (1.0e-004)
3029.890 .... 7487 packets received, 5063 bps, 63.28%, Err 2423 (1.0e-004)
3032.015 .... 7488 packets received, 5060 bps, 63.25%, Err 2428 (1.0e-004)
3035.442 .... 7495 packets received, 5059 bps, 63.23%, Err 2429 (1.0e-004)
3038.358 .... 7500 packets received, 5057 bps, 63.22%, Err 2429 (1.0e-004)
3041.789 .... 7513 packets received, 5060 bps, 63.25%, Err 2432 (1.0e-004)
3045.242 .... 7522 packets received, 5061 bps, 63.26%, Err 2435 (1.0e-004)
3048.125 .... 7527 packets received, 5059 bps, 63.24%, Err 2438 (1.0e-004)
3051.562 .... 7534 packets received, 5058 bps, 63.23%, Err 2440 (1.0e-004)
3053.709 .... 7545 packets received, 5062 bps, 63.28%, Err 2442 (1.0e-004)
3055.814 .... 7548 packets received, 5061 bps, 63.26%, Err 2443 (1.0e-004)
3059.242 .... 7556 packets received, 5060 bps, 63.25%, Err 2446 (1.0e-004)
3065.613 .... 7567 packets received, 5057 bps, 63.21%, Err 2453 (1.0e-004)
3069.066 .... 7575 packets received, 5057 bps, 63.21%, Err 2457 (1.0e-004)
3072.244 .... 7581 packets received, 5056 bps, 63.19%, Err 2459 (1.0e-004)
3075.421 .... 7590 packets received, 5056 bps, 63.20%, Err 2462 (1.0e-004)
3079.113 .... 7594 packets received, 5053 bps, 63.16%, Err 2468 (1.0e-004)
3082.552 .... 7601 packets received, 5052 bps, 63.15%, Err 2473 (1.0e-004)
3085.771 .... 7606 packets received, 5050 bps, 63.12%, Err 2479 (1.0e-004)
3088.947 .... 7610 packets received, 5047 bps, 63.09%, Err 2481 (1.0e-004)
3092.103 .... 7612 packets received, 5044 bps, 63.04%, Err 2483 (1.0e-004)
3095.324 .... 7616 packets received, 5041 bps, 63.01%, Err 2484 (1.0e-004)
3098.479 .... 7625 packets received, 5042 bps, 63.02%, Err 2484 (1.0e-004)
3100.580 .... 7638 packets received, 5047 bps, 63.09%, Err 2484 (1.0e-004)
3102.700 .... 7643 packets received, 5047 bps, 63.09%, Err 2485 (1.0e-004)
3105.390 .... 7646 packets received, 5044 bps, 63.06%, Err 2488 (1.0e-004)
3108.532 .... 7653 packets received, 5044 bps, 63.05%, Err 2492 (1.0e-004)
3111.728 .... 7656 packets received, 5041 bps, 6