000.000 =============================================================
000.000                     Station A                               
000.000 -------------------------------------------------------------
000.000 Protocol.lib, version 4.0, jiangyanjun0718@bupt.edu.cn
000.000 Channel: 8000 bps, 270 ms propagation delay, bit error rate 1.0E-004
000.000 Log file "datalink-A.log", TCP port 59144, debug mask 0x00
000.000 Station A is waiting for station B on TCP port 59144 ... Done.
000.895 New epoch: Tue May 04 14:13:15 2021
000.896 =================================================================
000.896 
000.897 Designed by wjj, build: May  4 2021  11:51:48
004.361 .... 2 packets received, 1280 bps, 16.00%, Err 5 (1.8e-004)
007.547 .... 5 packets received, 1603 bps, 20.04%, Err 8 (1.5e-004)
009.675 .... 17 packets received, 4089 bps, 51.11%, Err 9 (1.3e-004)
012.570 .... 23 packets received, 4128 bps, 51.60%, Err 10 (1.1e-004)
017.601 .... 33 packets received, 4111 bps, 51.38%, Err 13 (9.7e-005)
019.724 .... 47 packets received, 5185 bps, 64.81%, Err 14 (9.3e-005)
022.116 .... 50 packets received, 4886 bps, 61.08%, Err 16 (9.4e-005)
027.651 .... 60 packets received, 4639 bps, 57.98%, Err 19 (8.9e-005)
031.116 .... 72 packets received, 4922 bps, 61.53%, Err 25 (1.0e-004)
036.413 .... 77 packets received, 4473 bps, 55.92%, Err 31 (1.1e-004)
040.633 .... 83 packets received, 4306 bps, 53.83%, Err 34 (1.1e-004)
042.867 .... 84 packets received, 4125 bps, 51.56%, Err 35 (1.0e-004)
045.546 .... 101 packets received, 4660 bps, 58.25%, Err 36 (1.0e-004)
047.670 .... 111 packets received, 4888 bps, 61.10%, Err 38 (1.0e-004)
050.571 .... 117 packets received, 4849 bps, 60.62%, Err 40 (1.0e-004)
052.695 .... 128 packets received, 5087 bps, 63.58%, Err 42 (1.0e-004)
054.838 .... 135 packets received, 5151 bps, 64.38%, Err 43 (1.0e-004)
056.916 .... 143 packets received, 5253 bps, 65.66%, Err 44 (9.9e-005)
059.035 .... 150 packets received, 5308 bps, 66.35%, Err 44 (9.5e-005)
061.949 .... 156 packets received, 5256 bps, 65.70%, Err 45 (9.3e-005)
064.082 .... 168 packets received, 5468 bps, 68.35%, Err 46 (9.2e-005)
068.840 .... 172 packets received, 5205 bps, 65.06%, Err 55 (1.0e-004)
072.271 .... 180 packets received, 5184 bps, 64.80%, Err 59 (1.0e-004)
074.413 .... 191 packets received, 5340 bps, 66.75%, Err 59 (1.0e-004)
076.535 .... 197 packets received, 5353 bps, 66.91%, Err 59 (9.8e-005)
078.655 .... 203 packets received, 5365 bps, 67.06%, Err 59 (9.5e-005)
080.748 .... 209 packets received, 5378 bps, 67.23%, Err 61 (9.6e-005)
084.212 .... 216 packets received, 5326 bps, 66.58%, Err 64 (9.7e-005)
088.972 .... 224 packets received, 5224 bps, 65.30%, Err 68 (9.7e-005)
092.416 .... 237 packets received, 5319 bps, 66.49%, Err 72 (9.9e-005)
095.075 .... 239 packets received, 5212 bps, 65.15%, Err 75 (1.0e-004)
098.222 .... 251 packets received, 5296 bps, 66.20%, Err 78 (1.0e-004)
100.367 .... 259 packets received, 5347 bps, 66.83%, Err 78 (9.8e-005)
103.263 .... 266 packets received, 5335 bps, 66.69%, Err 81 (9.9e-005)
106.712 .... 269 packets received, 5219 bps, 65.24%, Err 82 (9.7e-005)
108.846 .... 283 packets received, 5382 bps, 67.28%, Err 85 (9.9e-005)
112.018 .... 289 packets received, 5339 bps, 66.74%, Err 87 (9.8e-005)
114.155 .... 298 packets received, 5401 bps, 67.51%, Err 90 (1.0e-004)
116.262 .... 306 packets received, 5445 bps, 68.06%, Err 91 (9.9e-005)
118.930 .... 311 packets received, 5408 bps, 67.60%, Err 94 (1.0e-004)
122.635 .... 315 packets received, 5311 bps, 66.38%, Err 97 (1.0e-004)
125.804 .... 322 packets received, 5291 bps, 66.13%, Err 99 (9.9e-005)
131.112 .... 330 packets received, 5201 bps, 65.01%, Err 103 (9.9e-005)
134.282 .... 343 packets received, 5277 bps, 65.96%, Err 105 (9.9e-005)
137.477 .... 350 packets received, 5258 bps, 65.73%, Err 109 (1.0e-004)
140.370 .... 353 packets received, 5193 bps, 64.91%, Err 112 (1.0e-004)
143.307 .... 362 packets received, 5216 bps, 65.19%, Err 114 (1.0e-004)
145.954 .... 367 packets received, 5191 bps, 64.89%, Err 117 (1.0e-004)
148.075 .... 379 packets received, 5283 bps, 66.04%, Err 118 (1.0e-004)
150.213 .... 385 packets received, 5290 bps, 66.12%, Err 119 (1.0e-004)
153.367 .... 391 packets received, 5261 bps, 65.76%, Err 123 (1.0e-004)
156.561 .... 400 packets received, 5272 bps, 65.89%, Err 125 (1.0e-004)
158.665 .... 410 packets received, 5331 bps, 66.64%, Err 126 (1.0e-004)
160.787 .... 415 packets received, 5324 bps, 66.56%, Err 127 (1.0e-004)
166.346 .... 421 packets received, 5220 bps, 65.25%, Err 132 (1.0e-004)
168.466 .... 435 packets received, 5325 bps, 66.56%, Err 134 (1.0e-004)
173.247 .... 439 packets received, 5225 bps, 65.31%, Err 141 (1.0e-004)
176.417 .... 445 packets received, 5200 bps, 65.00%, Err 142 (1.0e-004)
179.358 .... 456 packets received, 5241 bps, 65.51%, Err 143 (1.0e-004)
181.474 .... 467 packets received, 5304 bps, 66.30%, Err 143 (9.9e-005)
183.860 .... 472 packets received, 5291 bps, 66.14%, Err 147 (1.0e-004)
186.491 .... 475 packets received, 5249 bps, 65.61%, Err 150 (1.0e-004)
189.665 .... 480 packets received, 5215 bps, 65.19%, Err 151 (1.0e-004)
192.605 .... 489 packets received, 5231 bps, 65.39%, Err 153 (1.0e-004)
195.524 .... 498 packets received, 5247 bps, 65.59%, Err 156 (1.0e-004)
199.500 .... 502 packets received, 5184 bps, 64.79%, Err 160 (1.0e-004)
202.395 .... 514 packets received, 5231 bps, 65.39%, Err 161 (1.0e-004)
205.576 .... 518 packets received, 5190 bps, 64.87%, Err 167 (1.0e-004)
208.776 .... 524 packets received, 5169 bps, 64.61%, Err 171 (1.0e-004)
211.413 .... 527 packets received, 5133 bps, 64.17%, Err 172 (1.0e-004)
216.418 .... 537 packets received, 5109 bps, 63.86%, Err 181 (1.1e-004)
219.338 .... 548 packets received, 5144 bps, 64.30%, Err 181 (1.0e-004)
221.468 .... 559 packets received, 5197 bps, 64.96%, Err 184 (1.0e-004)
224.366 .... 566 packets received, 5193 bps, 64.92%, Err 185 (1.0e-004)
226.493 .... 577 packets received, 5244 bps, 65.55%, Err 185 (1.0e-004)
228.620 .... 585 packets received, 5267 bps, 65.84%, Err 187 (1.0e-004)
230.742 .... 592 packets received, 5281 bps, 66.01%, Err 187 (1.0e-004)
233.903 .... 600 packets received, 5280 bps, 66.00%, Err 188 (1.0e-004)
236.051 .... 611 packets received, 5327 bps, 66.59%, Err 188 (1.0e-004)
238.152 .... 618 packets received, 5341 bps, 66.76%, Err 189 (1.0e-004)
240.272 .... 625 packets received, 5353 bps, 66.91%, Err 190 (9.9e-005)
242.407 .... 628 packets received, 5331 bps, 66.64%, Err 192 (1.0e-004)
244.517 .... 636 packets received, 5352 bps, 66.90%, Err 193 (9.9e-005)
246.641 .... 643 packets received, 5364 bps, 67.06%, Err 196 (1.0e-004)
249.325 .... 650 packets received, 5364 bps, 67.05%, Err 197 (9.9e-005)
253.260 .... 656 packets received, 5329 bps, 66.61%, Err 202 (1.0e-004)
256.164 .... 665 packets received, 5341 bps, 66.76%, Err 206 (1.0e-004)
259.358 .... 669 packets received, 5306 bps, 66.33%, Err 210 (1.0e-004)
262.522 .... 681 packets received, 5336 bps, 66.70%, Err 210 (1.0e-004)
264.914 .... 686 packets received, 5327 bps, 66.58%, Err 211 (1.0e-004)
269.166 .... 692 packets received, 5288 bps, 66.10%, Err 214 (1.0e-004)
272.340 .... 705 packets received, 5324 bps, 66.55%, Err 216 (1.0e-004)
274.735 .... 710 packets received, 5315 bps, 66.44%, Err 217 (9.9e-005)
280.029 .... 719 packets received, 5280 bps, 66.00%, Err 223 (1.0e-004)
283.463 .... 726 packets received, 5267 bps, 65.84%, Err 226 (1.0e-004)
286.128 .... 736 packets received, 5289 bps, 66.12%, Err 227 (1.0e-004)
288.242 .... 742 packets received, 5293 bps, 66.17%, Err 228 (9.9e-005)
292.237 .... 747 packets received, 5256 bps, 65.70%, Err 236 (1.0e-004)
295.160 .... 750 packets received, 5224 bps, 65.31%, Err 237 (1.0e-004)
297.558 .... 763 packets received, 5272 bps, 65.90%, Err 237 (1.0e-004)
300.690 .... 768 packets received, 5251 bps, 65.64%, Err 241 (1.0e-004)
303.081 .... 769 packets received, 5216 bps, 65.20%, Err 243 (1.0e-004)
305.992 .... 776 packets received, 5214 bps, 65.17%, Err 245 (1.0e-004)
308.131 .... 782 packets received, 5217 bps, 65.22%, Err 246 (1.0e-004)
312.122 .... 786 packets received, 5177 bps, 64.71%, Err 250 (1.0e-004)
315.038 .... 799 packets received, 5213 bps, 65.17%, Err 250 (1.0e-004)
317.158 .... 803 packets received, 5204 bps, 65.05%, Err 253 (1.0e-004)
319.826 .... 810 packets received, 5206 bps, 65.07%, Err 255 (1.0e-004)
321.912 .... 818 packets received, 5223 bps, 65.29%, Err 256 (1.0e-004)
325.890 .... 823 packets received, 5190 bps, 64.88%, Err 259 (1.0e-004)
328.253 .... 838 packets received, 5247 bps, 65.59%, Err 259 (9.9e-005)
330.623 .... 845 packets received, 5253 bps, 65.66%, Err 260 (9.9e-005)
335.407 .... 849 packets received, 5202 bps, 65.02%, Err 264 (9.9e-005)
337.797 .... 863 packets received, 5250 bps, 65.63%, Err 266 (9.9e-005)
339.919 .... 869 packets received, 5254 bps, 65.67%, Err 270 (1.0e-004)
343.596 .... 870 packets received, 5203 bps, 65.04%, Err 275 (1.0e-004)
346.790 .... 879 packets received, 5208 bps, 65.11%, Err 281 (1.0e-004)
349.438 .... 883 packets received, 5192 bps, 64.90%, Err 281 (1.0e-004)
352.620 .... 892 packets received, 5198 bps, 64.97%, Err 286 (1.0e-004)
355.522 .... 896 packets received, 5178 bps, 64.73%, Err 292 (1.0e-004)
358.701 .... 901 packets received, 5161 bps, 64.51%, Err 293 (1.0e-004)
361.882 .... 904 packets received, 5132 bps, 64.16%, Err 295 (1.0e-004)
365.072 .... 918 packets received, 5166 bps, 64.58%, Err 296 (1.0e-004)
367.215 .... 926 packets received, 5181 bps, 64.76%, Err 296 (1.0e-004)
369.330 .... 934 packets received, 5196 bps, 64.94%, Err 296 (1.0e-004)
371.691 .... 939 packets received, 5190 bps, 64.88%, Err 297 (1.0e-004)
373.822 .... 946 packets received, 5199 bps, 64.99%, Err 299 (1.0e-004)
375.926 .... 956 packets received, 5224 bps, 65.30%, Err 300 (1.0e-004)
378.059 .... 963 packets received, 5233 bps, 65.41%, Err 301 (1.0e-004)
380.438 .... 968 packets received, 5227 bps, 65.34%, Err 302 (1.0e-004)
382.528 .... 978 packets received, 5252 bps, 65.65%, Err 303 (9.9e-005)
384.946 .... 983 packets received, 5246 bps, 65.57%, Err 304 (9.9e-005)
387.074 .... 993 packets received, 5270 bps, 65.87%, Err 307 (9.9e-005)
389.178 .... 1000 packets received, 5278 bps, 65.98%, Err 308 (9.9e-005)
391.314 .... 1004 packets received, 5270 bps, 65.88%, Err 312 (1.0e-004)
393.942 .... 1008 packets received, 5256 bps, 65.70%, Err 315 (1.0e-004)
397.376 .... 1013 packets received, 5236 bps, 65.45%, Err 316 (1.0e-004)
401.607 .... 1019 packets received, 5211 bps, 65.14%, Err 320 (1.0e-004)
404.793 .... 1031 packets received, 5231 bps, 65.39%, Err 323 (1.0e-004)
407.995 .... 1040 packets received, 5235 bps, 65.44%, Err 326 (1.0e-004)
410.896 .... 1049 packets received, 5243 bps, 65.54%, Err 329 (1.0e-004)
414.624 .... 1053 packets received, 5216 bps, 65.20%, Err 331 (1.0e-004)
417.526 .... 1062 packets received, 5224 bps, 65.30%, Err 333 (1.0e-004)
419.661 .... 1074 packets received, 5256 bps, 65.70%, Err 333 (9.9e-005)
421.763 .... 1077 packets received, 5244 bps, 65.55%, Err 335 (1.0e-004)
423.903 .... 1087 packets received, 5266 bps, 65.83%, Err 335 (9.9e-005)
426.837 .... 1091 packets received, 5249 bps, 65.61%, Err 341 (1.0e-004)
429.744 .... 1096 packets received, 5237 bps, 65.47%, Err 342 (1.0e-004)
432.630 .... 1106 packets received, 5250 bps, 65.62%, Err 347 (1.0e-004)
434.756 .... 1109 packets received, 5238 bps, 65.48%, Err 349 (1.0e-004)
440.305 .... 1119 packets received, 5219 bps, 65.23%, Err 357 (1.0e-004)
443.759 .... 1123 packets received, 5196 bps, 64.95%, Err 358 (1.0e-004)
445.893 .... 1137 packets received, 5236 bps, 65.45%, Err 358 (1.0e-004)
449.074 .... 1141 packets received, 5217 bps, 65.21%, Err 360 (1.0e-004)
451.965 .... 1153 packets received, 5238 bps, 65.48%, Err 362 (1.0e-004)
454.115 .... 1163 packets received, 5258 bps, 65.73%, Err 362 (1.0e-004)
457.269 .... 1171 packets received, 5258 bps, 65.72%, Err 366 (1.0e-004)
459.941 .... 1175 packets received, 5245 bps, 65.57%, Err 367 (1.0e-004)
463.130 .... 1187 packets received, 5262 bps, 65.78%, Err 368 (1.0e-004)
467.101 .... 1192 packets received, 5239 bps, 65.49%, Err 373 (1.0e-004)
470.546 .... 1202 packets received, 5245 bps, 65.56%, Err 376 (1.0e-004)
473.208 .... 1205 packets received, 5228 bps, 65.35%, Err 378 (1.0e-004)
475.321 .... 1215 packets received, 5248 bps, 65.60%, Err 379 (1.0e-004)
477.455 .... 1221 packets received, 5250 bps, 65.63%, Err 381 (1.0e-004)
480.076 .... 1227 packets received, 5247 bps, 65.59%, Err 384 (1.0e-004)
482.722 .... 1233 packets received, 5244 bps, 65.55%, Err 385 (1.0e-004)
485.663 .... 1243 packets received, 5254 bps, 65.68%, Err 387 (1.0e-004)
487.782 .... 1251 packets received, 5265 bps, 65.81%, Err 389 (1.0e-004)
490.696 .... 1260 packets received, 5271 bps, 65.89%, Err 392 (1.0e-004)
492.797 .... 1271 packets received, 5295 bps, 66.18%, Err 392 (1.0e-004)
494.936 .... 1279 packets received, 5305 bps, 66.31%, Err 392 (9.9e-005)
498.127 .... 1286 packets received, 5300 bps, 66.25%, Err 396 (1.0e-004)
500.260 .... 1297 packets received, 5322 bps, 66.53%, Err 396 (9.9e-005)
503.425 .... 1303 packets received, 5313 bps, 66.41%, Err 399 (9.9e-005)
506.592 .... 1314 packets received, 5324 bps, 66.55%, Err 401 (9.9e-005)
509.788 .... 1321 packets received, 5319 bps, 66.49%, Err 406 (1.0e-004)
512.696 .... 1327 packets received, 5313 bps, 66.41%, Err 409 (1.0e-004)
517.730 .... 1332 packets received, 5281 bps, 66.01%, Err 414 (1.0e-004)
520.890 .... 1341 packets received, 5284 bps, 66.05%, Err 417 (1.0e-004)
524.611 .... 1344 packets received, 5258 bps, 65.73%, Err 421 (1.0e-004)
527.766 .... 1348 packets received, 5242 bps, 65.53%, Err 421 (1.0e-004)
529.897 .... 1359 packets received, 5264 bps, 65.80%, Err 423 (1.0e-004)
532.029 .... 1362 packets received, 5254 bps, 65.68%, Err 425 (1.0e-004)
534.406 .... 1369 packets received, 5258 bps, 65.72%, Err 427 (1.0e-004)
536.792 .... 1377 packets received, 5265 bps, 65.81%, Err 429 (1.0e-004)
539.954 .... 1388 packets received, 5276 bps, 65.95%, Err 430 (1.0e-004)
542.067 .... 1398 packets received, 5293 bps, 66.16%, Err 431 (1.0e-004)
544.752 .... 1404 packets received, 5290 bps, 66.12%, Err 432 (9.9e-005)
549.778 .... 1412 packets received, 5271 bps, 65.89%, Err 436 (9.9e-005)
555.067 .... 1424 packets received, 5265 bps, 65.81%, Err 445 (1.0e-004)
562.100 .... 1429 packets received, 5217 bps, 65.22%, Err 451 (1.0e-004)
565.252 .... 1434 packets received, 5206 bps, 65.08%, Err 453 (1.0e-004)
568.314 .... 1441 packets received, 5203 bps, 65.04%, Err 455 (1.0e-004)
570.953 .... 1445 packets received, 5194 bps, 64.92%, Err 455 (1.0e-004)
573.088 .... 1449 packets received, 5189 bps, 64.86%, Err 456 (1.0e-004)
575.446 .... 1463 packets received, 5217 bps, 65.22%, Err 458 (1.0e-004)
577.554 .... 1469 packets received, 5220 bps, 65.24%, Err 459 (1.0e-004)
579.687 .... 1475 packets received, 5222 bps, 65.27%, Err 460 (1.0e-004)
581.833 .... 1483 packets received, 5230 bps, 65.38%, Err 460 (9.9e-005)
583.936 .... 1487 packets received, 5226 bps, 65.32%, Err 462 (9.9e-005)
588.960 .... 1493 packets received, 5202 bps, 65.02%, Err 470 (1.0e-004)
591.885 .... 1500 packets received, 5200 bps, 65.00%, Err 471 (1.0e-004)
593.995 .... 1511 packets received, 5220 bps, 65.25%, Err 473 (1.0e-004)
596.395 .... 1516 packets received, 5216 bps, 65.20%, Err 474 (1.0e-004)
599.319 .... 1526 packets received, 5225 bps, 65.31%, Err 475 (1.0e-004)
601.708 .... 1534 packets received, 5231 bps, 65.39%, Err 477 (1.0e-004)
604.634 .... 1536 packets received, 5213 bps, 65.16%, Err 482 (1.0e-004)
610.974 .... 1548 packets received, 5199 bps, 64.99%, Err 485 (1.0e-004)
615.730 .... 1560 packets received, 5199 bps, 64.98%, Err 491 (1.0e-004)
622.750 .... 1567 packets received, 5163 bps, 64.54%, Err 497 (1.0e-004)
625.941 .... 1573 packets received, 5156 bps, 64.45%, Err 501 (1.0e-004)
629.111 .... 1578 packets received, 5146 bps, 64.33%, Err 501 (1.0e-004)
633.859 .... 1593 packets received, 5156 bps, 64.46%, Err 505 (1.0e-004)
637.303 .... 1603 packets received, 5161 bps, 64.51%, Err 507 (1.0e-004)
639.436 .... 1607 packets received, 5156 bps, 64.45%, Err 509 (1.0e-004)
642.366 .... 1609 packets received, 5139 bps, 64.24%, Err 511 (1.0e-004)
644.510 .... 1622 packets received, 5163 bps, 64.54%, Err 513 (1.0e-004)
647.658 .... 1628 packets received, 5157 bps, 64.47%, Err 516 (1.0e-004)
652.432 .... 1635 packets received, 5141 bps, 64.27%, Err 521 (1.0e-004)
655.341 .... 1648 packets received, 5159 bps, 64.49%, Err 522 (1.0e-004)
657.757 .... 1651 packets received, 5150 bps, 64.37%, Err 525 (1.0e-004)
660.887 .... 1656 packets received, 5141 bps, 64.26%, Err 526 (1.0e-004)
663.014 .... 1667 packets received, 5158 bps, 64.48%, Err 529 (1.0e-004)
665.125 .... 1675 packets received, 5167 bps, 64.58%, Err 531 (1.0e-004)
667.247 .... 1682 packets received, 5172 bps, 64.65%, Err 531 (1.0e-004)
669.646 .... 1686 packets received, 5165 bps, 64.57%, Err 534 (1.0e-004)
671.760 .... 1697 packets received, 5183 bps, 64.78%, Err 534 (1.0e-004)
675.212 .... 1701 packets received, 5168 bps, 64.60%, Err 537 (1.0e-004)
679.463 .... 1707 packets received, 5154 bps, 64.42%, Err 541 (1.0e-004)
682.670 .... 1716 packets received, 5157 bps, 64.46%, Err 541 (9.9e-005)
685.300 .... 1721 packets received, 5152 bps, 64.40%, Err 545 (1.0e-004)
687.684 .... 1723 packets received, 5140 bps, 64.25%, Err 548 (1.0e-004)
689.822 .... 1724 packets received, 5127 bps, 64.09%, Err 550 (1.0e-004)
693.001 .... 1731 packets received, 5124 bps, 64.05%, Err 553 (1.0e-004)
696.220 .... 1738 packets received, 5121 bps, 64.01%, Err 555 (1.0e-004)
698.326 .... 1749 packets received, 5138 bps, 64.22%, Err 557 (1.0e-004)
700.429 .... 1755 packets received, 5140 bps, 64.25%, Err 561 (1.0e-004)
703.339 .... 1758 packets received, 5127 bps, 64.09%, Err 562 (1.0e-004)
705.456 .... 1771 packets received, 5150 bps, 64.37%, Err 563 (1.0e-004)
707.564 .... 1779 packets received, 5158 bps, 64.47%, Err 563 (1.0e-004)
711.005 .... 1783 packets received, 5144 bps, 64.30%, Err 569 (1.0e-004)
714.194 .... 1787 packets received, 5133 bps, 64.16%, Err 569 (1.0e-004)
717.353 .... 1795 packets received, 5133 bps, 64.16%, Err 573 (1.0e-004)
720.569 .... 1803 packets received, 5133 bps, 64.16%, Err 574 (1.0e-004)
725.319 .... 1811 packets received, 5122 bps, 64.02%, Err 579 (1.0e-004)
728.785 .... 1823 packets received, 5131 bps, 64.14%, Err 580 (1.0e-004)
731.162 .... 1827 packets received, 5126 bps, 64.07%, Err 582 (1.0e-004)
734.082 .... 1830 packets received, 5114 bps, 63.92%, Err 584 (1.0e-004)
737.254 .... 1842 packets received, 5125 bps, 64.06%, Err 587 (1.0e-004)
739.416 .... 1849 packets received, 5129 bps, 64.12%, Err 588 (1.0e-004)
742.322 .... 1855 packets received, 5126 bps, 64.07%, Err 592 (1.0e-004)
745.768 .... 1860 packets received, 5116 bps, 63.95%, Err 594 (1.0e-004)
747.904 .... 1871 packets received, 5131 bps, 64.14%, Err 596 (1.0e-004)
750.577 .... 1874 packets received, 5121 bps, 64.02%, Err 603 (1.0e-004)
754.264 .... 1877 packets received, 5104 bps, 63.80%, Err 605 (1.0e-004)
757.444 .... 1879 packets received, 5088 bps, 63.60%, Err 608 (1.0e-004)
760.085 .... 1888 packets received, 5095 bps, 63.69%, Err 610 (1.0e-004)
763.007 .... 1897 packets received, 5100 bps, 63.74%, Err 612 (1.0e-004)
765.103 .... 1907 packets received, 5112 bps, 63.90%, Err 612 (1.0e-004)
768.537 .... 1915 packets received, 5111 bps, 63.89%, Err 614 (1.0e-004)
773.564 .... 1924 packets received, 5101 bps, 63.77%, Err 618 (1.0e-004)
777.034 .... 1928 packets received, 5089 bps, 63.61%, Err 619 (1.0e-004)
780.194 .... 1943 packets received, 5108 bps, 63.85%, Err 621 (1.0e-004)
782.605 .... 1948 packets received, 5105 bps, 63.82%, Err 624 (1.0e-004)
785.791 .... 1958 packets received, 5111 bps, 63.88%, Err 628 (1.0e-004)
789.503 .... 1961 packets received, 5094 bps, 63.68%, Err 631 (1.0e-004)
792.942 .... 1970 packets received, 5096 bps, 63.69%, Err 634 (1.0e-004)
795.058 .... 1979 packets received, 5105 bps, 63.81%, Err 634 (1.0e-004)
797.452 .... 1982 packets received, 5098 bps, 63.72%, Err 637 (1.0e-004)
800.626 .... 1985 packets received, 5085 bps, 63.56%, Err 638 (1.0e-004)
805.385 .... 1995 packets received, 5080 bps, 63.50%, Err 643 (1.0e-004)
812.099 .... 2000 packets received, 5051 bps, 63.14%, Err 646 (1.0e-004)
814.795 .... 2010 packets received, 5059 bps, 63.24%, Err 649 (1.0e-004)
819.049 .... 2018 packets received, 5053 bps, 63.16%, Err 652 (1.0e-004)
821.951 .... 2030 packets received, 5065 bps, 63.31%, Err 654 (1.0e-004)
824.596 .... 2040 packets received, 5074 bps, 63.42%, Err 657 (1.0e-004)
827.504 .... 2043 packets received, 5063 bps, 63.29%, Err 660 (1.0e-004)
830.410 .... 2048 packets received, 5058 bps, 63.22%, Err 663 (1.0e-004)
832.549 .... 2058 packets received, 5070 bps, 63.37%, Err 664 (1.0e-004)
834.920 .... 2062 packets received, 5065 bps, 63.31%, Err 665 (1.0e-004)
837.606 .... 2070 packets received, 5068 bps, 63.35%, Err 666 (1.0e-004)
840.222 .... 2079 packets received, 5074 bps, 63.43%, Err 671 (1.0e-004)
842.875 .... 2083 packets received, 5068 bps, 63.35%, Err 673 (1.0e-004)
845.822 .... 2087 packets received, 5060 bps, 63.25%, Err 675 (1.0e-004)
848.444 .... 2096 packets received, 5066 bps, 63.33%, Err 680 (1.0e-004)
850.558 .... 2106 packets received, 5078 bps, 63.47%, Err 680 (1.0e-004)
853.462 .... 2113 packets received, 5077 bps, 63.47%, Err 681 (1.0e-004)
855.578 .... 2124 packets received, 5091 bps, 63.64%, Err 682 (1.0e-004)
859.043 .... 2130 packets received, 5085 bps, 63.56%, Err 684 (1.0e-004)
864.055 .... 2140 packets received, 5079 bps, 63.49%, Err 688 (1.0e-004)
866.216 .... 2155 packets received, 5102 bps, 63.77%, Err 690 (1.0e-004)
868.833 .... 2159 packets received, 5096 bps, 63.70%, Err 693 (1.0e-004)
871.753 .... 2168 packets received, 5100 bps, 63.75%, Err 696 (1.0e-004)
873.882 .... 2177 packets received, 5109 bps, 63.86%, Err 697 (1.0e-004)
877.574 .... 2178 packets received, 5090 bps, 63.62%, Err 703 (1.0e-004)
880.781 .... 2180 packets received, 5076 bps, 63.45%, Err 705 (1.0e-004)
884.612 .... 2181 packets received, 5056 bps, 63.20%, Err 708 (1.0e-004)
887.532 .... 2196 packets received, 5074 bps, 63.42%, Err 708 (1.0e-004)
889.650 .... 2203 packets received, 5078 bps, 63.47%, Err 711 (1.0e-004)
891.755 .... 2212 packets received, 5087 bps, 63.58%, Err 712 (1.0e-004)
894.416 .... 2218 packets received, 5085 bps, 63.57%, Err 714 (1.0e-004)
897.605 .... 2227 packets received, 5088 bps, 63.60%, Err 717 (1.0e-004)
899.716 .... 2239 packets received, 5103 bps, 63.79%, Err 717 (1.0e-004)
903.716 .... 2241 packets received, 5085 bps, 63.56%, Err 722 (1.0e-004)
907.119 .... 2245 packets received, 5075 bps, 63.44%, Err 725 (1.0e-004)
910.035 .... 2258 packets received, 5088 bps, 63.60%, Err 726 (1.0e-004)
912.419 .... 2266 packets received, 5093 bps, 63.66%, Err 728 (1.0e-004)
914.541 .... 2276 packets received, 5103 bps, 63.79%, Err 729 (1.0e-004)
916.677 .... 2282 packets received, 5105 bps, 63.81%, Err 729 (1.0e-004)
919.855 .... 2289 packets received, 5103 bps, 63.78%, Err 731 (1.0e-004)
921.986 .... 2300 packets received, 5115 bps, 63.94%, Err 731 (1.0e-004)
926.211 .... 2303 packets received, 5099 bps, 63.73%, Err 735 (1.0e-004)
930.166 .... 2307 packets received, 5086 bps, 63.57%, Err 741 (1.0e-004)
933.093 .... 2317 packets received, 5092 bps, 63.65%, Err 744 (1.0e-004)
936.270 .... 2325 packets received, 5092 bps, 63.65%, Err 747 (1.0e-004)
940.225 .... 2328 packets received, 5077 bps, 63.46%, Err 748 (1.0e-004)
942.344 .... 2341 packets received, 5094 bps, 63.67%, Err 752 (1.0e-004)
944.479 .... 2345 packets received, 5091 bps, 63.64%, Err 753 (1.0e-004)
946.848 .... 2350 packets received, 5089 bps, 63.62%, Err 753 (1.0e-004)
949.793 .... 2355 packets received, 5084 bps, 63.55%, Err 755 (1.0e-004)
953.767 .... 2360 packets received, 5074 bps, 63.42%, Err 759 (1.0e-004)
957.217 .... 2368 packets received, 5073 bps, 63.41%, Err 763 (1.0e-004)
959.316 .... 2378 packets received, 5083 bps, 63.54%, Err 763 (1.0e-004)
962.537 .... 2384 packets received, 5079 bps, 63.48%, Err 767 (1.0e-004)
964.611 .... 2395 packets received, 5091 bps, 63.64%, Err 767 (1.0e-004)
968.087 .... 2401 packets received, 5085 bps, 63.57%, Err 772 (1.0e-004)
971.024 .... 2407 packets received, 5083 bps, 63.53%, Err 773 (1.0e-004)
973.369 .... 2416 packets received, 5089 bps, 63.62%, Err 773 (1.0e-004)
975.467 .... 2419 packets received, 5085 bps, 63.56%, Err 776 (1.0e-004)
978.670 .... 2427 packets received, 5085 bps, 63.56%, Err 780 (1.0e-004)
981.849 .... 2435 packets received, 5085 bps, 63.56%, Err 783 (1.0e-004)
985.045 .... 2442 packets received, 5083 bps, 63.54%, Err 785 (1.0e-004)
988.494 .... 2449 packets received, 5080 bps, 63.50%, Err 787 (1.0e-004)
990.584 .... 2456 packets received, 5084 bps, 63.55%, Err 791 (1.0e-004)
993.783 .... 2467 packets received, 5090 bps, 63.62%, Err 795 (1.0e-004)
997.238 .... 2469 packets received, 5076 bps, 63.46%, Err 796 (1.0e-004)
999.342 .... 2482 packets received, 5092 bps, 63.65%, Err 796 (1.0e-004)
1001.476 .... 2485 packets received, 5088 bps, 63.60%, Err 798 (1.0e-004)
1004.150 .... 2492 packets received, 5088 bps, 63.61%, Err 801 (1.0e-004)
1007.313 .... 2498 packets received, 5085 bps, 63.56%, Err 801 (1.0e-004)
1009.429 .... 2507 packets received, 5092 bps, 63.65%, Err 803 (1.0e-004)
1011.591 .... 2510 packets received, 5087 bps, 63.59%, Err 804 (1.0e-004)
1013.657 .... 2521 packets received, 5099 bps, 63.74%, Err 805 (1.0e-004)
1016.627 .... 2526 packets received, 5094 bps, 63.68%, Err 809 (1.0e-004)
1018.972 .... 2534 packets received, 5099 bps, 63.74%, Err 812 (1.0e-004)
1021.091 .... 2545 packets received, 5110 bps, 63.88%, Err 813 (1.0e-004)
1023.224 .... 2549 packets received, 5108 bps, 63.85%, Err 814 (1.0e-004)
1025.343 .... 2555 packets received, 5109 bps, 63.86%, Err 815 (1.0e-004)
1027.477 .... 2558 packets received, 5104 bps, 63.81%, Err 818 (1.0e-004)
1030.382 .... 2564 packets received, 5102 bps, 63.77%, Err 821 (1.0e-004)
1032.536 .... 2575 packets received, 5113 bps, 63.91%, Err 822 (1.0e-004)
1034.635 .... 2580 packets received, 5113 bps, 63.91%, Err 823 (1.0e-004)
1038.064 .... 2586 packets received, 5108 bps, 63.85%, Err 826 (1.0e-004)
1040.725 .... 2594 packets received, 5110 bps, 63.88%, Err 828 (1.0e-004)
1043.386 .... 2602 packets received, 5113 bps, 63.91%, Err 830 (1.0e-004)
1046.520 .... 2615 packets received, 5123 bps, 64.04%, Err 831 (1.0e-004)
1048.670 .... 2626 packets received, 5134 bps, 64.18%, Err 831 (1.0e-004)
1051.309 .... 2632 packets received, 5133 bps, 64.16%, Err 833 (1.0e-004)
1055.277 .... 2637 packets received, 5123 bps, 64.04%, Err 839 (1.0e-004)
1060.301 .... 2646 packets received, 5116 bps, 63.96%, Err 845 (1.0e-004)
1063.754 .... 2649 packets received, 5106 bps, 63.82%, Err 846 (1.0e-004)
1066.667 .... 2662 packets received, 5117 bps, 63.96%, Err 850 (1.0e-004)
1069.311 .... 2670 packets received, 5119 bps, 63.99%, Err 852 (1.0e-004)
1071.715 .... 2678 packets received, 5123 bps, 64.04%, Err 854 (1.0e-004)
1073.829 .... 2688 packets received, 5132 bps, 64.15%, Err 855 (1.0e-004)
1075.950 .... 2696 packets received, 5137 bps, 64.21%, Err 856 (1.0e-004)
1078.088 .... 2700 packets received, 5135 bps, 64.18%, Err 858 (1.0e-004)
1080.989 .... 2705 packets received, 5130 bps, 64.13%, Err 861 (1.0e-004)
1083.416 .... 2718 packets received, 5143 bps, 64.29%, Err 862 (1.0e-004)
1086.058 .... 2721 packets received, 5137 bps, 64.21%, Err 864 (1.0e-004)
1088.173 .... 2732 packets received, 5147 bps, 64.34%, Err 864 (1.0e-004)
1092.387 .... 2734 packets received, 5131 bps, 64.14%, Err 872 (1.0e-004)
1095.560 .... 2743 packets received, 5133 bps, 64.16%, Err 875 (1.0e-004)
1099.031 .... 2744 packets received, 5119 bps, 63.98%, Err 877 (1.0e-004)
1102.489 .... 2749 packets received, 5112 bps, 63.90%, Err 879 (1.0e-004)
1104.591 .... 2762 packets received, 5126 bps, 64.08%, Err 879 (1.0e-004)
1109.876 .... 2765 packets received, 5107 bps, 63.84%, Err 883 (1.0e-004)
1113.329 .... 2777 packets received, 5114 bps, 63.92%, Err 887 (1.0e-004)
1116.264 .... 2784 packets received, 5113 bps, 63.91%, Err 889 (1.0e-004)
1119.979 .... 2788 packets received, 5103 bps, 63.79%, Err 894 (1.0e-004)
1123.397 .... 2796 packets received, 5102 bps, 63.78%, Err 896 (1.0e-004)
1126.870 .... 2798 packets received, 5090 bps, 63.63%, Err 901 (1.0e-004)
1130.298 .... 2804 packets received, 5086 bps, 63.57%, Err 902 (1.0e-004)
1132.966 .... 2806 packets received, 5077 bps, 63.47%, Err 904 (1.0e-004)
1135.062 .... 2824 packets received, 5101 bps, 63.76%, Err 905 (1.0e-004)
1137.216 .... 2832 packets received, 5105 bps, 63.82%, Err 906 (1.0e-004)
1139.319 .... 2839 packets received, 5108 bps, 63.86%, Err 907 (1.0e-004)
1143.298 .... 2841 packets received, 5094 bps, 63.68%, Err 913 (1.0e-004)
1146.713 .... 2846 packets received, 5088 bps, 63.60%, Err 917 (1.0e-004)
1149.397 .... 2858 packets received, 5098 bps, 63.72%, Err 919 (1.0e-004)
1151.504 .... 2868 packets received, 5106 bps, 63.83%, Err 919 (1.0e-004)
1153.638 .... 2872 packets received, 5104 bps, 63.80%, Err 921 (1.0e-004)
1156.268 .... 2873 packets received, 5094 bps, 63.67%, Err 923 (1.0e-004)
1158.383 .... 2886 packets received, 5108 bps, 63.84%, Err 924 (1.0e-004)
1161.570 .... 2891 packets received, 5102 bps, 63.78%, Err 927 (1.0e-004)
1166.376 .... 2896 packets received, 5090 bps, 63.63%, Err 934 (1.0e-004)
1169.531 .... 2905 packets received, 5092 bps, 63.65%, Err 935 (1.0e-004)
1171.929 .... 2917 packets received, 5103 bps, 63.78%, Err 935 (1.0e-004)
1174.061 .... 2923 packets received, 5104 bps, 63.80%, Err 935 (1.0e-004)
1176.151 .... 2929 packets received, 5105 bps, 63.82%, Err 936 (1.0e-004)
1179.346 .... 2935 packets received, 5102 bps, 63.77%, Err 940 (1.0e-004)
1182.246 .... 2943 packets received, 5103 bps, 63.79%, Err 941 (1.0e-004)
1184.367 .... 2953 packets received, 5111 bps, 63.89%, Err 943 (1.0e-004)
1186.482 .... 2957 packets received, 5109 bps, 63.86%, Err 945 (1.0e-004)
1191.539 .... 2965 packets received, 5101 bps, 63.76%, Err 950 (1.0e-004)
1193.619 .... 2979 packets received, 5116 bps, 63.95%, Err 950 (1.0e-004)
1195.754 .... 2984 packets received, 5116 bps, 63.95%, Err 951 (1.0e-004)
1197.843 .... 2990 packets received, 5117 bps, 63.96%, Err 951 (1.0e-004)
1201.040 .... 2995 packets received, 5112 bps, 63.90%, Err 956 (1.0e-004)
1203.957 .... 2999 packets received, 5106 bps, 63.83%, Err 959 (1.0e-004)
1207.135 .... 3002 packets received, 5098 bps, 63.73%, Err 960 (1.0e-004)
1210.063 .... 3010 packets received, 5099 bps, 63.74%, Err 962 (1.0e-004)
1216.700 .... 3021 packets received, 5090 bps, 63.62%, Err 968 (1.0e-004)
1219.872 .... 3026 packets received, 5085 bps, 63.56%, Err 969 (1.0e-004)
1224.656 .... 3037 packets received, 5084 bps, 63.55%, Err 976 (1.0e-004)
1228.628 .... 3044 packets received, 5079 bps, 63.49%, Err 979 (1.0e-004)
1231.820 .... 3046 packets received, 5069 bps, 63.36%, Err 982 (1.0e-004)
1234.706 .... 3055 packets received, 5072 bps, 63.40%, Err 985 (1.0e-004)
1236.852 .... 3067 packets received, 5083 bps, 63.54%, Err 986 (1.0e-004)
1241.629 .... 3072 packets received, 5072 bps, 63.40%, Err 990 (1.0e-004)
1245.049 .... 3082 packets received, 5074 bps, 63.43%, Err 992 (1.0e-004)
1247.983 .... 3087 packets received, 5071 bps, 63.38%, Err 994 (1.0e-004)
1250.910 .... 3099 packets received, 5078 bps, 63.48%, Err 998 (1.0e-004)
1253.787 .... 3101 packets received, 5070 bps, 63.38%, Err 1000 (1.0e-004)
1256.697 .... 3111 packets received, 5075 bps, 63.43%, Err 1000 (1.0e-004)
1259.098 .... 3116 packets received, 5073 bps, 63.41%, Err 1002 (1.0e-004)
1261.760 .... 3121 packets received, 5070 bps, 63.38%, Err 1003 (1.0e-004)
1263.865 .... 3134 packets received, 5083 bps, 63.54%, Err 1003 (1.0e-004)
1265.995 .... 3140 packets received, 5084 bps, 63.55%, Err 1004 (1.0e-004)
1268.358 .... 3144 packets received, 5081 bps, 63.52%, Err 1008 (1.0e-004)
1271.020 .... 3147 packets received, 5075 bps, 63.44%, Err 1009 (1.0e-004)
1273.946 .... 3156 packets received, 5078 bps, 63.48%, Err 1011 (1.0e-004)
1279.521 .... 3167 packets received, 5074 bps, 63.42%, Err 1016 (1.0e-004)
1282.955 .... 3177 packets received, 5076 bps, 63.45%, Err 1020 (1.0e-004)
1285.072 .... 3185 packets received, 5080 bps, 63.51%, Err 1020 (1.0e-004)
1290.114 .... 3190 packets received, 5069 bps, 63.36%, Err 1028 (1.0e-004)
1293.307 .... 3197 packets received, 5067 bps, 63.34%, Err 1031 (1.0e-004)
1295.935 .... 3200 packets received, 5062 bps, 63.27%, Err 1032 (1.0e-004)
1298.860 .... 3213 packets received, 5071 bps, 63.38%, Err 1035 (1.0e-004)
1300.992 .... 3223 packets received, 5078 bps, 63.48%, Err 1035 (1.0e-004)
1304.148 .... 3226 packets received, 5071 bps, 63.38%, Err 1038 (1.0e-004)
1307.328 .... 3234 packets received, 5071 bps, 63.38%, Err 1045 (1.0e-004)
1310.506 .... 3239 packets received, 5066 bps, 63.33%, Err 1047 (1.0e-004)
1313.961 .... 3250 packets received, 5070 bps, 63.38%, Err 1048 (1.0e-004)
1318.447 .... 3258 packets received, 5065 bps, 63.32%, Err 1056 (1.0e-004)
1321.897 .... 3263 packets received, 5060 bps, 63.25%, Err 1058 (1.0e-004)
1324.556 .... 3271 packets received, 5062 bps, 63.27%, Err 1060 (1.0e-004)
1327.751 .... 3277 packets received, 5059 bps, 63.24%, Err 1062 (1.0e-004)
1329.832 .... 3287 packets received, 5067 bps, 63.33%, Err 1063 (1.0e-004)
1331.949 .... 3293 packets received, 5068 bps, 63.35%, Err 1064 (1.0e-004)
1334.121 .... 3299 packets received, 5069 bps, 63.36%, Err 1064 (1.0e-004)
1336.206 .... 3305 packets received, 5070 bps, 63.37%, Err 1064 (1.0e-004)
1340.987 .... 3309 packets received, 5058 bps, 63.22%, Err 1071 (1.0e-004)
1344.395 .... 3317 packets received, 5057 bps, 63.22%, Err 1073 (1.0e-004)
1348.100 .... 3321 packets received, 5050 bps, 63.12%, Err 1080 (1.0e-004)
1351.535 .... 3325 packets received, 5043 bps, 63.03%, Err 1085 (1.0e-004)
1354.734 .... 3327 packets received, 5034 bps, 62.92%, Err 1087 (1.0e-004)
1357.752 .... 3333 packets received, 5032 bps, 62.90%, Err 1088 (1.0e-004)
1361.746 .... 3342 packets received, 5030 bps, 62.88%, Err 1092 (1.0e-004)
1367.834 .... 3355 packets received, 5028 bps, 62.84%, Err 1098 (1.0e-004)
1371.282 .... 3366 packets received, 5031 bps, 62.89%, Err 1098 (1.0e-004)
1375.263 .... 3369 packets received, 5021 bps, 62.77%, Err 1103 (1.0e-004)
1377.906 .... 3376 packets received, 5022 bps, 62.78%, Err 1106 (1.0e-004)
1382.698 .... 3382 packets received, 5013 bps, 62.67%, Err 1112 (1.0e-004)
1385.622 .... 3391 packets received, 5016 bps, 62.70%, Err 1113 (1.0e-004)
1387.990 .... 3397 packets received, 5017 bps, 62.71%, Err 1115 (1.0e-004)
1390.146 .... 3406 packets received, 5022 bps, 62.78%, Err 1115 (1.0e-004)
1392.256 .... 3414 packets received, 5026 bps, 62.83%, Err 1116 (1.0e-004)
1395.400 .... 3421 packets received, 5025 bps, 62.81%, Err 1117 (1.0e-004)
1397.526 .... 3432 packets received, 5034 bps, 62.92%, Err 1117 (1.0e-004)
1399.896 .... 3436 packets received, 5031 bps, 62.89%, Err 1119 (1.0e-004)
1403.082 .... 3444 packets received, 5031 bps, 62.89%, Err 1122 (1.0e-004)
1407.055 .... 3452 packets received, 5029 bps, 62.86%, Err 1127 (1.0e-004)
1409.715 .... 3461 packets received, 5032 bps, 62.90%, Err 1129 (1.0e-004)
1411.831 .... 3463 packets received, 5028 bps, 62.84%, Err 1132 (1.0e-004)
1414.476 .... 3473 packets received, 5033 bps, 62.91%, Err 1134 (1.0e-004)
1416.603 .... 3481 packets received, 5037 bps, 62.96%, Err 1135 (1.0e-004)
1419.267 .... 3487 packets received, 5036 bps, 62.95%, Err 1136 (1.0e-004)
1421.377 .... 3498 packets received, 5044 bps, 63.05%, Err 1136 (1.0e-004)
1423.491 .... 3506 packets received, 5048 bps, 63.10%, Err 1138 (1.0e-004)
1426.144 .... 3509 packets received, 5043 bps, 63.04%, Err 1139 (1.0e-004)
1430.649 .... 3518 packets received, 5040 bps, 63.00%, Err 1144 (1.0e-004)
1432.773 .... 3531 packets received, 5051 bps, 63.14%, Err 1145 (1.0e-004)
1435.172 .... 3534 packets received, 5047 bps, 63.09%, Err 1146 (1.0e-004)
1438.091 .... 3539 packets received, 5044 bps, 63.05%, Err 1150 (1.0e-004)
1440.704 .... 3544 packets received, 5042 bps, 63.02%, Err 1151 (1.0e-004)
1443.089 .... 3550 packets received, 5042 bps, 63.03%, Err 1156 (1.0e-004)
1446.814 .... 3556 packets received, 5038 bps, 62.97%, Err 1161 (1.0e-004)
1451.048 .... 3567 packets received, 5038 bps, 62.98%, Err 1169 (1.0e-004)
1453.959 .... 3570 packets received, 5033 bps, 62.91%, Err 1170 (1.0e-004)
1458.737 .... 3579 packets received, 5029 bps, 62.86%, Err 1174 (1.0e-004)
1461.433 .... 3588 packets received, 5032 bps, 62.90%, Err 1176 (1.0e-004)
1464.026 .... 3595 packets received, 5033 bps, 62.91%, Err 1182 (1.0e-004)
1466.657 .... 3598 packets received, 5028 bps, 62.85%, Err 1182 (1.0e-004)
1469.327 .... 3608 packets received, 5033 bps, 62.91%, Err 1183 (1.0e-004)
1471.448 .... 3614 packets received, 5034 bps, 62.93%, Err 1183 (1.0e-004)
1473.560 .... 3620 packets received, 5035 bps, 62.94%, Err 1185 (1.0e-004)
1477.796 .... 3622 packets received, 5023 bps, 62.79%, Err 1190 (1.0e-004)
1480.725 .... 3633 packets received, 5029 bps, 62.86%, Err 1193 (1.0e-004)
1483.877 .... 3639 packets received, 5026 bps, 62.83%, Err 1193 (1.0e-004)
1486.014 .... 3648 packets received, 5032 bps, 62.89%, Err 1195 (1.0e-004)
1489.944 .... 3651 packets received, 5022 bps, 62.78%, Err 1197 (1.0e-004)
1492.339 .... 3666 packets received, 5035 bps, 62.94%, Err 1198 (1.0e-004)
1495.003 .... 3670 packets received, 5031 bps, 62.89%, Err 1199 (1.0e-004)
1497.127 .... 3677 packets received, 5034 bps, 62.92%, Err 1200 (1.0e-004)
1500.301 .... 3686 packets received, 5036 bps, 62.94%, Err 1202 (1.0e-004)
1502.409 .... 3698 packets received, 5045 bps, 63.06%, Err 1202 (1.0e-004)
1504.539 .... 3706 packets received, 5049 bps, 63.11%, Err 1203 (1.0e-004)
1508.508 .... 3707 packets received, 5037 bps, 62.96%, Err 1208 (1.0e-004)
1512.211 .... 3718 packets received, 5039 bps, 62.99%, Err 1211 (1.0e-004)
1514.316 .... 3729 packets received, 5047 bps, 63.09%, Err 1213 (1.0e-004)
1516.449 .... 3740 packets received, 5055 bps, 63.19%, Err 1214 (1.0e-004)
1519.103 .... 3743 packets received, 5050 bps, 63.13%, Err 1216 (1.0e-004)
1521.232 .... 3756 packets received, 5060 bps, 63.26%, Err 1216 (1.0e-004)
1523.618 .... 3761 packets received, 5059 bps, 63.24%, Err 1217 (1.0e-004)
1525.746 .... 3767 packets received, 5060 bps, 63.25%, Err 1220 (1.0e-004)
1527.867 .... 3778 packets received, 5068 bps, 63.35%, Err 1220 (1.0e-004)
1530.515 .... 3783 packets received, 5066 bps, 63.32%, Err 1224 (1.0e-004)
1532.645 .... 3793 packets received, 5072 bps, 63.40%, Err 1224 (1.0e-004)
1534.763 .... 3801 packets received, 5076 bps, 63.45%, Err 1224 (1.0e-004)
1536.869 .... 3808 packets received, 5078 bps, 63.48%, Err 1225 (1.0e-004)
1539.787 .... 3815 packets received, 5078 bps, 63.47%, Err 1227 (1.0e-004)
1542.724 .... 3821 packets received, 5076 bps, 63.45%, Err 1232 (1.0e-004)
1544.809 .... 3834 packets received, 5087 bps, 63.58%, Err 1232 (1.0e-004)
1546.931 .... 3841 packets received, 5089 bps, 63.61%, Err 1233 (1.0e-004)
1550.627 .... 3848 packets received, 5086 bps, 63.58%, Err 1237 (1.0e-004)
1553.299 .... 3852 packets received, 5083 bps, 63.53%, Err 1238 (1.0e-004)
1556.203 .... 3857 packets received, 5080 bps, 63.50%, Err 1243 (1.0e-004)
1558.337 .... 3867 packets received, 5086 bps, 63.57%, Err 1243 (1.0e-004)
1560.436 .... 3871 packets received, 5084 bps, 63.55%, Err 1245 (1.0e-004)
1563.125 .... 3876 packets received, 5082 bps, 63.53%, Err 1249 (1.0e-004)
1565.763 .... 3881 packets received, 5080 bps, 63.50%, Err 1249 (1.0e-004)
1567.850 .... 3893 packets received, 5089 bps, 63.61%, Err 1249 (1.0e-004)
1569.987 .... 3899 packets received, 5090 bps, 63.62%, Err 1250 (1.0e-004)
1573.704 .... 3900 packets received, 5079 bps, 63.49%, Err 1255 (1.0e-004)
1577.119 .... 3908 packets received, 5079 bps, 63.48%, Err 1258 (1.0e-004)
1579.777 .... 3914 packets received, 5078 bps, 63.47%, Err 1259 (1.0e-004)
1582.170 .... 3924 packets received, 5083 bps, 63.54%, Err 1263 (1.0e-004)
1584.832 .... 3928 packets received, 5080 bps, 63.50%, Err 1265 (1.0e-004)
1587.191 .... 3942 packets received, 5090 bps, 63.63%, Err 1266 (1.0e-004)
1589.336 .... 3948 packets received, 5091 bps, 63.64%, Err 1267 (1.0e-004)
1591.449 .... 3954 packets received, 5092 bps, 63.65%, Err 1268 (1.0e-004)
1595.937 .... 3958 packets received, 5083 bps, 63.54%, Err 1274 (1.0e-004)
1598.624 .... 3968 packets received, 5087 bps, 63.59%, Err 1275 (1.0e-004)
1600.710 .... 3975 packets received, 5089 bps, 63.62%, Err 1277 (1.0e-004)
1605.739 .... 3981 packets received, 5081 bps, 63.51%, Err 1281 (1.0e-004)
1608.664 .... 3993 packets received, 5087 bps, 63.59%, Err 1285 (1.0e-004)
1610.785 .... 4001 packets received, 5091 bps, 63.63%, Err 1286 (1.0e-004)
1613.191 .... 4006 packets received, 5089 bps, 63.62%, Err 1288 (1.0e-004)
1615.815 .... 4014 packets received, 5091 bps, 63.64%, Err 1291 (1.0e-004)
1619.807 .... 4020 packets received, 5086 bps, 63.58%, Err 1295 (1.0e-004)
1621.941 .... 4034 packets received, 5097 bps, 63.72%, Err 1295 (1.0e-004)
1624.844 .... 4041 packets received, 5097 bps, 63.71%, Err 1296 (1.0e-004)
1627.526 .... 4050 packets received, 5100 bps, 63.75%, Err 1298 (1.0e-004)
1630.152 .... 4055 packets received, 5098 bps, 63.73%, Err 1300 (1.0e-004)
1632.266 .... 4066 packets received, 5105 bps, 63.82%, Err 1301 (1.0e-004)
1634.633 .... 4069 packets received, 5102 bps, 63.77%, Err 1304 (1.0e-004)
1636.755 .... 4079 packets received, 5107 bps, 63.84%, Err 1304 (1.0e-004)
1639.428 .... 4085 packets received, 5107 bps, 63.83%, Err 1307 (1.0e-004)
1642.099 .... 4092 packets received, 5107 bps, 63.84%, Err 1310 (1.0e-004)
1644.999 .... 4095 packets received, 5102 bps, 63.77%, Err 1312 (1.0e-004)
1647.911 .... 4106 packets received, 5106 bps, 63.83%, Err 1314 (1.0e-004)
1651.084 .... 4115 packets received, 5108 bps, 63.85%, Err 1317 (1.0e-004)
1654.521 .... 4126 packets received, 5111 bps, 63.89%, Err 1319 (1.0e-004)
1656.917 .... 4127 packets received, 5105 bps, 63.81%, Err 1322 (1.0e-004)
1659.287 .... 4141 packets received, 5115 bps, 63.93%, Err 1322 (1.0e-004)
1661.449 .... 4147 packets received, 5115 bps, 63.94%, Err 1322 (1.0e-004)
1664.899 .... 4154 packets received, 5113 bps, 63.92%, Err 1326 (1.0e-004)
1668.037 .... 4165 packets received, 5117 bps, 63.97%, Err 1328 (1.0e-004)
1670.170 .... 4175 packets received, 5123 bps, 64.04%, Err 1328 (1.0e-004)
1673.341 .... 4180 packets received, 5119 bps, 63.99%, Err 1332 (1.0e-004)
1676.784 .... 4185 packets received, 5115 bps, 63.94%, Err 1336 (1.0e-004)
1683.538 .... 4191 packets received, 5102 bps, 63.77%, Err 1342 (1.0e-004)
1686.430 .... 4207 packets received, 5112 bps, 63.91%, Err 1345 (1.0e-004)
1689.627 .... 4214 packets received, 5111 bps, 63.89%, Err 1347 (1.0e-004)
1694.911 .... 4224 packets received, 5107 bps, 63.84%, Err 1352 (1.0e-004)
1698.346 .... 4226 packets received, 5100 bps, 63.74%, Err 1357 (1.0e-004)
1701.281 .... 4235 packets received, 5102 bps, 63.77%, Err 1359 (1.0e-004)
1704.444 .... 4248 packets received, 5108 bps, 63.85%, Err 1359 (1.0e-004)
1706.833 .... 4251 packets received, 5104 bps, 63.80%, Err 1361 (1.0e-004)
1709.753 .... 4259 packets received, 5105 bps, 63.81%, Err 1364 (1.0e-004)
1712.951 .... 4269 packets received, 5107 bps, 63.84%, Err 1366 (1.0e-004)
1715.056 .... 4273 packets received, 5106 bps, 63.82%, Err 1369 (1.0e-004)
1718.238 .... 4276 packets received, 5100 bps, 63.75%, Err 1370 (1.0e-004)
1720.613 .... 4283 packets received, 5101 bps, 63.77%, Err 1373 (1.0e-004)
1722.760 .... 4294 packets received, 5108 bps, 63.85%, Err 1374 (1.0e-004)
1728.340 .... 4302 packets received, 5101 bps, 63.76%, Err 1379 (1.0e-004)
1731.798 .... 4310 packets received, 5100 bps, 63.75%, Err 1381 (1.0e-004)
1734.658 .... 4319 packets received, 5103 bps, 63.78%, Err 1385 (1.0e-004)
1737.587 .... 4321 packets received, 5096 bps, 63.70%, Err 1387 (1.0e-004)
1741.012 .... 4332 packets received, 5099 bps, 63.74%, Err 1388 (1.0e-004)
1743.130 .... 4344 packets received, 5107 bps, 63.84%, Err 1389 (1.0e-004)
1747.133 .... 4346 packets received, 5098 bps, 63.72%, Err 1395 (1.0e-004)
1750.298 .... 4349 packets received, 5092 bps, 63.65%, Err 1397 (1.0e-004)
1753.217 .... 4358 packets received, 5094 bps, 63.68%, Err 1398 (1.0e-004)
1755.335 .... 4370 packets received, 5102 bps, 63.77%, Err 1400 (1.0e-004)
1757.468 .... 4377 packets received, 5104 bps, 63.80%, Err 1401 (1.0e-004)
1760.912 .... 4381 packets received, 5099 bps, 63.73%, Err 1406 (1.0e-004)
1764.342 .... 4384 packets received, 5092 bps, 63.65%, Err 1410 (1.0e-004)
1767.000 .... 4393 packets received, 5095 bps, 63.69%, Err 1414 (1.0e-004)
1770.460 .... 4396 packets received, 5088 bps, 63.61%, Err 1418 (1.0e-004)
1773.642 .... 4402 packets received, 5086 bps, 63.58%, Err 1420 (1.0e-004)
1776.806 .... 4413 packets received, 5090 bps, 63.62%, Err 1421 (1.0e-004)
1778.944 .... 4423 packets received, 5095 bps, 63.69%, Err 1421 (1.0e-004)
1781.051 .... 4430 packets received, 5097 bps, 63.72%, Err 1422 (1.0e-004)
1783.431 .... 4433 packets received, 5094 bps, 63.67%, Err 1423 (1.0e-004)
1785.555 .... 4446 packets received, 5103 bps, 63.78%, Err 1423 (1.0e-004)
1790.039 .... 4450 packets received, 5095 bps, 63.68%, Err 1427 (1.0e-004)
1793.228 .... 4464 packets received, 5102 bps, 63.77%, Err 1427 (1.0e-004)
1795.339 .... 4466 packets received, 5098 bps, 63.72%, Err 1431 (1.0e-004)
1797.461 .... 4476 packets received, 5103 bps, 63.79%, Err 1432 (1.0e-004)
1802.521 .... 4479 packets received, 5092 bps, 63.65%, Err 1438 (1.0e-004)
1805.961 .... 4492 packets received, 5097 bps, 63.72%, Err 1441 (1.0e-004)
1808.063 .... 4500 packets received, 5100 bps, 63.76%, Err 1442 (1.0e-004)
1810.734 .... 4503 packets received, 5096 bps, 63.70%, Err 1445 (1.0e-004)
1813.632 .... 4513 packets received, 5099 bps, 63.74%, Err 1447 (1.0e-004)
1815.738 .... 4522 packets received, 5104 bps, 63.80%, Err 1447 (1.0e-004)
1817.862 .... 4528 packets received, 5104 bps, 63.81%, Err 1447 (1.0e-004)
1823.152 .... 4533 packets received, 5095 bps, 63.69%, Err 1454 (1.0e-004)
1826.368 .... 4544 packets received, 5099 bps, 63.73%, Err 1456 (1.0e-004)
1829.236 .... 4550 packets received, 5097 bps, 63.72%, Err 1459 (1.0e-004)
1832.439 .... 4558 packets received, 5097 bps, 63.72%, Err 1461 (1.0e-004)
1835.871 .... 4567 packets received, 5098 bps, 63.72%, Err 1463 (1.0e-004)
1837.968 .... 4569 packets received, 5094 bps, 63.68%, Err 1467 (1.0e-004)
1840.401 .... 4581 packets received, 5101 bps, 63.76%, Err 1467 (1.0e-004)
1842.519 .... 4586 packets received, 5101 bps, 63.76%, Err 1471 (1.0e-004)
1846.193 .... 4587 packets received, 5092 bps, 63.65%, Err 1473 (1.0e-004)
1849.627 .... 4600 packets received, 5097 bps, 63.71%, Err 1474 (1.0e-004)
1854.424 .... 4605 packets received, 5089 bps, 63.61%, Err 1477 (1.0e-004)
1857.595 .... 4618 packets received, 5095 bps, 63.68%, Err 1482 (1.0e-004)
1859.728 .... 4628 packets received, 5100 bps, 63.75%, Err 1483 (1.0e-004)
1862.926 .... 4630 packets received, 5093 bps, 63.66%, Err 1486 (1.0e-004)
1866.612 .... 4636 packets received, 5090 bps, 63.62%, Err 1489 (1.0e-004)
1868.709 .... 4645 packets received, 5094 bps, 63.67%, Err 1489 (1.0e-004)
1871.132 .... 4648 packets received, 5091 bps, 63.63%, Err 1492 (1.0e-004)
1874.558 .... 4652 packets received, 5086 bps, 63.57%, Err 1495 (1.0e-004)
1878.004 .... 4657 packets received, 5082 bps, 63.52%, Err 1499 (1.0e-004)
1881.463 .... 4661 packets received, 5077 bps, 63.46%, Err 1502 (1.0e-004)
1884.915 .... 4674 packets received, 5082 bps, 63.52%, Err 1506 (1.0e-004)
1887.526 .... 4678 packets received, 5079 bps, 63.49%, Err 1508 (1.0e-004)
1891.734 .... 4685 packets received, 5075 bps, 63.44%, Err 1513 (1.0e-004)
1894.941 .... 4693 packets received, 5075 bps, 63.44%, Err 1515 (1.0e-004)
1897.039 .... 4694 packets received, 5071 bps, 63.38%, Err 1518 (1.0e-004)
1900.517 .... 4701 packets received, 5069 bps, 63.36%, Err 1522 (1.0e-004)
1903.667 .... 4711 packets received, 5071 bps, 63.39%, Err 1525 (1.0e-004)
1906.089 .... 4718 packets received, 5072 bps, 63.40%, Err 1527 (1.0e-004)
1910.323 .... 4724 packets received, 5068 bps, 63.34%, Err 1531 (1.0e-004)
1912.413 .... 4737 packets received, 5076 bps, 63.45%, Err 1534 (1.0e-004)
1914.529 .... 4743 packets received, 5077 bps, 63.46%, Err 1534 (1.0e-004)
1916.652 .... 4749 packets received, 5078 bps, 63.47%, Err 1534 (1.0e-004)
1919.046 .... 4753 packets received, 5075 bps, 63.44%, Err 1535 (1.0e-004)
1921.162 .... 4763 packets received, 5081 bps, 63.51%, Err 1536 (1.0e-004)
1923.276 .... 4771 packets received, 5083 bps, 63.54%, Err 1537 (1.0e-004)
1925.684 .... 4776 packets received, 5082 bps, 63.53%, Err 1538 (1.0e-004)
1927.774 .... 4787 packets received, 5089 bps, 63.61%, Err 1538 (1.0e-004)
1929.919 .... 4794 packets received, 5090 bps, 63.63%, Err 1540 (1.0e-004)
1935.214 .... 4801 packets received, 5084 bps, 63.55%, Err 1542 (1.0e-004)
1937.332 .... 4814 packets received, 5092 bps, 63.65%, Err 1543 (1.0e-004)
1939.730 .... 4819 packets received, 5091 bps, 63.64%, Err 1544 (1.0e-004)
1942.393 .... 4828 packets received, 5094 bps, 63.67%, Err 1547 (1.0e-004)
1945.287 .... 4832 packets received, 5090 bps, 63.63%, Err 1548 (1.0e-004)
1948.211 .... 4843 packets received, 5094 bps, 63.68%, Err 1553 (1.0e-004)
1950.883 .... 4846 packets received, 5090 bps, 63.63%, Err 1556 (1.0e-004)
1953.778 .... 4848 packets received, 5085 bps, 63.56%, Err 1558 (1.0e-004)
1955.885 .... 4860 packets received, 5092 bps, 63.65%, Err 1561 (1.0e-004)
1957.984 .... 4866 packets received, 5093 bps, 63.66%, Err 1562 (1.0e-004)
1960.157 .... 4872 packets received, 5093 bps, 63.67%, Err 1562 (1.0e-004)
1962.259 .... 4878 packets received, 5094 bps, 63.68%, Err 1562 (1.0e-004)
1968.340 .... 4883 packets received, 5084 bps, 63.55%, Err 1568 (1.0e-004)
1970.449 .... 4898 packets received, 5094 bps, 63.67%, Err 1570 (1.0e-004)
1972.585 .... 4905 packets received, 5096 bps, 63.69%, Err 1570 (1.0e-004)
1975.796 .... 4910 packets received, 5092 bps, 63.66%, Err 1574 (1.0e-004)
1978.702 .... 4912 packets received, 5087 bps, 63.59%, Err 1579 (1.0e-004)
1981.626 .... 4918 packets received, 5086 bps, 63.57%, Err 1580 (1.0e-004)
1984.527 .... 4919 packets received, 5079 bps, 63.49%, Err 1583 (1.0e-004)
1986.649 .... 4935 packets received, 5090 bps, 63.63%, Err 1583 (1.0e-004)
1989.831 .... 4939 packets received, 5086 bps, 63.58%, Err 1586 (1.0e-004)
1991.956 .... 4952 packets received, 5094 bps, 63.68%, Err 1586 (1.0e-004)
1994.599 .... 4957 packets received, 5093 bps, 63.66%, Err 1588 (1.0e-004)
1997.259 .... 4965 packets received, 5094 bps, 63.68%, Err 1592 (1.0e-004)
2000.405 .... 4968 packets received, 5089 bps, 63.61%, Err 1596 (1.0e-004)
2003.306 .... 4974 packets received, 5088 bps, 63.60%, Err 1598 (1.0e-004)
2005.427 .... 4981 packets received, 5090 bps, 63.62%, Err 1600 (1.0e-004)
2007.546 .... 4993 packets received, 5097 bps, 63.71%, Err 1601 (1.0e-004)
2009.691 .... 5001 packets received, 5099 bps, 63.74%, Err 1602 (1.0e-004)
2013.134 .... 5008 packets received, 5098 bps, 63.72%, Err 1603 (1.0e-004)
2016.300 .... 5020 packets received, 5102 bps, 63.77%, Err 1605 (1.0e-004)
2019.236 .... 5029 packets received, 5104 bps, 63.79%, Err 1610 (1.0e-004)
2021.869 .... 5036 packets received, 5104 bps, 63.80%, Err 1615 (1.0e-004)
2025.057 .... 5039 packets received, 5099 bps, 63.74%, Err 1615 (1.0e-004)
2030.875 .... 5048 packets received, 5093 bps, 63.67%, Err 1621 (1.0e-004)
2034.318 .... 5061 packets received, 5098 bps, 63.72%, Err 1625 (1.0e-004)
2036.465 .... 5069 packets received, 5101 bps, 63.76%, Err 1625 (1.0e-004)
2038.571 .... 5076 packets received, 5102 bps, 63.78%, Err 1630 (1.0e-004)
2040.682 .... 5083 packets received, 5104 bps, 63.80%, Err 1630 (1.0e-004)
2043.049 .... 5088 packets received, 5103 bps, 63.79%, Err 1635 (1.0e-004)
2045.956 .... 5090 packets received, 5098 bps, 63.72%, Err 1639 (1.0e-004)
2049.142 .... 5093 packets received, 5093 bps, 63.66%, Err 1644 (1.0e-004)
2051.268 .... 5107 packets received, 5102 bps, 63.77%, Err 1644 (1.0e-004)
2053.385 .... 5111 packets received, 5100 bps, 63.76%, Err 1646 (1.0e-004)
2056.312 .... 5120 packets received, 5102 bps, 63.78%, Err 1650 (1.0e-004)
2058.942 .... 5125 packets received, 5101 bps, 63.76%, Err 1653 (1.0e-004)
2061.076 .... 5137 packets received, 5107 bps, 63.84%, Err 1653 (1.0e-004)
2064.255 .... 5141 packets received, 5103 bps, 63.79%, Err 1658 (1.0e-004)
2067.674 .... 5144 packets received, 5098 bps, 63.72%, Err 1661 (1.0e-004)
2071.110 .... 5156 packets received, 5101 bps, 63.77%, Err 1663 (1.0e-004)
2073.259 .... 5164 packets received, 5104 bps, 63.80%, Err 1663 (1.0e-004)
2075.374 .... 5171 packets received, 5106 bps, 63.82%, Err 1664 (1.0e-004)
2077.752 .... 5176 packets received, 5105 bps, 63.81%, Err 1666 (1.0e-004)
2079.855 .... 5182 packets received, 5105 bps, 63.82%, Err 1669 (1.0e-004)
2082.016 .... 5193 packets received, 5111 bps, 63.89%, Err 1670 (1.0e-004)
2084.147 .... 5195 packets received, 5108 bps, 63.85%, Err 1673 (1.0e-004)
2086.756 .... 5199 packets received, 5105 bps, 63.82%, Err 1676 (1.0e-004)
2090.483 .... 5206 packets received, 5103 bps, 63.79%, Err 1679 (1.0e-004)
2094.449 .... 5211 packets received, 5098 bps, 63.73%, Err 1681 (1.0e-004)
2097.385 .... 5220 packets received, 5100 bps, 63.75%, Err 1683 (1.0e-004)
2099.760 .... 5230 packets received, 5104 bps, 63.80%, Err 1685 (1.0e-004)
2101.891 .... 5236 packets received, 5105 bps, 63.81%, Err 1686 (1.0e-004)
2104.778 .... 5241 packets received, 5102 bps, 63.78%, Err 1687 (1.0e-004)
2107.990 .... 5248 packets received, 5101 bps, 63.77%, Err 1690 (1.0e-004)
2111.152 .... 5256 packets received, 5102 bps, 63.77%, Err 1692 (1.0e-004)
2114.319 .... 5266 packets received, 5104 bps, 63.80%, Err 1694 (1.0e-004)
2118.062 .... 5270 packets received, 5098 bps, 63.73%, Err 1697 (1.0e-004)
2121.514 .... 5283 packets received, 5103 bps, 63.78%, Err 1700 (1.0e-004)
2123.616 .... 5287 packets received, 5102 bps, 63.77%, Err 1701 (1.0e-004)
2126.000 .... 5295 packets received, 5104 bps, 63.79%, Err 1702 (1.0e-004)
2128.139 .... 5306 packets received, 5109 bps, 63.86%, Err 1702 (1.0e-004)
2131.293 .... 5314 packets received, 5109 bps, 63.86%, Err 1703 (1.0e-004)
2133.452 .... 5325 packets received, 5114 bps, 63.93%, Err 1704 (1.0e-004)
2135.538 .... 5333 packets received, 5117 bps, 63.96%, Err 1705 (1.0e-004)
2138.488 .... 5339 packets received, 5116 bps, 63.95%, Err 1707 (1.0e-004)
2142.170 .... 5343 packets received, 5111 bps, 63.89%, Err 1710 (1.0e-004)
2145.076 .... 5356 packets received, 5116 bps, 63.95%, Err 1712 (1.0e-004)
2148.278 .... 5359 packets received, 5112 bps, 63.90%, Err 1715 (1.0e-004)
2150.645 .... 5372 packets received, 5118 bps, 63.98%, Err 1716 (1.0e-004)
2152.766 .... 5378 packets received, 5119 bps, 63.99%, Err 1719 (1.0e-004)
2158.075 .... 5384 packets received, 5112 bps, 63.90%, Err 1722 (1.0e-004)
2160.755 .... 5393 packets received, 5114 bps, 63.93%, Err 1724 (1.0e-004)
2163.136 .... 5394 packets received, 5110 bps, 63.87%, Err 1727 (1.0e-004)
2166.318 .... 5405 packets received, 5113 bps, 63.91%, Err 1730 (1.0e-004)
2169.219 .... 5413 packets received, 5113 bps, 63.92%, Err 1731 (1.0e-004)
2171.348 .... 5424 packets received, 5119 bps, 63.98%, Err 1731 (1.0e-004)
2173.435 .... 5432 packets received, 5121 bps, 64.02%, Err 1731 (1.0e-004)
2175.574 .... 5440 packets received, 5124 bps, 64.05%, Err 1731 (1.0e-004)
2177.942 .... 5445 packets received, 5123 bps, 64.04%, Err 1735 (1.0e-004)
2180.880 .... 5448 packets received, 5119 bps, 63.98%, Err 1738 (1.0e-004)
2183.783 .... 5454 packets received, 5118 bps, 63.97%, Err 1740 (1.0e-004)
2185.915 .... 5463 packets received, 5121 bps, 64.01%, Err 1742 (1.0e-004)
2188.561 .... 5465 packets received, 5117 bps, 63.96%, Err 1744 (1.0e-004)
2191.220 .... 5469 packets received, 5114 bps, 63.93%, Err 1746 (1.0e-004)
2194.126 .... 5479 packets received, 5117 bps, 63.96%, Err 1751 (1.0e-004)
2196.241 .... 5488 packets received, 5120 bps, 64.00%, Err 1751 (1.0e-004)
2198.370 .... 5492 packets received, 5119 bps, 63.99%, Err 1753 (1.0e-004)
2200.998 .... 5493 packets received, 5114 bps, 63.92%, Err 1756 (1.0e-004)
2203.687 .... 5504 packets received, 5118 bps, 63.97%, Err 1758 (1.0e-004)
2205.801 .... 5515 packets received, 5123 bps, 64.04%, Err 1758 (1.0e-004)
2208.711 .... 5521 packets received, 5122 bps, 64.02%, Err 1762 (1.0e-004)
2212.691 .... 5525 packets received, 5116 bps, 63.96%, Err 1769 (1.0e-004)
2216.928 .... 5531 packets received, 5112 bps, 63.90%, Err 1774 (1.0e-004)
2219.584 .... 5535 packets received, 5110 bps, 63.87%, Err 1776 (1.0e-004)
2222.782 .... 5541 packets received, 5108 bps, 63.85%, Err 1779 (1.0e-004)
2226.195 .... 5549 packets received, 5107 bps, 63.84%, Err 1779 (1.0e-004)
2228.322 .... 5561 packets received, 5114 bps, 63.92%, Err 1779 (1.0e-004)
2230.723 .... 5564 packets received, 5111 bps, 63.89%, Err 1781 (1.0e-004)
2233.919 .... 5573 packets received, 5112 bps, 63.90%, Err 1783 (1.0e-004)
2237.362 .... 5585 packets received, 5115 bps, 63.94%, Err 1787 (1.0e-004)
2239.481 .... 5593 packets received, 5117 bps, 63.97%, Err 1787 (1.0e-004)
2241.581 .... 5596 packets received, 5115 bps, 63.94%, Err 1789 (1.0e-004)
2243.733 .... 5607 packets received, 5121 bps, 64.01%, Err 1790 (1.0e-004)
2246.373 .... 5612 packets received, 5119 bps, 63.99%, Err 1793 (1.0e-004)
2249.819 .... 5623 packets received, 5121 bps, 64.02%, Err 1796 (1.0e-004)
2252.479 .... 5632 packets received, 5123 bps, 64.04%, Err 1801 (1.0e-004)
2255.383 .... 5636 packets received, 5120 bps, 64.01%, Err 1803 (1.0e-004)
2259.077 .... 5643 packets received, 5118 bps, 63.98%, Err 1807 (1.0e-004)
2261.483 .... 5651 packets received, 5120 bps, 64.00%, Err 1808 (1.0e-004)
2263.588 .... 5660 packets received, 5124 bps, 64.04%, Err 1809 (1.0e-004)
2265.727 .... 5668 packets received, 5126 bps, 64.07%, Err 1809 (1.0e-004)
2267.846 .... 5676 packets received, 5128 bps, 64.10%, Err 1809 (1.0e-004)
2271.330 .... 5684 packets received, 5128 bps, 64.10%, Err 1810 (1.0e-004)
2273.671 .... 5691 packets received, 5129 bps, 64.11%, Err 1815 (1.0e-004)
2276.585 .... 5695 packets received, 5126 bps, 64.07%, Err 1818 (1.0e-004)
2279.740 .... 5697 packets received, 5120 bps, 64.01%, Err 1819 (1.0e-004)
2282.418 .... 5702 packets received, 5119 bps, 63.99%, Err 1821 (1.0e-004)
2285.630 .... 5710 packets received, 5119 bps, 63.99%, Err 1823 (1.0e-004)
2287.717 .... 5720 packets received, 5123 bps, 64.04%, Err 1824 (1.0e-004)
2290.119 .... 5724 packets received, 5121 bps, 64.02%, Err 1826 (1.0e-004)
2292.235 .... 5735 packets received, 5127 bps, 64.08%, Err 1826 (1.0e-004)
2294.354 .... 5740 packets received, 5126 bps, 64.08%, Err 1829 (1.0e-004)
2299.387 .... 5744 packets received, 5119 bps, 63.98%, Err 1834 (1.0e-004)
2302.553 .... 5750 packets received, 5117 bps, 63.96%, Err 1835 (1.0e-004)
2305.448 .... 5759 packets received, 5118 bps, 63.98%, Err 1838 (1.0e-004)
2308.398 .... 5766 packets received, 5118 bps, 63.98%, Err 1842 (1.0e-004)
2311.007 .... 5769 packets received, 5115 bps, 63.94%, Err 1843 (1.0e-004)
2313.667 .... 5776 packets received, 5115 bps, 63.94%, Err 1847 (1.0e-004)
2315.800 .... 5785 packets received, 5119 bps, 63.98%, Err 1847 (1.0e-004)
2317.935 .... 5793 packets received, 5121 bps, 64.01%, Err 1847 (1.0e-004)
2321.129 .... 5800 packets received, 5120 bps, 64.00%, Err 1849 (1.0e-004)
2323.201 .... 5811 packets received, 5125 bps, 64.07%, Err 1850 (1.0e-004)
2325.364 .... 5815 packets received, 5124 bps, 64.05%, Err 1851 (1.0e-004)
2327.439 .... 5818 packets received, 5122 bps, 64.03%, Err 1854 (1.0e-004)
2330.627 .... 5822 packets received, 5119 bps, 63.98%, Err 1862 (1.0e-004)
2333.539 .... 5824 packets received, 5114 bps, 63.92%, Err 1863 (1.0e-004)
2337.640 .... 5826 packets received, 5107 bps, 63.83%, Err 1866 (1.0e-004)
2340.554 .... 5833 packets received, 5106 bps, 63.83%, Err 1868 (1.0e-004)
2343.219 .... 5842 packets received, 5109 bps, 63.86%, Err 1869 (1.0e-004)
2345.621 .... 5846 packets received, 5107 bps, 63.83%, Err 1873 (1.0e-004)
2348.760 .... 5853 packets received, 5106 bps, 63.83%, Err 1876 (1.0e-004)
2351.432 .... 5855 packets received, 5102 bps, 63.77%, Err 1879 (1.0e-004)
2353.538 .... 5867 packets received, 5108 bps, 63.85%, Err 1882 (1.0e-004)
2357.249 .... 5873 packets received, 5105 bps, 63.81%, Err 1886 (1.0e-004)
2360.159 .... 5876 packets received, 5101 bps, 63.77%, Err 1886 (1.0e-004)
2364.966 .... 5885 packets received, 5099 bps, 63.73%, Err 1891 (1.0e-004)
2368.384 .... 5890 packets received, 5096 bps, 63.70%, Err 1894 (1.0e-004)
2370.523 .... 5903 packets received, 5102 bps, 63.78%, Err 1894 (1.0e-004)
2373.438 .... 5910 packets received, 5102 bps, 63.78%, Err 1897 (1.0e-004)
2375.544 .... 5920 packets received, 5106 bps, 63.83%, Err 1897 (1.0e-004)
2378.460 .... 5924 packets received, 5103 bps, 63.79%, Err 1900 (1.0e-004)
2380.609 .... 5936 packets received, 5109 bps, 63.86%, Err 1900 (1.0e-004)
2382.727 .... 5943 packets received, 5111 bps, 63.88%, Err 1901 (1.0e-004)
2385.097 .... 5948 packets received, 5110 bps, 63.87%, Err 1902 (1.0e-004)
2387.729 .... 5957 packets received, 5112 bps, 63.90%, Err 1903 (1.0e-004)
2392.241 .... 5964 packets received, 5108 bps, 63.85%, Err 1909 (1.0e-004)
2395.405 .... 5968 packets received, 5105 bps, 63.81%, Err 1910 (1.0e-004)
2399.288 .... 5970 packets received, 5098 bps, 63.73%, Err 1913 (1.0e-004)
2405.605 .... 5986 packets received, 5099 bps, 63.73%, Err 1920 (1.0e-004)
2408.775 .... 5998 packets received, 5102 bps, 63.78%, Err 1924 (1.0e-004)
2410.911 .... 6005 packets received, 5104 bps, 63.79%, Err 1924 (1.0e-004)
2414.899 .... 6007 packets received, 5097 bps, 63.71%, Err 1928 (1.0e-004)
2416.990 .... 6021 packets received, 5104 bps, 63.80%, Err 1928 (1.0e-004)
2419.122 .... 6027 packets received, 5105 bps, 63.81%, Err 1929 (1.0e-004)
2421.214 .... 6033 packets received, 5105 bps, 63.82%, Err 1930 (1.0e-004)
2426.006 .... 6038 packets received, 5100 bps, 63.75%, Err 1935 (1.0e-004)
2429.163 .... 6046 packets received, 5100 bps, 63.75%, Err 1938 (1.0e-004)
2431.300 .... 6053 packets received, 5101 bps, 63.76%, Err 1939 (1.0e-004)
2433.934 .... 6060 packets received, 5102 bps, 63.77%, Err 1942 (1.0e-004)
2439.231 .... 6069 packets received, 5098 bps, 63.73%, Err 1946 (1.0e-004)
2442.424 .... 6073 packets received, 5095 bps, 63.68%, Err 1949 (1.0e-004)
2444.522 .... 6083 packets received, 5099 bps, 63.73%, Err 1951 (1.0e-004)
2447.188 .... 6087 packets received, 5096 bps, 63.71%, Err 1952 (1.0e-004)
2450.349 .... 6096 packets received, 5097 bps, 63.72%, Err 1955 (1.0e-004)
2453.016 .... 6106 packets received, 5100 bps, 63.75%, Err 1957 (1.0e-004)
2455.949 .... 6114 packets received, 5101 bps, 63.76%, Err 1960 (1.0e-004)
2458.578 .... 6118 packets received, 5099 bps, 63.73%, Err 1961 (1.0e-004)
2461.520 .... 6129 packets received, 5102 bps, 63.77%, Err 1965 (1.0e-004)
2464.646 .... 6137 packets received, 5102 bps, 63.77%, Err 1968 (1.0e-004)
2469.435 .... 6145 packets received, 5099 bps, 63.73%, Err 1971 (1.0e-004)
2471.558 .... 6159 packets received, 5106 bps, 63.82%, Err 1971 (1.0e-004)
2474.447 .... 6165 packets received, 5105 bps, 63.81%, Err 1977 (1.0e-004)
2479.734 .... 6174 packets received, 5101 bps, 63.77%, Err 1979 (1.0e-004)
2481.846 .... 6187 packets received, 5108 bps, 63.85%, Err 1979 (1.0e-004)
2483.991 .... 6195 packets received, 5110 bps, 63.88%, Err 1979 (1.0e-004)
2487.160 .... 6200 packets received, 5108 bps, 63.85%, Err 1985 (1.0e-004)
2490.086 .... 6206 packets received, 5107 bps, 63.83%, Err 1988 (1.0e-004)
2492.715 .... 6209 packets received, 5104 bps, 63.80%, Err 1988 (1.0e-004)
2495.390 .... 6217 packets received, 5105 bps, 63.81%, Err 1990 (1.0e-004)
2498.296 .... 6226 packets received, 5106 bps, 63.83%, Err 1994 (1.0e-004)
2500.941 .... 6228 packets received, 5102 bps, 63.78%, Err 1997 (1.0e-004)
2504.121 .... 6234 packets received, 5101 bps, 63.76%, Err 2001 (1.0e-004)
2508.114 .... 6240 packets received, 5098 bps, 63.72%, Err 2004 (1.0e-004)
2514.176 .... 6252 packets received, 5095 bps, 63.69%, Err 2011 (1.0e-004)
2517.349 .... 6254 packets received, 5090 bps, 63.63%, Err 2013 (1.0e-004)
2520.052 .... 6263 packets received, 5092 bps, 63.65%, Err 2014 (1.0e-004)
2522.698 .... 6273 packets received, 5095 bps, 63.69%, Err 2016 (1.0e-004)
2524.773 .... 6284 packets received, 5100 bps, 63.75%, Err 2017 (1.0e-004)
2527.962 .... 6289 packets received, 5097 bps, 63.72%, Err 2020 (1.0e-004)
2533.543 .... 6300 packets received, 5095 bps, 63.69%, Err 2024 (1.0e-004)
2536.195 .... 6312 packets received, 5099 bps, 63.74%, Err 2029 (1.0e-004)
2540.442 .... 6315 packets received, 5093 bps, 63.67%, Err 2035 (1.0e-004)
2543.070 .... 6323 packets received, 5094 bps, 63.68%, Err 2036 (1.0e-004)
2545.744 .... 6333 packets received, 5097 bps, 63.71%, Err 2040 (1.0e-004)
2547.861 .... 6339 packets received, 5098 bps, 63.72%, Err 2041 (1.0e-004)
2550.008 .... 6347 packets received, 5100 bps, 63.75%, Err 2042 (1.0e-004)
2552.625 .... 6350 packets received, 5097 bps, 63.71%, Err 2044 (1.0e-004)
2555.522 .... 6357 packets received, 5097 bps, 63.71%, Err 2045 (1.0e-004)
2557.676 .... 6369 packets received, 5102 bps, 63.78%, Err 2046 (1.0e-004)
2560.344 .... 6375 packets received, 5102 bps, 63.77%, Err 2048 (1.0e-004)
2563.516 .... 6385 packets received, 5103 bps, 63.79%, Err 2050 (1.0e-004)
2566.146 .... 6393 packets received, 5104 bps, 63.81%, Err 2051 (1.0e-004)
2568.805 .... 6402 packets received, 5106 bps, 63.83%, Err 2055 (1.0e-004)
2571.726 .... 6404 packets received, 5102 bps, 63.78%, Err 2058 (1.0e-004)
2574.938 .... 6408 packets received, 5099 bps, 63.74%, Err 2058 (1.0e-004)
2577.543 .... 6416 packets received, 5100 bps, 63.75%, Err 2060 (1.0e-004)
2579.685 .... 6429 packets received, 5106 bps, 63.83%, Err 2060 (1.0e-004)
2582.057 .... 6433 packets received, 5105 bps, 63.81%, Err 2062 (1.0e-004)
2584.152 .... 6439 packets received, 5105 bps, 63.82%, Err 2064 (1.0e-004)
2587.083 .... 6446 packets received, 5105 bps, 63.81%, Err 2067 (1.0e-004)
2592.361 .... 6457 packets received, 5103 bps, 63.79%, Err 2070 (1.0e-004)
2595.271 .... 6470 packets received, 5108 bps, 63.85%, Err 2072 (1.0e-004)
2597.669 .... 6473 packets received, 5106 bps, 63.82%, Err 2074 (1.0e-004)
2600.317 .... 6476 packets received, 5103 bps, 63.78%, Err 2078 (1.0e-004)
2602.947 .... 6481 packets received, 5102 bps, 63.77%, Err 2082 (1.0e-004)
2605.602 .... 6487 packets received, 5101 bps, 63.76%, Err 2083 (1.0e-004)
2607.722 .... 6495 packets received, 5103 bps, 63.79%, Err 2086 (1.0e-004)
2609.904 .... 6506 packets received, 5108 bps, 63.84%, Err 2087 (1.0e-004)
2612.256 .... 6511 packets received, 5107 bps, 63.84%, Err 2089 (1.0e-004)
2614.377 .... 6521 packets received, 5111 bps, 63.88%, Err 2089 (1.0e-004)
2617.036 .... 6526 packets received, 5109 bps, 63.87%, Err 2090 (1.0e-004)
2619.931 .... 6537 packets received, 5112 bps, 63.90%, Err 2092 (1.0e-004)
2622.053 .... 6547 packets received, 5116 bps, 63.95%, Err 2092 (1.0e-004)
2624.172 .... 6551 packets received, 5115 bps, 63.94%, Err 2095 (1.0e-004)
2626.815 .... 6553 packets received, 5111 bps, 63.89%, Err 2098 (1.0e-004)
2632.120 .... 6562 packets received, 5108 bps, 63.85%, Err 2107 (1.0e-004)
2635.560 .... 6568 packets received, 5106 bps, 63.83%, Err 2109 (1.0e-004)
2638.213 .... 6577 packets received, 5108 bps, 63.85%, Err 2112 (1.0e-004)
2640.584 .... 6580 packets received, 5106 bps, 63.82%, Err 2113 (1.0e-004)
2642.993 .... 6591 packets received, 5109 bps, 63.87%, Err 2114 (1.0e-004)
2646.164 .... 6595 packets received, 5106 bps, 63.83%, Err 2116 (1.0e-004)
2649.350 .... 6601 packets received, 5105 bps, 63.81%, Err 2123 (1.0e-004)
2651.996 .... 6604 packets received, 5102 bps, 63.78%, Err 2125 (1.0e-004)
2654.655 .... 6610 packets received, 5102 bps, 63.77%, Err 2127 (1.0e-004)
2656.772 .... 6620 packets received, 5105 bps, 63.82%, Err 2127 (1.0e-004)
2659.976 .... 6625 packets received, 5103 bps, 63.79%, Err 2128 (1.0e-004)
2662.070 .... 6636 packets received, 5107 bps, 63.84%, Err 2128 (1.0e-004)
2664.184 .... 6644 packets received, 5110 bps, 63.87%, Err 2128 (1.0e-004)
2666.333 .... 6651 packets received, 5111 bps, 63.89%, Err 2130 (1.0e-004)
2670.044 .... 6652 packets received, 5104 bps, 63.81%, Err 2134 (1.0e-004)
2672.977 .... 6661 packets received, 5106 bps, 63.82%, Err 2135 (1.0e-004)
2676.155 .... 6668 packets received, 5105 bps, 63.81%, Err 2136 (1.0e-004)
2679.825 .... 6674 packets received, 5103 bps, 63.78%, Err 2139 (1.0e-004)
2682.798 .... 6685 packets received, 5105 bps, 63.82%, Err 2141 (1.0e-004)
2685.929 .... 6694 packets received, 5106 bps, 63.83%, Err 2143 (1.0e-004)
2688.573 .... 6701 packets received, 5107 bps, 63.83%, Err 2146 (1.0e-004)
2690.705 .... 6714 packets received, 5112 bps, 63.91%, Err 2146 (1.0e-004)
2694.927 .... 6717 packets received, 5107 bps, 63.83%, Err 2151 (1.0e-004)
2697.848 .... 6719 packets received, 5103 bps, 63.78%, Err 2154 (1.0e-004)
2699.962 .... 6734 packets received, 5110 bps, 63.88%, Err 2154 (1.0e-004)
2702.088 .... 6742 packets received, 5112 bps, 63.90%, Err 2154 (1.0e-004)
2704.191 .... 6749 packets received, 5114 bps, 63.92%, Err 2155 (1.0e-004)
2706.576 .... 6754 packets received, 5113 bps, 63.91%, Err 2157 (1.0e-004)
2709.240 .... 6760 packets received, 5112 bps, 63.90%, Err 2163 (1.0e-004)
2711.880 .... 6763 packets received, 5110 bps, 63.87%, Err 2164 (1.0e-004)
2714.785 .... 6765 packets received, 5106 bps, 63.82%, Err 2166 (1.0e-004)
2718.090 .... 6766 packets received, 5100 bps, 63.75%, Err 2169 (1.0e-004)
2721.322 .... 6773 packets received, 5099 bps, 63.74%, Err 2170 (1.0e-004)
2724.462 .... 6779 packets received, 5098 bps, 63.72%, Err 2175 (1.0e-004)
2727.645 .... 6786 packets received, 5097 bps, 63.72%, Err 2175 (1.0e-004)
2731.349 .... 6787 packets received, 5091 bps, 63.64%, Err 2179 (1.0e-004)
2734.380 .... 6803 packets received, 5097 bps, 63.72%, Err 2181 (1.0e-004)
2736.512 .... 6807 packets received, 5097 bps, 63.71%, Err 2186 (1.0e-004)
2739.677 .... 6810 packets received, 5093 bps, 63.66%, Err 2187 (1.0e-004)
2742.606 .... 6813 packets received, 5090 bps, 63.62%, Err 2189 (1.0e-004)
2745.750 .... 6826 packets received, 5094 bps, 63.67%, Err 2192 (1.0e-004)
2747.903 .... 6836 packets received, 5097 bps, 63.71%, Err 2192 (1.0e-004)
2750.565 .... 6842 packets received, 5097 bps, 63.71%, Err 2194 (1.0e-004)
2753.181 .... 6847 packets received, 5095 bps, 63.69%, Err 2196 (1.0e-004)
2755.565 .... 6850 packets received, 5093 bps, 63.67%, Err 2200 (1.0e-004)
2759.565 .... 6859 packets received, 5093 bps, 63.66%, Err 2202 (1.0e-004)
2762.730 .... 6874 packets received, 5098 bps, 63.72%, Err 2205 (1.0e-004)
2765.394 .... 6878 packets received, 5096 bps, 63.70%, Err 2207 (1.0e-004)
2768.273 .... 6886 packets received, 5096 bps, 63.71%, Err 2208 (1.0e-004)
2770.667 .... 6897 packets received, 5100 bps, 63.75%, Err 2210 (1.0e-004)
2773.573 .... 6902 packets received, 5099 bps, 63.73%, Err 2212 (1.0e-004)
2775.731 .... 6912 packets received, 5102 bps, 63.77%, Err 2213 (1.0e-004)
2779.704 .... 6913 packets received, 5095 bps, 63.69%, Err 2215 (1.0e-004)
2783.140 .... 6926 packets received, 5099 bps, 63.73%, Err 2217 (1.0e-004)
2787.892 .... 6931 packets received, 5094 bps, 63.67%, Err 2224 (1.0e-004)
2791.340 .... 6937 packets received, 5092 bps, 63.65%, Err 2229 (1.0e-004)
2795.179 .... 6938 packets received, 5086 bps, 63.57%, Err 2233 (1.0e-004)
2798.386 .... 6944 packets received, 5084 bps, 63.55%, Err 2234 (1.0e-004)
2801.135 .... 6946 packets received, 5081 bps, 63.51%, Err 2235 (1.0e-004)
2807.261 .... 6962 packets received, 5081 bps, 63.51%, Err 2239 (1.0e-004)
2809.341 .... 6975 packets received, 5087 bps, 63.59%, Err 2239 (1.0e-004)
2811.466 .... 6981 packets received, 5087 bps, 63.59%, Err 2240 (1.0e-004)
2814.646 .... 6985 packets received, 5085 bps, 63.56%, Err 2243 (1.0e-004)
2817.593 .... 6993 packets received, 5085 bps, 63.56%, Err 2246 (1.0e-004)
2819.693 .... 7004 packets received, 5089 bps, 63.62%, Err 2250 (1.0e-004)
2821.812 .... 7012 packets received, 5091 bps, 63.64%, Err 2251 (1.0e-004)
2824.443 .... 7016 packets received, 5089 bps, 63.62%, Err 2253 (1.0e-004)
2827.128 .... 7018 packets received, 5086 bps, 63.57%, Err 2259 (1.0e-004)
2829.514 .... 7025 packets received, 5087 bps, 63.58%, Err 2260 (1.0e-004)
2832.651 .... 7033 packets received, 5087 bps, 63.59%, Err 2262 (1.0e-004)
2837.430 .... 7040 packets received, 5083 bps, 63.54%, Err 2269 (1.0e-004)
2840.608 .... 7054 packets received, 5088 bps, 63.60%, Err 2272 (1.0e-004)
2842.725 .... 7061 packets received, 5089 bps, 63.61%, Err 2273 (1.0e-004)
2847.249 .... 7065 packets received, 5084 bps, 63.55%, Err 2278 (1.0e-004)
2849.899 .... 7074 packets received, 5086 bps, 63.57%, Err 2280 (1.0e-004)
2852.023 .... 7086 packets received, 5090 bps, 63.63%, Err 2281 (1.0e-004)
2854.687 .... 7092 packets received, 5090 bps, 63.62%, Err 2282 (1.0e-004)
2859.939 .... 7101 packets received, 5087 bps, 63.59%, Err 2287 (1.0e-004)
2863.158 .... 7113 packets received, 5090 bps, 63.62%, Err 2288 (1.0e-004)
2865.792 .... 7119 packets received, 5090 bps, 63.62%, Err 2291 (1.0e-004)
2867.933 .... 7129 packets received, 5093 bps, 63.66%, Err 2291 (1.0e-004)
2870.065 .... 7137 packets received, 5095 bps, 63.69%, Err 2291 (1.0e-004)
2872.149 .... 7145 packets received, 5097 bps, 63.71%, Err 2291 (1.0e-004)
2876.414 .... 7148 packets received, 5091 bps, 63.64%, Err 2296 (1.0e-004)
2879.060 .... 7159 packets received, 5095 bps, 63.68%, Err 2297 (1.0e-004)
2882.027 .... 7167 packets received, 5095 bps, 63.69%, Err 2299 (1.0e-004)
2884.637 .... 7175 packets received, 5096 bps, 63.70%, Err 2300 (1.0e-004)
2887.288 .... 7183 packets received, 5097 bps, 63.71%, Err 2303 (1.0e-004)
2891.777 .... 7190 packets received, 5094 bps, 63.68%, Err 2307 (1.0e-004)
2897.106 .... 7202 packets received, 5093 bps, 63.67%, Err 2311 (1.0e-004)
2900.031 .... 7213 packets received, 5096 bps, 63.70%, Err 2314 (1.0e-004)
2902.939 .... 7215 packets received, 5092 bps, 63.65%, Err 2315 (1.0e-004)
2905.047 .... 7217 packets received, 5090 bps, 63.62%, Err 2317 (1.0e-004)
2907.152 .... 7229 packets received, 5095 bps, 63.68%, Err 2319 (1.0e-004)
2909.548 .... 7232 packets received, 5093 bps, 63.66%, Err 2321 (1.0e-004)
2911.677 .... 7243 packets received, 5097 bps, 63.71%, Err 2322 (1.0e-004)
2913.773 .... 7250 packets received, 5098 bps, 63.72%, Err 2324 (1.0e-004)
2915.890 .... 7257 packets received, 5099 bps, 63.74%, Err 2328 (1.0e-004)
2920.668 .... 7260 packets received, 5093 bps, 63.66%, Err 2333 (1.0e-004)
2922.794 .... 7274 packets received, 5099 bps, 63.74%, Err 2336 (1.0e-004)
2924.898 .... 7278 packets received, 5098 bps, 63.73%, Err 2338 (1.0e-004)
2927.546 .... 7283 packets received, 5097 bps, 63.71%, Err 2344 (1.0e-004)
2930.982 .... 7289 packets received, 5095 bps, 63.69%, Err 2346 (1.0e-004)
2933.123 .... 7300 packets received, 5099 bps, 63.74%, Err 2347 (1.0e-004)
2936.031 .... 7307 packets received, 5099 bps, 63.74%, Err 2349 (1.0e-004)
2938.161 .... 7318 packets received, 5103 bps, 63.79%, Err 2350 (1.0e-004)
2941.336 .... 7321 packets received, 5099 bps, 63.74%, Err 2355 (1.0e-004)
2944.243 .... 7324 packets received, 5097 bps, 63.71%, Err 2356 (1.0e-004)
2947.677 .... 7330 packets received, 5095 bps, 63.68%, Err 2359 (1.0e-004)
2950.336 .... 7337 packets received, 5095 bps, 63.69%, Err 2360 (1.0e-004)
2954.833 .... 7344 packets received, 5092 bps, 63.65%, Err 2365 (1.0e-004)
2958.293 .... 7356 packets received, 5094 bps, 63.68%, Err 2367 (1.0e-004)
2963.340 .... 7362 packets received, 5090 bps, 63.62%, Err 2370 (1.0e-004)
2966.776 .... 7375 packets received, 5093 bps, 63.66%, Err 2371 (1.0e-004)
2971.020 .... 7378 packets received, 5088 bps, 63.60%, Err 2376 (1.0e-004)
2974.207 .... 7381 packets received, 5084 bps, 63.56%, Err 2379 (1.0e-004)
2977.131 .... 7392 packets received, 5087 bps, 63.59%, Err 2382 (1.0e-004)
2979.786 .... 7395 packets received, 5085 bps, 63.56%, Err 2385 (1.0e-004)
2982.395 .... 7405 packets received, 5087 bps, 63.59%, Err 2387 (1.0e-004)
2987.718 .... 7410 packets received, 5081 bps, 63.52%, Err 2393 (1.0e-004)
2990.878 .... 7423 packets received, 5085 bps, 63.56%, Err 2396 (1.0e-004)
2993.011 .... 7431 packets received, 5087 bps, 63.58%, Err 2396 (1.0e-004)
2996.460 .... 7439 packets received, 5086 bps, 63.58%, Err 2398 (1.0e-004)
2998.553 .... 7450 packets received, 5090 bps, 63.63%, Err 2398 (1.0e-004)
3000.685 .... 7457 packets received, 5091 bps, 63.64%, Err 2399 (1.0e-004)
3004.424 .... 7465 packets received, 5091 bps, 63.63%, Err 2402 (1.0e-004)
3007.569 .... 7474 packets received, 5091 bps, 63.64%, Err 2404 (1.0e-004)
3009.689 .... 7487 packets received, 5097 bps, 63.71%, Err 2404 (1.0e-004)
3012.090 .... 7494 packets received, 5097 bps, 63.72%, Err 2408 (1.0e-004)
3014.729 .... 7496 packets received, 5094 bps, 63.68%, Err 2411 (1.0e-004)
3016.840 .... 7497 packets received, 5091 bps, 63.64%, Err 2412 (1.0e-004)
3019.751 .... 7510 packets received, 5095 bps, 63.69%, Err 2415 (1.0e-004)
3022.689 .... 7516 packets received, 5094 bps, 63.68%, Err 2418 (1.0e-004)
3024.813 .... 7517 packets received, 5091 bps, 63.64%, Err 2419 (1.0e-004)
3030.336 .... 7528 packets received, 5090 bps, 63.62%, Err 2427 (1.0e-004)
3033.262 .... 7536 packets received, 5090 bps, 63.63%, Err 2427 (1.0e-004)
3035.396 .... 7548 packets received, 5095 bps, 63.68%, Err 2427 (1.0e-004)
3037.506 .... 7555 packets received, 5096 bps, 63.70%, Err 2428 (1.0e-004)
3042.006 .... 7559 packets received, 5091 bps, 63.64%, Err 2433 (1.0e-004)
3044.932 .... 7570 packets received, 5093 bps, 63.67%, Err 2434 (1.0e-004)
3047.047 .... 7577 packets received, 5095 bps, 63.68%, Err 2435 (1.0e-004)
3049.961 .... 7583 packets received, 5094 bps, 63.67%, Err 2436 (1.0e-004)
3052.071 .... 7595 packets received, 5098 bps, 63.73%, Err 2436 (1.0e-004)
3054.208 .... 7603 packets received, 5100 bps, 63.75%, Err 2436 (1.0e-004)
3056.603 .... 7607 packets received, 5099 bps, 63.74%, Err 2437 (1.0e-004)
3059.749 .... 7614 packets received, 5098 bps, 63.73%, Err 2440 (1.0e-004)
3061.894 .... 7617 packets received, 5097 bps, 63.71%, Err 2442 (1.0e-004)
3063.984 .... 7627 packets received, 5100 bps, 63.75%, Err 2442 (1.0e-004)
3066.369 .... 7631 packets received, 5099 bps, 63.73%, Err 2444 (1.0e-004)
3069.558 .... 7640 packets received, 5099 bps, 63.74%, Err 2448 (1.0e-004)
3072.475 .... 7645 packets received, 5098 bps, 63.72%, Err 2448 (1.0e-004)
3074.614 .... 7658 packets received, 5103 bps, 63.79%, Err 2449 (1.0e-004)
3079.348 .... 7662 packets received, 5098 bps, 63.72%, Err 2455 (1.0e-004)
3082.801 .... 7667 packets received, 5095 bps, 63.69%, Err 2459 (1.0e-004)
3085.709 .... 7676 packets received, 5097 bps, 63.71%, Err 2461 (1.0e-004)
3088.667 .... 7684 packets received, 5097 bps, 63.71%, Err 2463 (1.0e-004)
3091.032 .... 7688 packets received, 5096 bps, 63.70%, Err 2467 (1.0e-004)
3095.045 .... 7694 packets received, 5093 bps, 63.66%, Err 2469 (1.0e-004)
3098.201 .... 7699 packets received, 5091 bps, 63.64%, Err 2472 (1.0e-004)
3100.828 .... 7710 packets received, 5094 bps, 63.68%, Err 2472 (1.0e-004)
3103.783 .... 7715 packets received, 5093 bps, 63.66%, Err 2474 (1.0e-004)
3106.162 .... 7722 packets received, 5093 bps, 63.67%, Err 2475 (1.0e-004)
3110.687 .... 7730 packets received, 5091 bps, 63.64%, Err 2478 (1.0e-004)
3112.836 .... 7744 packets received, 5097 bps, 63.71%, Err 2480 (1.0e-004)
3115.705 .... 7749 packets received, 5095 bps, 63.69%, Err 2484 (1.0e-004)
3118.902 .... 7758 packets received, 5096 bps, 63.70%, Err 2487 (1.0e-004)
3122.099 .... 7764 packets received, 5095 bps, 63.69%, Err 2493 (1.0e-004)
3125.782 .... 7766 packets received, 5090 bps, 63.63%, Err 2496 (1.0e-004)
3128.965 .... 7771 packets received, 5088 bps, 63.60%, Err 2500 (1.0e-004)
3132.114 .... 7782 packets received, 5090 bps, 63.63%, Err 2501 (1.0e-004)
3134.230 .... 7793 packets received, 5094 bps, 63.68%, Err 2502 (1.0e-004)
3136.360 .... 7799 packets received, 5095 bps, 63.68%, Err 2503 (1.0e-004)
3138.461 .... 7807 packets received, 5096 bps, 63.70%, Err 2504 (1.0e-004)
3140.848 .... 7811 packets received, 5095 bps, 63.69%, Err 2505 (1.0e-004)
3143.256 .... 7819 packets received, 5096 bps, 63.70%, Err 2507 (1.0e-004)
3148.278 .... 7828 packets received, 5094 bps, 63.68%, Err 2512 (1.0e-004)
3151.190 .... 7830 packets received, 5091 bps, 63.63%, Err 2514 (1.0e-004)
3153.864 .... 7843 packets received, 5095 bps, 63.69%, Err 2516 (1.0e-004)
3157.010 .... 7852 packets received, 5096 bps, 63.69%, Err 2519 (1.0e-004)
3159.687 .... 7859 packets received, 5096 bps, 63.70%, Err 2521 (1.0e-004)
3162.573 .... 7869 packets received, 5098 bps, 63.72%, Err 2523 (1.0e-004)
3165.483 .... 7877 packets received, 5098 bps, 63.73%, Err 2526 (1.0e-004)
3167.629 .... 7878 packets received, 5095 bps, 63.69%, Err 2527 (1.0e-004)
3170.257 .... 7890 packets received, 5099 bps, 63.74%, Err 2530 (1.0e-004)
3172.886 .... 7892 packets received, 5096 bps, 63.70%, Err 2532 (1.0e-004)
3175.017 .... 7905 packets received, 5101 bps, 63.76%, Err 2534 (1.0e-004)
3177.920 .... 7911 packets received, 5100 bps, 63.75%, Err 2537 (1.0e-004)
3181.096 .... 7914 packets received, 5097 bps, 63.71%, Err 2540 (1.0e-004)
3183.218 .... 7925 packets received, 5101 bps, 63.76%, Err 2541 (1.0e-004)
3186.387 .... 7932 packets received, 5100 bps, 63.75%, Err 2544 (1.0e-004)
3189.050 .... 7938 packets received, 5100 bps, 63.75%, Err 2546 (1.0e-004)
3191.988 .... 7950 packets received, 5103 bps, 63.78%, Err 2547 (1.0e-004)
3194.109 .... 7961 packets received, 5106 bps, 63.83%, Err 2548 (1.0e-004)
3197.527 .... 7964 packets received, 5103 bps, 63.78%, Err 2550 (1.0e-004)
3200.954 .... 7972 packets received, 5102 bps, 63.78%, Err 2553 (1.0e-004)
3203.101 .... 7986 packets received, 5108 bps, 63.85%, Err 2554 (1.0e-004)
3205.230 .... 7994 packets received, 5110 bps, 63.87%, Err 2554 (1.0e-004)
3207.868 .... 8000 packets received, 5109 bps, 63.87%, Err 2558 (1.0e-004)
3210.508 .... 8004 packets received, 5108 bps, 63.85%, Err 2558 (1.0e-004)
3213.697 .... 8016 packets received, 5110 bps, 63.88%, Err 2560 (1.0e-004)
3217.130 .... 8027 packets received, 5112 bps, 63.90%, Err 2561 (1.0e-004)
